Calculate OQuare metrics  --ontology /home/jredondo/datos-jredondo/1-ontologySet/download/data.bioontology.org/ao-20170223-owl__asthma-v1.3.owl --outputFileXML /home/jredondo/datos-jredondo/2-metrics/data.bioontology.org/ao__oquare.xml --outputFileRDF /home/jredondo/datos-jredondo/2-metrics/data.bioontology.org/ao__oquare.ttl
Inferece options:
class assertions
class hierarchy
data property assertions
data property hierarchy
different individuals
disjoint classes
object property assertions
object property hierarchy
same individuals
Running Hermit reasoner
Classifying
Classifying time in 234 msec
Building Neo4j graph from ontology model...
Graph builded in 8452 msec
Number of nodes: 291
Number of relationships: 542
[1/253] Searching paths from leaves (maxDepth=6)...Oquare metrics calculated in 17474 msec.
Results in xml saved in: "/home/jredondo/datos-jredondo/2-metrics/data.bioontology.org/ao__oquare.xml".
Node=<https://purl.archive.org/oquo#NumberOfClassesMetricScale>
  Path=<http://purl.org/net/QualityModel#hasRankigFunction>
  Message: minCount[1]: Invalid cardinality: expected min 1: Got count = 0
Results in rdf saved in: "/home/jredondo/datos-jredondo/2-metrics/data.bioontology.org/ao__oquare.ttl".
Finish. Execution Time = 31974 msec
Calculate OQuare metrics  --ontology /home/jredondo/datos-jredondo/1-ontologySet/download/data.bioontology.org/pe-o-20160701-owl__pe-ontology-0.288.owl --outputFileXML /home/jredondo/datos-jredondo/2-metrics/data.bioontology.org/pe-o__oquare.xml --outputFileRDF /home/jredondo/datos-jredondo/2-metrics/data.bioontology.org/pe-o__oquare.ttl
Inferece options:
class assertions
class hierarchy
data property assertions
data property hierarchy
different individuals
disjoint classes
object property assertions
object property hierarchy
same individuals
Running Hermit reasoner
Classifying
The ontology has unsatisfiable classes so we stop the Oquare metrics calculation
	Unsatisfiable class: <http://www.pepathway.org/peo/1.2#Total_cholesterol:HDL_ratio_measurement>
	Unsatisfiable class: <http://www.pepathway.org/peo/1.2#Androgen_receptor_level>
	Unsatisfiable class: <http://www.pepathway.org/peo/1.2#Platelet_count>
	Unsatisfiable class: <http://www.pepathway.org/peo/1.2#Serum_lipid_levels_-_finding>
	Unsatisfiable class: <http://www.pepathway.org/peo/1.2#Serum_total_HCG_measurement>
	Unsatisfiable class: <http://www.pepathway.org/peo/1.2#Androgen_level>
	Unsatisfiable class: <http://www.pepathway.org/peo/1.2#Bilirubin_total_measurement>
	Unsatisfiable class: <http://www.pepathway.org/peo/1.2#Fibrinogen_measurement>
	Unsatisfiable class: <http://www.pepathway.org/peo/1.2#Blood_test>
	Unsatisfiable class: <http://www.pepathway.org/peo/1.2#Red_blood_cell_count>
	Unsatisfiable class: <http://www.pepathway.org/peo/1.2#Previous_induced_abortion>
	Unsatisfiable class: <http://www.pepathway.org/peo/1.2#Prothrombotic_state>
	Unsatisfiable class: <http://www.pepathway.org/peo/1.2#FGV_parcentage>
	Unsatisfiable class: owl:Nothing
	Unsatisfiable class: <http://www.pepathway.org/peo/1.2#Partial_Thromboplastin_Time>
	Unsatisfiable class: <http://www.pepathway.org/peo/1.2#Serum_testosterone_measurement>
	Unsatisfiable class: <http://www.pepathway.org/peo/1.2#sFlt1-PlGF_ratio>
	Unsatisfiable class: <http://www.pepathway.org/peo/1.2#Prothrombin_time>
	Unsatisfiable class: <http://www.pepathway.org/peo/1.2#Termination_of_pregnancy>
	Unsatisfiable class: <http://www.pepathway.org/peo/1.2#Whole_blood_folate_level_-_finding>
	Unsatisfiable class: <http://www.pepathway.org/peo/1.2#hCG-PlGF_ratio>
	Unsatisfiable class: <http://www.pepathway.org/peo/1.2#Total_cholesterol>
	Unsatisfiable class: <http://www.pepathway.org/peo/1.2#Estrogen_level>
um.owlapiextension.reasoning.ReasonerException: 23 unsatisfiable classes were found.
	at um.owlapiextension.reasoning.MyHermitReasoner.<init>(MyHermitReasoner.java:37)
	at um.owlapiextension.reasoning.MyReasonerFactory.createDefaultReasoner(MyReasonerFactory.java:16)
	at oquare.OquareBasicMetrics_OwlApi.<init>(OquareBasicMetrics_OwlApi.java:153)
	at oquare.OquareCharacteristicsAndSubcharacteristics.calculateOquareMetrics(OquareCharacteristicsAndSubcharacteristics.java:77)
	at oquare.OquareCharacteristicsAndSubcharacteristics.<init>(OquareCharacteristicsAndSubcharacteristics.java:63)
	at um.oquare.beans.OquareGen.createObject(OquareGen.java:51)
	at um.oquare.versions.tools.CalculateOquareMetrics.getOquareMetrics(CalculateOquareMetrics.java:19)
	at um.cmd.RunOquare.run(RunOquare.java:123)
	at um.cmd.RunOquare.main(RunOquare.java:42)
Error: "23 unsatisfiable classes were found.".
Finish. Execution Time = 3346 msec
Calculate OQuare metrics  --ontology /home/jredondo/datos-jredondo/1-ontologySet/download/data.bioontology.org/duo-20210223-owl__duo.owl --outputFileXML /home/jredondo/datos-jredondo/2-metrics/data.bioontology.org/duo__oquare.xml --outputFileRDF /home/jredondo/datos-jredondo/2-metrics/data.bioontology.org/duo__oquare.ttl
Inferece options:
class assertions
class hierarchy
data property assertions
data property hierarchy
different individuals
disjoint classes
object property assertions
object property hierarchy
same individuals
Running Hermit reasoner
Classifying
Classifying time in 1518 msec
Building Neo4j graph from ontology model...
Graph builded in 7728 msec
Number of nodes: 308
Number of relationships: 539
[1/231] Searching paths from leaves (maxDepth=24)...Oquare metrics calculated in 22219 msec.
Results in xml saved in: "/home/jredondo/datos-jredondo/2-metrics/data.bioontology.org/duo__oquare.xml".
Node=<https://purl.archive.org/oquo#NumberOfClassesMetricScale>
  Path=<http://purl.org/net/QualityModel#hasRankigFunction>
  Message: minCount[1]: Invalid cardinality: expected min 1: Got count = 0
Results in rdf saved in: "/home/jredondo/datos-jredondo/2-metrics/data.bioontology.org/duo__oquare.ttl".
Finish. Execution Time = 36972 msec
Calculate OQuare metrics  --ontology /home/jredondo/datos-jredondo/1-ontologySet/download/data.bioontology.org/birnlex-20080324-owl__BIRNLex.owl --outputFileXML /home/jredondo/datos-jredondo/2-metrics/data.bioontology.org/birnlex__oquare.xml --outputFileRDF /home/jredondo/datos-jredondo/2-metrics/data.bioontology.org/birnlex__oquare.ttl
Inferece options:
class assertions
class hierarchy
data property assertions
data property hierarchy
different individuals
disjoint classes
object property assertions
object property hierarchy
same individuals
Running Hermit reasoner
Classifying
Classifying time in 1280 msec
Building Neo4j graph from ontology model...
Graph builded in 53376 msec
Number of nodes: 3582
Number of relationships: 5942
[1/2362] Searching paths from leaves (maxDepth=82)...Last 1000 leaves path seaches finished in 13862 msec. NumberOfPaths: 1000, AggregatedOfPathLength: 12397Free mem./Max. mem.: 0.6158842394749324Last 1000 leaves path seaches finished in 7547 msec. NumberOfPaths: 2000, AggregatedOfPathLength: 25063Free mem./Max. mem.: 7.758707428971927Oquare metrics calculated in 83040 msec.
Results in xml saved in: "/home/jredondo/datos-jredondo/2-metrics/data.bioontology.org/birnlex__oquare.xml".
Node=<https://purl.archive.org/oquo#NumberOfClassesMetricScale>
  Path=<http://purl.org/net/QualityModel#hasRankigFunction>
  Message: minCount[1]: Invalid cardinality: expected min 1: Got count = 0
Results in rdf saved in: "/home/jredondo/datos-jredondo/2-metrics/data.bioontology.org/birnlex__oquare.ttl".
Finish. Execution Time = 97513 msec
Calculate OQuare metrics  --ontology /home/jredondo/datos-jredondo/1-ontologySet/download/data.bioontology.org/labo-20210219-owl__labo.owl --outputFileXML /home/jredondo/datos-jredondo/2-metrics/data.bioontology.org/labo__oquare.xml --outputFileRDF /home/jredondo/datos-jredondo/2-metrics/data.bioontology.org/labo__oquare.ttl
Inferece options:
class assertions
class hierarchy
data property assertions
data property hierarchy
different individuals
disjoint classes
object property assertions
object property hierarchy
same individuals
Running Hermit reasoner
java.lang.IllegalArgumentException: Non-simple property '<http://purl.obolibrary.org/obo/BFO_0000051>' or its inverse appears in the cardinality restriction 'ObjectMaxCardinality(1 <http://purl.obolibrary.org/obo/BFO_0000051> <http://purl.obolibrary.org/obo/OBI_0001616>)'.
	at org.semanticweb.HermiT.structural.ObjectPropertyInclusionManager.rewriteAxioms(ObjectPropertyInclusionManager.java:110)
	at org.semanticweb.HermiT.structural.OWLClausification.preprocessAndClausify(OWLClausification.java:150)
	at org.semanticweb.HermiT.Reasoner.loadOntology(Reasoner.java:221)
	at org.semanticweb.HermiT.Reasoner.<init>(Reasoner.java:212)
	at org.semanticweb.HermiT.Reasoner.<init>(Reasoner.java:175)
	at um.owlapiextension.reasoning.MyHermitReasoner.<init>(MyHermitReasoner.java:23)
	at um.owlapiextension.reasoning.MyReasonerFactory.createDefaultReasoner(MyReasonerFactory.java:16)
	at oquare.OquareBasicMetrics_OwlApi.<init>(OquareBasicMetrics_OwlApi.java:153)
	at oquare.OquareCharacteristicsAndSubcharacteristics.calculateOquareMetrics(OquareCharacteristicsAndSubcharacteristics.java:77)
	at oquare.OquareCharacteristicsAndSubcharacteristics.<init>(OquareCharacteristicsAndSubcharacteristics.java:63)
	at um.oquare.beans.OquareGen.createObject(OquareGen.java:51)
	at um.oquare.versions.tools.CalculateOquareMetrics.getOquareMetrics(CalculateOquareMetrics.java:19)
	at um.cmd.RunOquare.run(RunOquare.java:123)
	at um.cmd.RunOquare.main(RunOquare.java:42)
Error: "Non-simple property '<http://purl.obolibrary.org/obo/BFO_0000051>' or its inverse appears in the cardinality restriction 'ObjectMaxCardinality(1 <http://purl.obolibrary.org/obo/BFO_0000051> <http://purl.obolibrary.org/obo/OBI_0001616>)'.".
Finish. Execution Time = 1508 msec
Calculate OQuare metrics  --ontology /home/jredondo/datos-jredondo/1-ontologySet/download/data.bioontology.org/mio-20230221-owl__MIO-20230404.owl --outputFileXML /home/jredondo/datos-jredondo/2-metrics/data.bioontology.org/mio__oquare.xml --outputFileRDF /home/jredondo/datos-jredondo/2-metrics/data.bioontology.org/mio__oquare.ttl
Inferece options:
class assertions
class hierarchy
data property assertions
data property hierarchy
different individuals
disjoint classes
object property assertions
object property hierarchy
same individuals
Running Hermit reasoner
Classifying
Classifying time in 16653 msec
Building Neo4j graph from ontology model...
Graph builded in 45621 msec
Number of nodes: 3089
Number of relationships: 5828
[1/2246] Searching paths from leaves (maxDepth=40)...Last 1000 leaves path seaches finished in 12977 msec. NumberOfPaths: 1676, AggregatedOfPathLength: 12009Free mem./Max. mem.: 1.2108818938334784Last 1000 leaves path seaches finished in 7151 msec. NumberOfPaths: 3435, AggregatedOfPathLength: 24473Free mem./Max. mem.: 3.2506716748078666Oquare metrics calculated in 88378 msec.
Results in xml saved in: "/home/jredondo/datos-jredondo/2-metrics/data.bioontology.org/mio__oquare.xml".
Node=<https://purl.archive.org/oquo#NumberOfClassesMetricScale>
  Path=<http://purl.org/net/QualityModel#hasRankigFunction>
  Message: minCount[1]: Invalid cardinality: expected min 1: Got count = 0
Results in rdf saved in: "/home/jredondo/datos-jredondo/2-metrics/data.bioontology.org/mio__oquare.ttl".
Finish. Execution Time = 103606 msec
Calculate OQuare metrics  --ontology /home/jredondo/datos-jredondo/1-ontologySet/download/data.bioontology.org/hom-20220112-owl__hom.owl --outputFileXML /home/jredondo/datos-jredondo/2-metrics/data.bioontology.org/hom__oquare.xml --outputFileRDF /home/jredondo/datos-jredondo/2-metrics/data.bioontology.org/hom__oquare.ttl
Inferece options:
class assertions
class hierarchy
data property assertions
data property hierarchy
different individuals
disjoint classes
object property assertions
object property hierarchy
same individuals
Running Hermit reasoner
Classifying
Classifying time in 137 msec
Building Neo4j graph from ontology model...
Graph builded in 3534 msec
Number of nodes: 68
Number of relationships: 115
[1/38] Searching paths from leaves (maxDepth=12)...Oquare metrics calculated in 8783 msec.
Results in xml saved in: "/home/jredondo/datos-jredondo/2-metrics/data.bioontology.org/hom__oquare.xml".
Node=<https://purl.archive.org/oquo#NumberOfClassesMetricScale>
  Path=<http://purl.org/net/QualityModel#hasRankigFunction>
  Message: minCount[1]: Invalid cardinality: expected min 1: Got count = 0
Results in rdf saved in: "/home/jredondo/datos-jredondo/2-metrics/data.bioontology.org/hom__oquare.ttl".
Finish. Execution Time = 22401 msec
Calculate OQuare metrics  --ontology /home/jredondo/datos-jredondo/1-ontologySet/download/data.bioontology.org/mesh-20240131-umls__MESH.ttl --outputFileXML /home/jredondo/datos-jredondo/2-metrics/data.bioontology.org/mesh__oquare.xml --outputFileRDF /home/jredondo/datos-jredondo/2-metrics/data.bioontology.org/mesh__oquare.ttl
java.lang.NullPointerException: Cannot invoke "org.semanticweb.owlapi.model.OWLOntology.getOntologyID()" because "ontology" is null
	at um.cmd.RunOquare.getOntologyIRI(RunOquare.java:218)
	at um.cmd.RunOquare.getOvdi(RunOquare.java:186)
	at um.cmd.RunOquare.run(RunOquare.java:112)
	at um.cmd.RunOquare.main(RunOquare.java:42)
Error: "Cannot invoke "org.semanticweb.owlapi.model.OWLOntology.getOntologyID()" because "ontology" is null".
Finish. Execution Time = 3576 msec
Calculate OQuare metrics  --ontology /home/jredondo/datos-jredondo/1-ontologySet/download/data.bioontology.org/aba-amb-20090808-owl__ABA.owl --outputFileXML /home/jredondo/datos-jredondo/2-metrics/data.bioontology.org/aba-amb__oquare.xml --outputFileRDF /home/jredondo/datos-jredondo/2-metrics/data.bioontology.org/aba-amb__oquare.ttl
Inferece options:
class assertions
class hierarchy
data property assertions
data property hierarchy
different individuals
disjoint classes
object property assertions
object property hierarchy
same individuals
Running Hermit reasoner
Classifying
Classifying time in 445 msec
Building Neo4j graph from ontology model...
Graph builded in 17579 msec
Number of nodes: 915
Number of relationships: 1628
[1/715] Searching paths from leaves (maxDepth=20)...Oquare metrics calculated in 32403 msec.
Results in xml saved in: "/home/jredondo/datos-jredondo/2-metrics/data.bioontology.org/aba-amb__oquare.xml".
Node=<https://purl.archive.org/oquo#NumberOfClassesMetricScale>
  Path=<http://purl.org/net/QualityModel#hasRankigFunction>
  Message: minCount[1]: Invalid cardinality: expected min 1: Got count = 0
Results in rdf saved in: "/home/jredondo/datos-jredondo/2-metrics/data.bioontology.org/aba-amb__oquare.ttl".
Finish. Execution Time = 48335 msec
Calculate OQuare metrics  --ontology /home/jredondo/datos-jredondo/1-ontologySet/download/data.bioontology.org/omv-20170125-owl__OMV-v2.4.1.owl --outputFileXML /home/jredondo/datos-jredondo/2-metrics/data.bioontology.org/omv__oquare.xml --outputFileRDF /home/jredondo/datos-jredondo/2-metrics/data.bioontology.org/omv__oquare.ttl
Inferece options:
class assertions
class hierarchy
data property assertions
data property hierarchy
different individuals
disjoint classes
object property assertions
object property hierarchy
same individuals
Running Hermit reasoner
Classifying
Classifying time in 370 msec
Building Neo4j graph from ontology model...
Graph builded in 2112 msec
Number of nodes: 17
Number of relationships: 29
[1/14] Searching paths from leaves (maxDepth=6)...Oquare metrics calculated in 7491 msec.
Results in xml saved in: "/home/jredondo/datos-jredondo/2-metrics/data.bioontology.org/omv__oquare.xml".
Node=<https://purl.archive.org/oquo#NumberOfClassesMetricScale>
  Path=<http://purl.org/net/QualityModel#hasRankigFunction>
  Message: minCount[1]: Invalid cardinality: expected min 1: Got count = 0
Results in rdf saved in: "/home/jredondo/datos-jredondo/2-metrics/data.bioontology.org/omv__oquare.ttl".
Finish. Execution Time = 21360 msec
Calculate OQuare metrics  --ontology /home/jredondo/datos-jredondo/1-ontologySet/download/data.bioontology.org/peao-20190208-owl__PlantExperimentalAssayOntology.owl --outputFileXML /home/jredondo/datos-jredondo/2-metrics/data.bioontology.org/peao__oquare.xml --outputFileRDF /home/jredondo/datos-jredondo/2-metrics/data.bioontology.org/peao__oquare.ttl
Inferece options:
class assertions
class hierarchy
data property assertions
data property hierarchy
different individuals
disjoint classes
object property assertions
object property hierarchy
same individuals
Running Hermit reasoner
Classifying
Classifying time in 958 msec
Building Neo4j graph from ontology model...
Graph builded in 34762 msec
Number of nodes: 2299
Number of relationships: 4257
[1/1660] Searching paths from leaves (maxDepth=12)...Last 1000 leaves path seaches finished in 14461 msec. NumberOfPaths: 1547, AggregatedOfPathLength: 8102Free mem./Max. mem.: 6.833682395517826Oquare metrics calculated in 62737 msec.
Results in xml saved in: "/home/jredondo/datos-jredondo/2-metrics/data.bioontology.org/peao__oquare.xml".
Node=<https://purl.archive.org/oquo#NumberOfClassesMetricScale>
  Path=<http://purl.org/net/QualityModel#hasRankigFunction>
  Message: minCount[1]: Invalid cardinality: expected min 1: Got count = 0
Results in rdf saved in: "/home/jredondo/datos-jredondo/2-metrics/data.bioontology.org/peao__oquare.ttl".
Finish. Execution Time = 77535 msec
Calculate OQuare metrics  --ontology /home/jredondo/datos-jredondo/1-ontologySet/download/data.bioontology.org/fast-event-skos-20170830-skos__eventtest.rdf --outputFileXML /home/jredondo/datos-jredondo/2-metrics/data.bioontology.org/fast-event-skos__oquare.xml --outputFileRDF /home/jredondo/datos-jredondo/2-metrics/data.bioontology.org/fast-event-skos__oquare.ttl
Inferece options:
class assertions
class hierarchy
data property assertions
data property hierarchy
different individuals
disjoint classes
object property assertions
object property hierarchy
same individuals
Running Hermit reasoner
Classifying
Classifying time in 656 msec
Building Neo4j graph from ontology model...
Graph builded in 1782 msec
Number of nodes: 6
Number of relationships: 8
[1/4] Searching paths from leaves (maxDepth=2)...Oquare metrics calculated in 11903 msec.
Results in xml saved in: "/home/jredondo/datos-jredondo/2-metrics/data.bioontology.org/fast-event-skos__oquare.xml".
Node=<https://purl.archive.org/oquo#NumberOfClassesMetricScale>
  Path=<http://purl.org/net/QualityModel#hasRankigFunction>
  Message: minCount[1]: Invalid cardinality: expected min 1: Got count = 0
Results in rdf saved in: "/home/jredondo/datos-jredondo/2-metrics/data.bioontology.org/fast-event-skos__oquare.ttl".
Finish. Execution Time = 29877 msec
Calculate OQuare metrics  --ontology /home/jredondo/datos-jredondo/1-ontologySet/download/data.bioontology.org/ddpheno-20231214-obo__dicty-phenotypes.obo --outputFileXML /home/jredondo/datos-jredondo/2-metrics/data.bioontology.org/ddpheno__oquare.xml --outputFileRDF /home/jredondo/datos-jredondo/2-metrics/data.bioontology.org/ddpheno__oquare.ttl
Inferece options:
class assertions
class hierarchy
data property assertions
data property hierarchy
different individuals
disjoint classes
object property assertions
object property hierarchy
same individuals
Running Hermit reasoner
Classifying
Classifying time in 354 msec
Building Neo4j graph from ontology model...
Graph builded in 22742 msec
Number of nodes: 1262
Number of relationships: 2351
[1/901] Searching paths from leaves (maxDepth=22)...Oquare metrics calculated in 39255 msec.
Results in xml saved in: "/home/jredondo/datos-jredondo/2-metrics/data.bioontology.org/ddpheno__oquare.xml".
Node=<https://purl.archive.org/oquo#NumberOfClassesMetricScale>
  Path=<http://purl.org/net/QualityModel#hasRankigFunction>
  Message: minCount[1]: Invalid cardinality: expected min 1: Got count = 0
Results in rdf saved in: "/home/jredondo/datos-jredondo/2-metrics/data.bioontology.org/ddpheno__oquare.ttl".
Finish. Execution Time = 56819 msec
Calculate OQuare metrics  --ontology /home/jredondo/datos-jredondo/1-ontologySet/download/data.bioontology.org/ornaseq-20190904-owl__ornaseq.owl --outputFileXML /home/jredondo/datos-jredondo/2-metrics/data.bioontology.org/ornaseq__oquare.xml --outputFileRDF /home/jredondo/datos-jredondo/2-metrics/data.bioontology.org/ornaseq__oquare.ttl
Inferece options:
class assertions
class hierarchy
data property assertions
data property hierarchy
different individuals
disjoint classes
object property assertions
object property hierarchy
same individuals
Running Hermit reasoner
Classifying
Classifying time in 192 msec
Building Neo4j graph from ontology model...
Graph builded in 5593 msec
Number of nodes: 165
Number of relationships: 251
[1/88] Searching paths from leaves (maxDepth=24)...Oquare metrics calculated in 12024 msec.
Results in xml saved in: "/home/jredondo/datos-jredondo/2-metrics/data.bioontology.org/ornaseq__oquare.xml".
Node=<https://purl.archive.org/oquo#NumberOfClassesMetricScale>
  Path=<http://purl.org/net/QualityModel#hasRankigFunction>
  Message: minCount[1]: Invalid cardinality: expected min 1: Got count = 0
Results in rdf saved in: "/home/jredondo/datos-jredondo/2-metrics/data.bioontology.org/ornaseq__oquare.ttl".
Finish. Execution Time = 26337 msec
Calculate OQuare metrics  --ontology /home/jredondo/datos-jredondo/1-ontologySet/download/data.bioontology.org/ciinteado-20160728-obo__ciinteado.obo --outputFileXML /home/jredondo/datos-jredondo/2-metrics/data.bioontology.org/ciinteado__oquare.xml --outputFileRDF /home/jredondo/datos-jredondo/2-metrics/data.bioontology.org/ciinteado__oquare.ttl
Inferece options:
class assertions
class hierarchy
data property assertions
data property hierarchy
different individuals
disjoint classes
object property assertions
object property hierarchy
same individuals
Running Hermit reasoner
Classifying
Classifying time in 348 msec
Building Neo4j graph from ontology model...
Graph builded in 18721 msec
Number of nodes: 882
Number of relationships: 1751
[1/871] Searching paths from leaves (maxDepth=6)...Oquare metrics calculated in 34615 msec.
Results in xml saved in: "/home/jredondo/datos-jredondo/2-metrics/data.bioontology.org/ciinteado__oquare.xml".
Node=<https://purl.archive.org/oquo#NumberOfClassesMetricScale>
  Path=<http://purl.org/net/QualityModel#hasRankigFunction>
  Message: minCount[1]: Invalid cardinality: expected min 1: Got count = 0
Results in rdf saved in: "/home/jredondo/datos-jredondo/2-metrics/data.bioontology.org/ciinteado__oquare.ttl".
Finish. Execution Time = 49719 msec
Calculate OQuare metrics  --ontology /home/jredondo/datos-jredondo/1-ontologySet/download/data.bioontology.org/dcterms-20170713-skos__dcterms.rdf --outputFileXML /home/jredondo/datos-jredondo/2-metrics/data.bioontology.org/dcterms__oquare.xml --outputFileRDF /home/jredondo/datos-jredondo/2-metrics/data.bioontology.org/dcterms__oquare.ttl
Inferece options:
class assertions
class hierarchy
data property assertions
data property hierarchy
different individuals
disjoint classes
object property assertions
object property hierarchy
same individuals
Running Hermit reasoner
Classifying
Classifying time in 162 msec
Building Neo4j graph from ontology model...
Graph builded in 2637 msec
Number of nodes: 26
Number of relationships: 43
[1/19] Searching paths from leaves (maxDepth=6)...Oquare metrics calculated in 7324 msec.
Results in xml saved in: "/home/jredondo/datos-jredondo/2-metrics/data.bioontology.org/dcterms__oquare.xml".
Node=<https://purl.archive.org/oquo#NumberOfClassesMetricScale>
  Path=<http://purl.org/net/QualityModel#hasRankigFunction>
  Message: minCount[1]: Invalid cardinality: expected min 1: Got count = 0
Results in rdf saved in: "/home/jredondo/datos-jredondo/2-metrics/data.bioontology.org/dcterms__oquare.ttl".
Finish. Execution Time = 21602 msec
Calculate OQuare metrics  --ontology /home/jredondo/datos-jredondo/1-ontologySet/download/data.bioontology.org/sse-20130717-owl__sse-p.owl --outputFileXML /home/jredondo/datos-jredondo/2-metrics/data.bioontology.org/sse__oquare.xml --outputFileRDF /home/jredondo/datos-jredondo/2-metrics/data.bioontology.org/sse__oquare.ttl
Inferece options:
class assertions
class hierarchy
data property assertions
data property hierarchy
different individuals
disjoint classes
object property assertions
object property hierarchy
same individuals
Running Hermit reasoner
Classifying
Classifying time in 5536 msec
Building Neo4j graph from ontology model...
Graph builded in 6680 msec
Number of nodes: 245
Number of relationships: 469
[1/226] Searching paths from leaves (maxDepth=6)...Oquare metrics calculated in 23716 msec.
Results in xml saved in: "/home/jredondo/datos-jredondo/2-metrics/data.bioontology.org/sse__oquare.xml".
Node=<https://purl.archive.org/oquo#NumberOfClassesMetricScale>
  Path=<http://purl.org/net/QualityModel#hasRankigFunction>
  Message: minCount[1]: Invalid cardinality: expected min 1: Got count = 0
Results in rdf saved in: "/home/jredondo/datos-jredondo/2-metrics/data.bioontology.org/sse__oquare.ttl".
Finish. Execution Time = 39977 msec
Calculate OQuare metrics  --ontology /home/jredondo/datos-jredondo/1-ontologySet/download/data.bioontology.org/sepio-20230629-owl__sepio.owl --outputFileXML /home/jredondo/datos-jredondo/2-metrics/data.bioontology.org/sepio__oquare.xml --outputFileRDF /home/jredondo/datos-jredondo/2-metrics/data.bioontology.org/sepio__oquare.ttl
Inferece options:
class assertions
class hierarchy
data property assertions
data property hierarchy
different individuals
disjoint classes
object property assertions
object property hierarchy
same individuals
Running Hermit reasoner
Classifying
The ontology has unsatisfiable classes so we stop the Oquare metrics calculation
	Unsatisfiable class: <http://www.w3.org/ns/prov#SoftwareAgent>
	Unsatisfiable class: owl:Nothing
um.owlapiextension.reasoning.ReasonerException: 2 unsatisfiable classes were found.
	at um.owlapiextension.reasoning.MyHermitReasoner.<init>(MyHermitReasoner.java:37)
	at um.owlapiextension.reasoning.MyReasonerFactory.createDefaultReasoner(MyReasonerFactory.java:16)
	at oquare.OquareBasicMetrics_OwlApi.<init>(OquareBasicMetrics_OwlApi.java:153)
	at oquare.OquareCharacteristicsAndSubcharacteristics.calculateOquareMetrics(OquareCharacteristicsAndSubcharacteristics.java:77)
	at oquare.OquareCharacteristicsAndSubcharacteristics.<init>(OquareCharacteristicsAndSubcharacteristics.java:63)
	at um.oquare.beans.OquareGen.createObject(OquareGen.java:51)
	at um.oquare.versions.tools.CalculateOquareMetrics.getOquareMetrics(CalculateOquareMetrics.java:19)
	at um.cmd.RunOquare.run(RunOquare.java:123)
	at um.cmd.RunOquare.main(RunOquare.java:42)
Error: "2 unsatisfiable classes were found.".
Finish. Execution Time = 2077343 msec
Calculate OQuare metrics  --ontology /home/jredondo/datos-jredondo/1-ontologySet/download/data.bioontology.org/rdfs-20200507-owl__rdf-schema.owl --outputFileXML /home/jredondo/datos-jredondo/2-metrics/data.bioontology.org/rdfs__oquare.xml --outputFileRDF /home/jredondo/datos-jredondo/2-metrics/data.bioontology.org/rdfs__oquare.ttl
Inferece options:
class assertions
class hierarchy
data property assertions
data property hierarchy
different individuals
disjoint classes
object property assertions
object property hierarchy
same individuals
Running Hermit reasoner
Classifying
Classifying time in 45 msec
Building Neo4j graph from ontology model...
Graph builded in 1887 msec
Number of nodes: 9
Number of relationships: 11
[1/4] Searching paths from leaves (maxDepth=6)...Oquare metrics calculated in 5475 msec.
Results in xml saved in: "/home/jredondo/datos-jredondo/2-metrics/data.bioontology.org/rdfs__oquare.xml".
Node=<https://purl.archive.org/oquo#NumberOfClassesMetricScale>
  Path=<http://purl.org/net/QualityModel#hasRankigFunction>
  Message: minCount[1]: Invalid cardinality: expected min 1: Got count = 0
Results in rdf saved in: "/home/jredondo/datos-jredondo/2-metrics/data.bioontology.org/rdfs__oquare.ttl".
Finish. Execution Time = 21577 msec
Calculate OQuare metrics  --ontology /home/jredondo/datos-jredondo/1-ontologySet/download/data.bioontology.org/mmo-20230710-obo__measurement-method.obo --outputFileXML /home/jredondo/datos-jredondo/2-metrics/data.bioontology.org/mmo__oquare.xml --outputFileRDF /home/jredondo/datos-jredondo/2-metrics/data.bioontology.org/mmo__oquare.ttl
Inferece options:
class assertions
class hierarchy
data property assertions
data property hierarchy
different individuals
disjoint classes
object property assertions
object property hierarchy
same individuals
Running Hermit reasoner
Classifying
Classifying time in 340 msec
Building Neo4j graph from ontology model...
Graph builded in 15922 msec
Number of nodes: 852
Number of relationships: 1455
[1/477] Searching paths from leaves (maxDepth=24)...Oquare metrics calculated in 27536 msec.
Results in xml saved in: "/home/jredondo/datos-jredondo/2-metrics/data.bioontology.org/mmo__oquare.xml".
Node=<https://purl.archive.org/oquo#NumberOfClassesMetricScale>
  Path=<http://purl.org/net/QualityModel#hasRankigFunction>
  Message: minCount[1]: Invalid cardinality: expected min 1: Got count = 0
Results in rdf saved in: "/home/jredondo/datos-jredondo/2-metrics/data.bioontology.org/mmo__oquare.ttl".
Finish. Execution Time = 41443 msec
Calculate OQuare metrics  --ontology /home/jredondo/datos-jredondo/1-ontologySet/download/data.bioontology.org/mosaic-20210910-owl__MOSAIC.owl --outputFileXML /home/jredondo/datos-jredondo/2-metrics/data.bioontology.org/mosaic__oquare.xml --outputFileRDF /home/jredondo/datos-jredondo/2-metrics/data.bioontology.org/mosaic__oquare.ttl
Inferece options:
class assertions
class hierarchy
data property assertions
data property hierarchy
different individuals
disjoint classes
object property assertions
object property hierarchy
same individuals
Running Hermit reasoner
org.semanticweb.HermiT.datatypes.UnsupportedDatatypeException: HermiT supports all and only the datatypes of the OWL 2 datatype map, see 
http://www.w3.org/TR/owl2-syntax/#Datatype_Maps. 
The datatype 'http://www.w3.org/2001/XMLSchema#duration' is not part of the OWL 2 datatype map and 
no custom datatype definition is given; 
therefore, HermiT cannot handle this datatype.
	at org.semanticweb.HermiT.datatypes.DatatypeRegistry.getDatatypeHandlerFor(DatatypeRegistry.java:76)
	at org.semanticweb.HermiT.datatypes.DatatypeRegistry.getDatatypeHandlerFor(DatatypeRegistry.java:82)
	at org.semanticweb.HermiT.datatypes.DatatypeRegistry.validateDatatypeRestriction(DatatypeRegistry.java:101)
	at org.semanticweb.HermiT.structural.OWLClausification$DataRangeConverter.visit(OWLClausification.java:776)
	at uk.ac.manchester.cs.owl.owlapi.OWLDatatypeImpl.accept(OWLDatatypeImpl.java:320)
	at org.semanticweb.HermiT.structural.OWLClausification$DataRangeConverter.convertDataRange(OWLClausification.java:763)
	at org.semanticweb.HermiT.structural.OWLClausification$NormalizedAxiomClausifier.visit(OWLClausification.java:608)
	at uk.ac.manchester.cs.owl.owlapi.OWLDataAllValuesFromImpl.accept(OWLDataAllValuesFromImpl.java:94)
	at org.semanticweb.HermiT.structural.OWLClausification.clausify(OWLClausification.java:216)
	at org.semanticweb.HermiT.structural.OWLClausification.preprocessAndClausify(OWLClausification.java:154)
	at org.semanticweb.HermiT.Reasoner.loadOntology(Reasoner.java:221)
	at org.semanticweb.HermiT.Reasoner.<init>(Reasoner.java:212)
	at org.semanticweb.HermiT.Reasoner.<init>(Reasoner.java:175)
	at um.owlapiextension.reasoning.MyHermitReasoner.<init>(MyHermitReasoner.java:23)
	at um.owlapiextension.reasoning.MyReasonerFactory.createDefaultReasoner(MyReasonerFactory.java:16)
	at oquare.OquareBasicMetrics_OwlApi.<init>(OquareBasicMetrics_OwlApi.java:153)
	at oquare.OquareCharacteristicsAndSubcharacteristics.calculateOquareMetrics(OquareCharacteristicsAndSubcharacteristics.java:77)
	at oquare.OquareCharacteristicsAndSubcharacteristics.<init>(OquareCharacteristicsAndSubcharacteristics.java:63)
	at um.oquare.beans.OquareGen.createObject(OquareGen.java:51)
	at um.oquare.versions.tools.CalculateOquareMetrics.getOquareMetrics(CalculateOquareMetrics.java:19)
	at um.cmd.RunOquare.run(RunOquare.java:123)
	at um.cmd.RunOquare.main(RunOquare.java:42)
Error: "HermiT supports all and only the datatypes of the OWL 2 datatype map, see 
http://www.w3.org/TR/owl2-syntax/#Datatype_Maps. 
The datatype 'http://www.w3.org/2001/XMLSchema#duration' is not part of the OWL 2 datatype map and 
no custom datatype definition is given; 
therefore, HermiT cannot handle this datatype.".
Finish. Execution Time = 4488 msec
Calculate OQuare metrics  --ontology /home/jredondo/datos-jredondo/1-ontologySet/download/data.bioontology.org/omp-20240325-owl__omp.owl --outputFileXML /home/jredondo/datos-jredondo/2-metrics/data.bioontology.org/omp__oquare.xml --outputFileRDF /home/jredondo/datos-jredondo/2-metrics/data.bioontology.org/omp__oquare.ttl
Inferece options:
class assertions
class hierarchy
data property assertions
data property hierarchy
different individuals
disjoint classes
object property assertions
object property hierarchy
same individuals
Running Hermit reasoner
Classifying
Classifying time in 930 msec
Building Neo4j graph from ontology model...
Graph builded in 35063 msec
Number of nodes: 2311
Number of relationships: 3944
[1/1148] Searching paths from leaves (maxDepth=20)...Last 1000 leaves path seaches finished in 13868 msec. NumberOfPaths: 3596, AggregatedOfPathLength: 25373Free mem./Max. mem.: 6.717098628481229Oquare metrics calculated in 55836 msec.
Results in xml saved in: "/home/jredondo/datos-jredondo/2-metrics/data.bioontology.org/omp__oquare.xml".
Node=<https://purl.archive.org/oquo#NumberOfClassesMetricScale>
  Path=<http://purl.org/net/QualityModel#hasRankigFunction>
  Message: minCount[1]: Invalid cardinality: expected min 1: Got count = 0
Results in rdf saved in: "/home/jredondo/datos-jredondo/2-metrics/data.bioontology.org/omp__oquare.ttl".
Finish. Execution Time = 72683 msec
Calculate OQuare metrics  --ontology /home/jredondo/datos-jredondo/1-ontologySet/download/data.bioontology.org/bipon-20171108-owl__BiPON.owl --outputFileXML /home/jredondo/datos-jredondo/2-metrics/data.bioontology.org/bipon__oquare.xml --outputFileRDF /home/jredondo/datos-jredondo/2-metrics/data.bioontology.org/bipon__oquare.ttl
Inferece options:
class assertions
class hierarchy
data property assertions
data property hierarchy
different individuals
disjoint classes
object property assertions
object property hierarchy
same individuals
Running Hermit reasoner
Classifying
