Calculate OQuare metrics  --ontology /home/jredondo/datos-jredondo/1-ontologySet/download/data.ecoportal.lifewatch.eu/euroscivoc-20211217-skos__EuroSciVoc-skos-ap-eu.rdf --outputFileXML /home/jredondo/datos-jredondo/2-metrics/data.ecoportal.lifewatch.eu/euroscivoc__oquare.xml --outputFileRDF /home/jredondo/datos-jredondo/2-metrics/data.ecoportal.lifewatch.eu/euroscivoc__oquare.ttl
Inferece options:
class assertions
class hierarchy
data property assertions
data property hierarchy
different individuals
disjoint classes
object property assertions
object property hierarchy
same individuals
Running Hermit reasoner
Classifying
Classifying time in 348 msec
Building Neo4j graph from ontology model...
Graph builded in 1785 msec
Number of nodes: 6
Number of relationships: 8
[1/4] Searching paths from leaves (maxDepth=2)...Oquare metrics calculated in 9008 msec.
Results in xml saved in: "/home/jredondo/datos-jredondo/2-metrics/data.ecoportal.lifewatch.eu/euroscivoc__oquare.xml".
Node=<https://purl.archive.org/oquo#NumberOfClassesMetricScale>
  Path=<http://purl.org/net/QualityModel#hasRankigFunction>
  Message: minCount[1]: Invalid cardinality: expected min 1: Got count = 0
Results in rdf saved in: "/home/jredondo/datos-jredondo/2-metrics/data.ecoportal.lifewatch.eu/euroscivoc__oquare.ttl".
Finish. Execution Time = 21627 msec
Calculate OQuare metrics  --ontology /home/jredondo/datos-jredondo/1-ontologySet/download/data.ecoportal.lifewatch.eu/i-adopt-20231106-owl__i-adopt.ttl --outputFileXML /home/jredondo/datos-jredondo/2-metrics/data.ecoportal.lifewatch.eu/i-adopt__oquare.xml --outputFileRDF /home/jredondo/datos-jredondo/2-metrics/data.ecoportal.lifewatch.eu/i-adopt__oquare.ttl
Inferece options:
class assertions
class hierarchy
data property assertions
data property hierarchy
different individuals
disjoint classes
object property assertions
object property hierarchy
same individuals
Running Hermit reasoner
Classifying
Classifying time in 54 msec
Building Neo4j graph from ontology model...
Graph builded in 1829 msec
Number of nodes: 7
Number of relationships: 10
[1/5] Searching paths from leaves (maxDepth=2)...Oquare metrics calculated in 5350 msec.
Results in xml saved in: "/home/jredondo/datos-jredondo/2-metrics/data.ecoportal.lifewatch.eu/i-adopt__oquare.xml".
Node=<https://purl.archive.org/oquo#NumberOfClassesMetricScale>
  Path=<http://purl.org/net/QualityModel#hasRankigFunction>
  Message: minCount[1]: Invalid cardinality: expected min 1: Got count = 0
Results in rdf saved in: "/home/jredondo/datos-jredondo/2-metrics/data.ecoportal.lifewatch.eu/i-adopt__oquare.ttl".
Finish. Execution Time = 17701 msec
Calculate OQuare metrics  --ontology /home/jredondo/datos-jredondo/1-ontologySet/download/data.ecoportal.lifewatch.eu/cpmeta-20240209-owl__cpmeta.owl --outputFileXML /home/jredondo/datos-jredondo/2-metrics/data.ecoportal.lifewatch.eu/cpmeta__oquare.xml --outputFileRDF /home/jredondo/datos-jredondo/2-metrics/data.ecoportal.lifewatch.eu/cpmeta__oquare.ttl
Inferece options:
class assertions
class hierarchy
data property assertions
data property hierarchy
different individuals
disjoint classes
object property assertions
object property hierarchy
same individuals
Running Hermit reasoner
org.semanticweb.HermiT.datatypes.UnsupportedDatatypeException: HermiT supports all and only the datatypes of the OWL 2 datatype map, see 
http://www.w3.org/TR/owl2-syntax/#Datatype_Maps. 
The datatype 'http://www.w3.org/2001/XMLSchema#date' is not part of the OWL 2 datatype map and 
no custom datatype definition is given; 
therefore, HermiT cannot handle this datatype.
	at org.semanticweb.HermiT.datatypes.DatatypeRegistry.getDatatypeHandlerFor(DatatypeRegistry.java:76)
	at org.semanticweb.HermiT.datatypes.DatatypeRegistry.getDatatypeHandlerFor(DatatypeRegistry.java:82)
	at org.semanticweb.HermiT.datatypes.DatatypeRegistry.validateDatatypeRestriction(DatatypeRegistry.java:101)
	at org.semanticweb.HermiT.structural.OWLClausification$DataRangeConverter.visit(OWLClausification.java:776)
	at uk.ac.manchester.cs.owl.owlapi.OWLDatatypeImpl.accept(OWLDatatypeImpl.java:320)
	at org.semanticweb.HermiT.structural.OWLClausification$DataRangeConverter.convertDataRange(OWLClausification.java:763)
	at org.semanticweb.HermiT.structural.OWLClausification$NormalizedAxiomClausifier.visit(OWLClausification.java:608)
	at uk.ac.manchester.cs.owl.owlapi.OWLDataAllValuesFromImpl.accept(OWLDataAllValuesFromImpl.java:94)
	at org.semanticweb.HermiT.structural.OWLClausification.clausify(OWLClausification.java:216)
	at org.semanticweb.HermiT.structural.OWLClausification.preprocessAndClausify(OWLClausification.java:154)
	at org.semanticweb.HermiT.Reasoner.loadOntology(Reasoner.java:221)
	at org.semanticweb.HermiT.Reasoner.<init>(Reasoner.java:212)
	at org.semanticweb.HermiT.Reasoner.<init>(Reasoner.java:175)
	at um.owlapiextension.reasoning.MyHermitReasoner.<init>(MyHermitReasoner.java:23)
	at um.owlapiextension.reasoning.MyReasonerFactory.createDefaultReasoner(MyReasonerFactory.java:16)
	at oquare.OquareBasicMetrics_OwlApi.<init>(OquareBasicMetrics_OwlApi.java:153)
	at oquare.OquareCharacteristicsAndSubcharacteristics.calculateOquareMetrics(OquareCharacteristicsAndSubcharacteristics.java:77)
	at oquare.OquareCharacteristicsAndSubcharacteristics.<init>(OquareCharacteristicsAndSubcharacteristics.java:63)
	at um.oquare.beans.OquareGen.createObject(OquareGen.java:51)
	at um.oquare.versions.tools.CalculateOquareMetrics.getOquareMetrics(CalculateOquareMetrics.java:19)
	at um.cmd.RunOquare.run(RunOquare.java:123)
	at um.cmd.RunOquare.main(RunOquare.java:42)
Error: "HermiT supports all and only the datatypes of the OWL 2 datatype map, see 
http://www.w3.org/TR/owl2-syntax/#Datatype_Maps. 
The datatype 'http://www.w3.org/2001/XMLSchema#date' is not part of the OWL 2 datatype map and 
no custom datatype definition is given; 
therefore, HermiT cannot handle this datatype.".
Finish. Execution Time = 1348 msec
Calculate OQuare metrics  --ontology /home/jredondo/datos-jredondo/1-ontologySet/download/data.ecoportal.lifewatch.eu/eurio-20211206-owl__EURIO.ttl --outputFileXML /home/jredondo/datos-jredondo/2-metrics/data.ecoportal.lifewatch.eu/eurio__oquare.xml --outputFileRDF /home/jredondo/datos-jredondo/2-metrics/data.ecoportal.lifewatch.eu/eurio__oquare.ttl
Inferece options:
class assertions
class hierarchy
data property assertions
data property hierarchy
different individuals
disjoint classes
object property assertions
object property hierarchy
same individuals
Running Hermit reasoner
Classifying
Classifying time in 2012 msec
Building Neo4j graph from ontology model...
Graph builded in 3179 msec
Number of nodes: 52
Number of relationships: 102
[1/42] Searching paths from leaves (maxDepth=4)...Oquare metrics calculated in 11462 msec.
Results in xml saved in: "/home/jredondo/datos-jredondo/2-metrics/data.ecoportal.lifewatch.eu/eurio__oquare.xml".
Node=<https://purl.archive.org/oquo#NumberOfClassesMetricScale>
  Path=<http://purl.org/net/QualityModel#hasRankigFunction>
  Message: minCount[1]: Invalid cardinality: expected min 1: Got count = 0
Results in rdf saved in: "/home/jredondo/datos-jredondo/2-metrics/data.ecoportal.lifewatch.eu/eurio__oquare.ttl".
Finish. Execution Time = 25843 msec
Calculate OQuare metrics  --ontology /home/jredondo/datos-jredondo/1-ontologySet/download/data.ecoportal.lifewatch.eu/mrptcodelist-20231013-skos__placetypes.ttl --outputFileXML /home/jredondo/datos-jredondo/2-metrics/data.ecoportal.lifewatch.eu/mrptcodelist__oquare.xml --outputFileRDF /home/jredondo/datos-jredondo/2-metrics/data.ecoportal.lifewatch.eu/mrptcodelist__oquare.ttl
Inferece options:
class assertions
class hierarchy
data property assertions
data property hierarchy
different individuals
disjoint classes
object property assertions
object property hierarchy
same individuals
Running Hermit reasoner
Classifying
Classifying time in 120 msec
Building Neo4j graph from ontology model...
Graph builded in 1818 msec
Number of nodes: 4
Number of relationships: 4
[1/2] Searching paths from leaves (maxDepth=2)...Oquare metrics calculated in 5441 msec.
Results in xml saved in: "/home/jredondo/datos-jredondo/2-metrics/data.ecoportal.lifewatch.eu/mrptcodelist__oquare.xml".
Node=<https://purl.archive.org/oquo#NumberOfClassesMetricScale>
  Path=<http://purl.org/net/QualityModel#hasRankigFunction>
  Message: minCount[1]: Invalid cardinality: expected min 1: Got count = 0
Results in rdf saved in: "/home/jredondo/datos-jredondo/2-metrics/data.ecoportal.lifewatch.eu/mrptcodelist__oquare.ttl".
Finish. Execution Time = 18809 msec
Calculate OQuare metrics  --ontology /home/jredondo/datos-jredondo/1-ontologySet/download/data.ecoportal.lifewatch.eu/actris_vocab-20240207-skos__ACTRIS-vocabulary.rdf --outputFileXML /home/jredondo/datos-jredondo/2-metrics/data.ecoportal.lifewatch.eu/actris_vocab__oquare.xml --outputFileRDF /home/jredondo/datos-jredondo/2-metrics/data.ecoportal.lifewatch.eu/actris_vocab__oquare.ttl
Inferece options:
class assertions
class hierarchy
data property assertions
data property hierarchy
different individuals
disjoint classes
object property assertions
object property hierarchy
same individuals
Running Hermit reasoner
Classifying
Classifying time in 10 msec
Building Neo4j graph from ontology model...
Graph builded in 2134 msec
Number of nodes: 2
Number of relationships: 1
[1/1] Searching paths from leaves (maxDepth=2)...java.lang.NullPointerException: Cannot invoke "org.neo4j.graphdb.Path.nodes()" because "this.deepestPath" is null
	at oquare.owlapi.metrics.basic.InferredMaxDepthOfOntologyClasses.getDeepestPath(InferredMaxDepthOfOntologyClasses.java:25)
	at oquare.OquareBasicMetrics_OwlApi.getProfundidadMaxima(OquareBasicMetrics_OwlApi.java:612)
	at oquare.OquareMetrics.getDITOnto(OquareMetrics.java:37)
	at oquare.CopyOfOquareMetrics.getDITOnto(CopyOfOquareMetrics.java:139)
	at oquare.OquareCharacteristicsAndSubcharacteristics.scaleOquareMetrics(OquareCharacteristicsAndSubcharacteristics.java:102)
	at oquare.OquareCharacteristicsAndSubcharacteristics.<init>(OquareCharacteristicsAndSubcharacteristics.java:66)
	at um.oquare.beans.OquareGen.createObject(OquareGen.java:51)
	at um.oquare.versions.tools.CalculateOquareMetrics.getOquareMetrics(CalculateOquareMetrics.java:19)
	at um.cmd.RunOquare.run(RunOquare.java:123)
	at um.cmd.RunOquare.main(RunOquare.java:42)
Error: "Cannot invoke "org.neo4j.graphdb.Path.nodes()" because "this.deepestPath" is null".
Finish. Execution Time = 7332 msec
Calculate OQuare metrics  --ontology /home/jredondo/datos-jredondo/1-ontologySet/download/data.ecoportal.lifewatch.eu/macroalgaetraits-20230913-skos__submission10.rdf --outputFileXML /home/jredondo/datos-jredondo/2-metrics/data.ecoportal.lifewatch.eu/macroalgaetraits__oquare.xml --outputFileRDF /home/jredondo/datos-jredondo/2-metrics/data.ecoportal.lifewatch.eu/macroalgaetraits__oquare.ttl
Inferece options:
class assertions
class hierarchy
data property assertions
data property hierarchy
different individuals
disjoint classes
object property assertions
object property hierarchy
same individuals
Running Hermit reasoner
Classifying
Classifying time in 46 msec
Building Neo4j graph from ontology model...
Graph builded in 1833 msec
Number of nodes: 4
Number of relationships: 4
[1/2] Searching paths from leaves (maxDepth=2)...Oquare metrics calculated in 5444 msec.
Results in xml saved in: "/home/jredondo/datos-jredondo/2-metrics/data.ecoportal.lifewatch.eu/macroalgaetraits__oquare.xml".
Node=<https://purl.archive.org/oquo#NumberOfClassesMetricScale>
  Path=<http://purl.org/net/QualityModel#hasRankigFunction>
  Message: minCount[1]: Invalid cardinality: expected min 1: Got count = 0
Results in rdf saved in: "/home/jredondo/datos-jredondo/2-metrics/data.ecoportal.lifewatch.eu/macroalgaetraits__oquare.ttl".
Finish. Execution Time = 20004 msec
Calculate OQuare metrics  --ontology /home/jredondo/datos-jredondo/1-ontologySet/download/data.ecoportal.lifewatch.eu/phytotraits-20230913-skos__submission7.rdf --outputFileXML /home/jredondo/datos-jredondo/2-metrics/data.ecoportal.lifewatch.eu/phytotraits__oquare.xml --outputFileRDF /home/jredondo/datos-jredondo/2-metrics/data.ecoportal.lifewatch.eu/phytotraits__oquare.ttl
Inferece options:
class assertions
class hierarchy
data property assertions
data property hierarchy
different individuals
disjoint classes
object property assertions
object property hierarchy
same individuals
Running Hermit reasoner
Classifying
Classifying time in 58 msec
Building Neo4j graph from ontology model...
Graph builded in 1906 msec
Number of nodes: 4
Number of relationships: 4
[1/2] Searching paths from leaves (maxDepth=2)...Oquare metrics calculated in 5594 msec.
Results in xml saved in: "/home/jredondo/datos-jredondo/2-metrics/data.ecoportal.lifewatch.eu/phytotraits__oquare.xml".
Node=<https://purl.archive.org/oquo#NumberOfClassesMetricScale>
  Path=<http://purl.org/net/QualityModel#hasRankigFunction>
  Message: minCount[1]: Invalid cardinality: expected min 1: Got count = 0
Results in rdf saved in: "/home/jredondo/datos-jredondo/2-metrics/data.ecoportal.lifewatch.eu/phytotraits__oquare.ttl".
Finish. Execution Time = 22933 msec
Calculate OQuare metrics  --ontology /home/jredondo/datos-jredondo/1-ontologySet/download/data.ecoportal.lifewatch.eu/mr-20221211-owl__ontology.ttl --outputFileXML /home/jredondo/datos-jredondo/2-metrics/data.ecoportal.lifewatch.eu/mr__oquare.xml --outputFileRDF /home/jredondo/datos-jredondo/2-metrics/data.ecoportal.lifewatch.eu/mr__oquare.ttl
Inferece options:
class assertions
class hierarchy
data property assertions
data property hierarchy
different individuals
disjoint classes
object property assertions
object property hierarchy
same individuals
Running Hermit reasoner
Classifying
Classifying time in 160 msec
Building Neo4j graph from ontology model...
Graph builded in 2189 msec
Number of nodes: 10
Number of relationships: 14
[1/4] Searching paths from leaves (maxDepth=6)...Oquare metrics calculated in 6563 msec.
Results in xml saved in: "/home/jredondo/datos-jredondo/2-metrics/data.ecoportal.lifewatch.eu/mr__oquare.xml".
Node=<https://purl.archive.org/oquo#NumberOfClassesMetricScale>
  Path=<http://purl.org/net/QualityModel#hasRankigFunction>
  Message: minCount[1]: Invalid cardinality: expected min 1: Got count = 0
Results in rdf saved in: "/home/jredondo/datos-jredondo/2-metrics/data.ecoportal.lifewatch.eu/mr__oquare.ttl".
Finish. Execution Time = 22033 msec
Calculate OQuare metrics  --ontology /home/jredondo/datos-jredondo/1-ontologySet/download/data.ecoportal.lifewatch.eu/fishtraits-20230913-skos__submission8.rdf --outputFileXML /home/jredondo/datos-jredondo/2-metrics/data.ecoportal.lifewatch.eu/fishtraits__oquare.xml --outputFileRDF /home/jredondo/datos-jredondo/2-metrics/data.ecoportal.lifewatch.eu/fishtraits__oquare.ttl
Inferece options:
class assertions
class hierarchy
data property assertions
data property hierarchy
different individuals
disjoint classes
object property assertions
object property hierarchy
same individuals
Running Hermit reasoner
Classifying
Classifying time in 34 msec
Building Neo4j graph from ontology model...
Graph builded in 1900 msec
Number of nodes: 4
Number of relationships: 4
[1/2] Searching paths from leaves (maxDepth=2)...Oquare metrics calculated in 5403 msec.
Results in xml saved in: "/home/jredondo/datos-jredondo/2-metrics/data.ecoportal.lifewatch.eu/fishtraits__oquare.xml".
Node=<https://purl.archive.org/oquo#NumberOfClassesMetricScale>
  Path=<http://purl.org/net/QualityModel#hasRankigFunction>
  Message: minCount[1]: Invalid cardinality: expected min 1: Got count = 0
Results in rdf saved in: "/home/jredondo/datos-jredondo/2-metrics/data.ecoportal.lifewatch.eu/fishtraits__oquare.ttl".
Finish. Execution Time = 20633 msec
Calculate OQuare metrics  --ontology /home/jredondo/datos-jredondo/1-ontologySet/download/data.ecoportal.lifewatch.eu/eurovoc-20220103-skos__eurovoc-in-skos-core-concepts-topConcepts.rdf --outputFileXML /home/jredondo/datos-jredondo/2-metrics/data.ecoportal.lifewatch.eu/eurovoc__oquare.xml --outputFileRDF /home/jredondo/datos-jredondo/2-metrics/data.ecoportal.lifewatch.eu/eurovoc__oquare.ttl
Inferece options:
class assertions
class hierarchy
data property assertions
data property hierarchy
different individuals
disjoint classes
object property assertions
object property hierarchy
same individuals
Running Hermit reasoner
Classifying
Classifying time in 384 msec
Building Neo4j graph from ontology model...
Graph builded in 1952 msec
Number of nodes: 4
Number of relationships: 4
[1/2] Searching paths from leaves (maxDepth=2)...Oquare metrics calculated in 14218 msec.
Results in xml saved in: "/home/jredondo/datos-jredondo/2-metrics/data.ecoportal.lifewatch.eu/eurovoc__oquare.xml".
Node=<https://purl.archive.org/oquo#NumberOfClassesMetricScale>
  Path=<http://purl.org/net/QualityModel#hasRankigFunction>
  Message: minCount[1]: Invalid cardinality: expected min 1: Got count = 0
Results in rdf saved in: "/home/jredondo/datos-jredondo/2-metrics/data.ecoportal.lifewatch.eu/eurovoc__oquare.ttl".
Finish. Execution Time = 30893 msec
Calculate OQuare metrics  --ontology /home/jredondo/datos-jredondo/1-ontologySet/download/data.ecoportal.lifewatch.eu/zooplanktraits-20230913-skos__submission11.rdf --outputFileXML /home/jredondo/datos-jredondo/2-metrics/data.ecoportal.lifewatch.eu/zooplanktraits__oquare.xml --outputFileRDF /home/jredondo/datos-jredondo/2-metrics/data.ecoportal.lifewatch.eu/zooplanktraits__oquare.ttl
Inferece options:
class assertions
class hierarchy
data property assertions
data property hierarchy
different individuals
disjoint classes
object property assertions
object property hierarchy
same individuals
Running Hermit reasoner
Classifying
Classifying time in 20 msec
Building Neo4j graph from ontology model...
Graph builded in 1805 msec
Number of nodes: 4
Number of relationships: 4
[1/2] Searching paths from leaves (maxDepth=2)...Oquare metrics calculated in 5248 msec.
Results in xml saved in: "/home/jredondo/datos-jredondo/2-metrics/data.ecoportal.lifewatch.eu/zooplanktraits__oquare.xml".
Node=<https://purl.archive.org/oquo#NumberOfClassesMetricScale>
  Path=<http://purl.org/net/QualityModel#hasRankigFunction>
  Message: minCount[1]: Invalid cardinality: expected min 1: Got count = 0
Results in rdf saved in: "/home/jredondo/datos-jredondo/2-metrics/data.ecoportal.lifewatch.eu/zooplanktraits__oquare.ttl".
Finish. Execution Time = 20290 msec
Calculate OQuare metrics  --ontology /home/jredondo/datos-jredondo/1-ontologySet/download/data.ecoportal.lifewatch.eu/sty-20230911-umls__umls-semantictypes2.ttl --outputFileXML /home/jredondo/datos-jredondo/2-metrics/data.ecoportal.lifewatch.eu/sty__oquare.xml --outputFileRDF /home/jredondo/datos-jredondo/2-metrics/data.ecoportal.lifewatch.eu/sty__oquare.ttl
Inferece options:
class assertions
class hierarchy
data property assertions
data property hierarchy
different individuals
disjoint classes
object property assertions
object property hierarchy
same individuals
Running Hermit reasoner
Classifying
Classifying time in 91 msec
Building Neo4j graph from ontology model...
Graph builded in 4856 msec
Number of nodes: 129
Number of relationships: 209
[1/82] Searching paths from leaves (maxDepth=18)...Oquare metrics calculated in 10738 msec.
Results in xml saved in: "/home/jredondo/datos-jredondo/2-metrics/data.ecoportal.lifewatch.eu/sty__oquare.xml".
Node=<https://purl.archive.org/oquo#NumberOfClassesMetricScale>
  Path=<http://purl.org/net/QualityModel#hasRankigFunction>
  Message: minCount[1]: Invalid cardinality: expected min 1: Got count = 0
Results in rdf saved in: "/home/jredondo/datos-jredondo/2-metrics/data.ecoportal.lifewatch.eu/sty__oquare.ttl".
Finish. Execution Time = 24675 msec
Calculate OQuare metrics  --ontology /home/jredondo/datos-jredondo/1-ontologySet/download/data.ecoportal.lifewatch.eu/pco-20220204-owl__pco.owl --outputFileXML /home/jredondo/datos-jredondo/2-metrics/data.ecoportal.lifewatch.eu/pco__oquare.xml --outputFileRDF /home/jredondo/datos-jredondo/2-metrics/data.ecoportal.lifewatch.eu/pco__oquare.ttl
Inferece options:
class assertions
class hierarchy
data property assertions
data property hierarchy
different individuals
disjoint classes
object property assertions
object property hierarchy
same individuals
Running Hermit reasoner
Classifying
Classifying time in 7974 msec
Building Neo4j graph from ontology model...
Graph builded in 5396 msec
Number of nodes: 222
Number of relationships: 343
[1/101] Searching paths from leaves (maxDepth=62)...Oquare metrics calculated in 35407 msec.
Results in xml saved in: "/home/jredondo/datos-jredondo/2-metrics/data.ecoportal.lifewatch.eu/pco__oquare.xml".
Node=<https://purl.archive.org/oquo#NumberOfClassesMetricScale>
  Path=<http://purl.org/net/QualityModel#hasRankigFunction>
  Message: minCount[1]: Invalid cardinality: expected min 1: Got count = 0
Results in rdf saved in: "/home/jredondo/datos-jredondo/2-metrics/data.ecoportal.lifewatch.eu/pco__oquare.ttl".
Finish. Execution Time = 52027 msec
Calculate OQuare metrics  --ontology /home/jredondo/datos-jredondo/1-ontologySet/download/data.ecoportal.lifewatch.eu/biodivthes-20220927-skos__Biodiversite2.1exportLoterreuneskos.rdf --outputFileXML /home/jredondo/datos-jredondo/2-metrics/data.ecoportal.lifewatch.eu/biodivthes__oquare.xml --outputFileRDF /home/jredondo/datos-jredondo/2-metrics/data.ecoportal.lifewatch.eu/biodivthes__oquare.ttl
Inferece options:
class assertions
class hierarchy
data property assertions
data property hierarchy
different individuals
disjoint classes
object property assertions
object property hierarchy
same individuals
Running Hermit reasoner
Classifying
Classifying time in 350 msec
Building Neo4j graph from ontology model...
Graph builded in 1907 msec
Number of nodes: 6
Number of relationships: 8
[1/4] Searching paths from leaves (maxDepth=2)...Oquare metrics calculated in 7293 msec.
Results in xml saved in: "/home/jredondo/datos-jredondo/2-metrics/data.ecoportal.lifewatch.eu/biodivthes__oquare.xml".
Node=<https://purl.archive.org/oquo#NumberOfClassesMetricScale>
  Path=<http://purl.org/net/QualityModel#hasRankigFunction>
  Message: minCount[1]: Invalid cardinality: expected min 1: Got count = 0
Results in rdf saved in: "/home/jredondo/datos-jredondo/2-metrics/data.ecoportal.lifewatch.eu/biodivthes__oquare.ttl".
Finish. Execution Time = 19823 msec
Calculate OQuare metrics  --ontology /home/jredondo/datos-jredondo/1-ontologySet/download/data.ecoportal.lifewatch.eu/dwcem-20211223-skos__establishmentMeansCurated.ttl --outputFileXML /home/jredondo/datos-jredondo/2-metrics/data.ecoportal.lifewatch.eu/dwcem__oquare.xml --outputFileRDF /home/jredondo/datos-jredondo/2-metrics/data.ecoportal.lifewatch.eu/dwcem__oquare.ttl
Inferece options:
class assertions
class hierarchy
data property assertions
data property hierarchy
different individuals
disjoint classes
object property assertions
object property hierarchy
same individuals
Running Hermit reasoner
Classifying
Classifying time in 13 msec
Building Neo4j graph from ontology model...
Graph builded in 1809 msec
Number of nodes: 5
Number of relationships: 6
[1/3] Searching paths from leaves (maxDepth=2)...Oquare metrics calculated in 5439 msec.
Results in xml saved in: "/home/jredondo/datos-jredondo/2-metrics/data.ecoportal.lifewatch.eu/dwcem__oquare.xml".
Node=<https://purl.archive.org/oquo#NumberOfClassesMetricScale>
  Path=<http://purl.org/net/QualityModel#hasRankigFunction>
  Message: minCount[1]: Invalid cardinality: expected min 1: Got count = 0
Results in rdf saved in: "/home/jredondo/datos-jredondo/2-metrics/data.ecoportal.lifewatch.eu/dwcem__oquare.ttl".
Finish. Execution Time = 19519 msec
Calculate OQuare metrics  --ontology /home/jredondo/datos-jredondo/1-ontologySet/download/data.ecoportal.lifewatch.eu/dsw-20211222-owl__dsw.owl --outputFileXML /home/jredondo/datos-jredondo/2-metrics/data.ecoportal.lifewatch.eu/dsw__oquare.xml --outputFileRDF /home/jredondo/datos-jredondo/2-metrics/data.ecoportal.lifewatch.eu/dsw__oquare.ttl
Inferece options:
class assertions
class hierarchy
data property assertions
data property hierarchy
different individuals
disjoint classes
object property assertions
object property hierarchy
same individuals
Running Hermit reasoner
Classifying
Classifying time in 94 msec
Building Neo4j graph from ontology model...
Graph builded in 2274 msec
Number of nodes: 20
Number of relationships: 34
[1/16] Searching paths from leaves (maxDepth=6)...Oquare metrics calculated in 6578 msec.
Results in xml saved in: "/home/jredondo/datos-jredondo/2-metrics/data.ecoportal.lifewatch.eu/dsw__oquare.xml".
Node=<https://purl.archive.org/oquo#NumberOfClassesMetricScale>
  Path=<http://purl.org/net/QualityModel#hasRankigFunction>
  Message: minCount[1]: Invalid cardinality: expected min 1: Got count = 0
Results in rdf saved in: "/home/jredondo/datos-jredondo/2-metrics/data.ecoportal.lifewatch.eu/dsw__oquare.ttl".
Finish. Execution Time = 20596 msec
Calculate OQuare metrics  --ontology /home/jredondo/datos-jredondo/1-ontologySet/download/data.ecoportal.lifewatch.eu/endemisms-20231021-skos__submission.rdf --outputFileXML /home/jredondo/datos-jredondo/2-metrics/data.ecoportal.lifewatch.eu/endemisms__oquare.xml --outputFileRDF /home/jredondo/datos-jredondo/2-metrics/data.ecoportal.lifewatch.eu/endemisms__oquare.ttl
Inferece options:
class assertions
class hierarchy
data property assertions
data property hierarchy
different individuals
disjoint classes
object property assertions
object property hierarchy
same individuals
Running Hermit reasoner
Classifying
Classifying time in 54 msec
Building Neo4j graph from ontology model...
Graph builded in 1713 msec
Number of nodes: 4
Number of relationships: 4
[1/2] Searching paths from leaves (maxDepth=2)...Oquare metrics calculated in 4962 msec.
Results in xml saved in: "/home/jredondo/datos-jredondo/2-metrics/data.ecoportal.lifewatch.eu/endemisms__oquare.xml".
Node=<https://purl.archive.org/oquo#NumberOfClassesMetricScale>
  Path=<http://purl.org/net/QualityModel#hasRankigFunction>
  Message: minCount[1]: Invalid cardinality: expected min 1: Got count = 0
Results in rdf saved in: "/home/jredondo/datos-jredondo/2-metrics/data.ecoportal.lifewatch.eu/endemisms__oquare.ttl".
Finish. Execution Time = 19969 msec
Calculate OQuare metrics  --ontology /home/jredondo/datos-jredondo/1-ontologySet/download/data.ecoportal.lifewatch.eu/actris_cl-20240213-skos__ACTRIS-Controlled-lists.rdf --outputFileXML /home/jredondo/datos-jredondo/2-metrics/data.ecoportal.lifewatch.eu/actris_cl__oquare.xml --outputFileRDF /home/jredondo/datos-jredondo/2-metrics/data.ecoportal.lifewatch.eu/actris_cl__oquare.ttl
Inferece options:
class assertions
class hierarchy
data property assertions
data property hierarchy
different individuals
disjoint classes
object property assertions
object property hierarchy
same individuals
Running Hermit reasoner
Classifying
Classifying time in 43 msec
Building Neo4j graph from ontology model...
Graph builded in 1805 msec
Number of nodes: 4
Number of relationships: 4
[1/2] Searching paths from leaves (maxDepth=2)...Oquare metrics calculated in 5133 msec.
Results in xml saved in: "/home/jredondo/datos-jredondo/2-metrics/data.ecoportal.lifewatch.eu/actris_cl__oquare.xml".
Node=<https://purl.archive.org/oquo#NumberOfClassesMetricScale>
  Path=<http://purl.org/net/QualityModel#hasRankigFunction>
  Message: minCount[1]: Invalid cardinality: expected min 1: Got count = 0
Results in rdf saved in: "/home/jredondo/datos-jredondo/2-metrics/data.ecoportal.lifewatch.eu/actris_cl__oquare.ttl".
Finish. Execution Time = 20130 msec
Calculate OQuare metrics  --ontology /home/jredondo/datos-jredondo/1-ontologySet/download/data.ecoportal.lifewatch.eu/elter_cl-20240105-skos__elter-cl.ttl --outputFileXML /home/jredondo/datos-jredondo/2-metrics/data.ecoportal.lifewatch.eu/elter_cl__oquare.xml --outputFileRDF /home/jredondo/datos-jredondo/2-metrics/data.ecoportal.lifewatch.eu/elter_cl__oquare.ttl
Inferece options:
class assertions
class hierarchy
data property assertions
data property hierarchy
different individuals
disjoint classes
object property assertions
object property hierarchy
same individuals
Running Hermit reasoner
Classifying
Classifying time in 99 msec
Building Neo4j graph from ontology model...
Graph builded in 1878 msec
Number of nodes: 6
Number of relationships: 8
[1/4] Searching paths from leaves (maxDepth=2)...Oquare metrics calculated in 6008 msec.
Results in xml saved in: "/home/jredondo/datos-jredondo/2-metrics/data.ecoportal.lifewatch.eu/elter_cl__oquare.xml".
Node=<https://purl.archive.org/oquo#NumberOfClassesMetricScale>
  Path=<http://purl.org/net/QualityModel#hasRankigFunction>
  Message: minCount[1]: Invalid cardinality: expected min 1: Got count = 0
Results in rdf saved in: "/home/jredondo/datos-jredondo/2-metrics/data.ecoportal.lifewatch.eu/elter_cl__oquare.ttl".
Finish. Execution Time = 20845 msec
Calculate OQuare metrics  --ontology /home/jredondo/datos-jredondo/1-ontologySet/download/data.ecoportal.lifewatch.eu/envthes-20231106-skos__EnvThes.ttl --outputFileXML /home/jredondo/datos-jredondo/2-metrics/data.ecoportal.lifewatch.eu/envthes__oquare.xml --outputFileRDF /home/jredondo/datos-jredondo/2-metrics/data.ecoportal.lifewatch.eu/envthes__oquare.ttl
Inferece options:
class assertions
class hierarchy
data property assertions
data property hierarchy
different individuals
disjoint classes
object property assertions
object property hierarchy
same individuals
Running Hermit reasoner
Classifying
Classifying time in 256 msec
Building Neo4j graph from ontology model...
Graph builded in 1834 msec
Number of nodes: 5
Number of relationships: 6
[1/3] Searching paths from leaves (maxDepth=2)...Oquare metrics calculated in 9254 msec.
Results in xml saved in: "/home/jredondo/datos-jredondo/2-metrics/data.ecoportal.lifewatch.eu/envthes__oquare.xml".
Node=<https://purl.archive.org/oquo#NumberOfClassesMetricScale>
  Path=<http://purl.org/net/QualityModel#hasRankigFunction>
  Message: minCount[1]: Invalid cardinality: expected min 1: Got count = 0
Results in rdf saved in: "/home/jredondo/datos-jredondo/2-metrics/data.ecoportal.lifewatch.eu/envthes__oquare.ttl".
Finish. Execution Time = 23206 msec
Calculate OQuare metrics  --ontology /home/jredondo/datos-jredondo/1-ontologySet/download/data.ecoportal.lifewatch.eu/bco-20220204-owl__bco.owl --outputFileXML /home/jredondo/datos-jredondo/2-metrics/data.ecoportal.lifewatch.eu/bco__oquare.xml --outputFileRDF /home/jredondo/datos-jredondo/2-metrics/data.ecoportal.lifewatch.eu/bco__oquare.ttl
Inferece options:
class assertions
class hierarchy
data property assertions
data property hierarchy
different individuals
disjoint classes
object property assertions
object property hierarchy
same individuals
Running Hermit reasoner
Classifying
Classifying time in 48612 msec
Building Neo4j graph from ontology model...
Graph builded in 6821 msec
Number of nodes: 254
Number of relationships: 431
[1/162] Searching paths from leaves (maxDepth=70)...Oquare metrics calculated in 773772 msec.
Results in xml saved in: "/home/jredondo/datos-jredondo/2-metrics/data.ecoportal.lifewatch.eu/bco__oquare.xml".
Node=<https://purl.archive.org/oquo#NumberOfClassesMetricScale>
  Path=<http://purl.org/net/QualityModel#hasRankigFunction>
  Message: minCount[1]: Invalid cardinality: expected min 1: Got count = 0
Results in rdf saved in: "/home/jredondo/datos-jredondo/2-metrics/data.ecoportal.lifewatch.eu/bco__oquare.ttl".
Finish. Execution Time = 789557 msec
Calculate OQuare metrics  --ontology /home/jredondo/datos-jredondo/1-ontologySet/download/data.ecoportal.lifewatch.eu/acformat-20240301-skos__values.rdf --outputFileXML /home/jredondo/datos-jredondo/2-metrics/data.ecoportal.lifewatch.eu/acformat__oquare.xml --outputFileRDF /home/jredondo/datos-jredondo/2-metrics/data.ecoportal.lifewatch.eu/acformat__oquare.ttl
Inferece options:
class assertions
class hierarchy
data property assertions
data property hierarchy
different individuals
disjoint classes
object property assertions
object property hierarchy
same individuals
Running Hermit reasoner
Classifying
Classifying time in 15 msec
Building Neo4j graph from ontology model...
Graph builded in 1625 msec
Number of nodes: 4
Number of relationships: 4
[1/2] Searching paths from leaves (maxDepth=2)...Oquare metrics calculated in 4800 msec.
Results in xml saved in: "/home/jredondo/datos-jredondo/2-metrics/data.ecoportal.lifewatch.eu/acformat__oquare.xml".
Node=<https://purl.archive.org/oquo#NumberOfClassesMetricScale>
  Path=<http://purl.org/net/QualityModel#hasRankigFunction>
  Message: minCount[1]: Invalid cardinality: expected min 1: Got count = 0
Results in rdf saved in: "/home/jredondo/datos-jredondo/2-metrics/data.ecoportal.lifewatch.eu/acformat__oquare.ttl".
Finish. Execution Time = 18792 msec
