OpenJDK 64-Bit Server VM warning: Insufficient space for shared memory file:
   1956924
Try using the -Djava.io.tmpdir= option to select an alternate temp location.

Calculate OQuare metrics  --ontology /home/jredondo/datos-jredondo/1-ontologySet/download/data.ecoportal.lifewatch.eu/euroscivoc-20211217-skos__EuroSciVoc-skos-ap-eu.rdf --outputFileXML /home/jredondo/datos-jredondo/2-metrics/data.ecoportal.lifewatch.eu/euroscivoc__oquare.xml --outputFileRDF /home/jredondo/datos-jredondo/2-metrics/data.ecoportal.lifewatch.eu/euroscivoc__oquare.ttl
Inferece options:
class assertions
class hierarchy
data property assertions
data property hierarchy
different individuals
disjoint classes
object property assertions
object property hierarchy
same individuals
Running Hermit reasoner
Classifying
Classifying time in 290 msec
Building Neo4j graph from ontology model...
Graph builded in 1976 msec
Number of nodes: 6
Number of relationships: 8
[1/4] Searching paths from leaves (maxDepth=2)...Oquare metrics calculated in 9280 msec.
Results in xml saved in: "/home/jredondo/datos-jredondo/2-metrics/data.ecoportal.lifewatch.eu/euroscivoc__oquare.xml".
Node=<https://purl.archive.org/oquo#NumberOfClassesMetricScale>
  Path=<http://purl.org/net/QualityModel#hasRankigFunction>
  Message: minCount[1]: Invalid cardinality: expected min 1: Got count = 0
Results in rdf saved in: "/home/jredondo/datos-jredondo/2-metrics/data.ecoportal.lifewatch.eu/euroscivoc__oquare.ttl".
Finish. Execution Time = 20697 msec
OpenJDK 64-Bit Server VM warning: Insufficient space for shared memory file:
   1959994
Try using the -Djava.io.tmpdir= option to select an alternate temp location.

Calculate OQuare metrics  --ontology /home/jredondo/datos-jredondo/1-ontologySet/download/data.ecoportal.lifewatch.eu/i-adopt-20231106-owl__i-adopt.ttl --outputFileXML /home/jredondo/datos-jredondo/2-metrics/data.ecoportal.lifewatch.eu/i-adopt__oquare.xml --outputFileRDF /home/jredondo/datos-jredondo/2-metrics/data.ecoportal.lifewatch.eu/i-adopt__oquare.ttl
Inferece options:
class assertions
class hierarchy
data property assertions
data property hierarchy
different individuals
disjoint classes
object property assertions
object property hierarchy
same individuals
Running Hermit reasoner
Classifying
Classifying time in 27 msec
Building Neo4j graph from ontology model...
Graph builded in 1412 msec
Number of nodes: 7
Number of relationships: 10
[1/5] Searching paths from leaves (maxDepth=2)...Oquare metrics calculated in 4428 msec.
Results in xml saved in: "/home/jredondo/datos-jredondo/2-metrics/data.ecoportal.lifewatch.eu/i-adopt__oquare.xml".
Node=<https://purl.archive.org/oquo#NumberOfClassesMetricScale>
  Path=<http://purl.org/net/QualityModel#hasRankigFunction>
  Message: minCount[1]: Invalid cardinality: expected min 1: Got count = 0
Results in rdf saved in: "/home/jredondo/datos-jredondo/2-metrics/data.ecoportal.lifewatch.eu/i-adopt__oquare.ttl".
Finish. Execution Time = 17475 msec
OpenJDK 64-Bit Server VM warning: Insufficient space for shared memory file:
   1961776
Try using the -Djava.io.tmpdir= option to select an alternate temp location.

Calculate OQuare metrics  --ontology /home/jredondo/datos-jredondo/1-ontologySet/download/data.ecoportal.lifewatch.eu/cpmeta-20240209-owl__cpmeta.owl --outputFileXML /home/jredondo/datos-jredondo/2-metrics/data.ecoportal.lifewatch.eu/cpmeta__oquare.xml --outputFileRDF /home/jredondo/datos-jredondo/2-metrics/data.ecoportal.lifewatch.eu/cpmeta__oquare.ttl
Inferece options:
class assertions
class hierarchy
data property assertions
data property hierarchy
different individuals
disjoint classes
object property assertions
object property hierarchy
same individuals
Running Hermit reasoner
org.semanticweb.HermiT.datatypes.UnsupportedDatatypeException: HermiT supports all and only the datatypes of the OWL 2 datatype map, see 
http://www.w3.org/TR/owl2-syntax/#Datatype_Maps. 
The datatype 'http://www.w3.org/2001/XMLSchema#date' is not part of the OWL 2 datatype map and 
no custom datatype definition is given; 
therefore, HermiT cannot handle this datatype.
	at org.semanticweb.HermiT.datatypes.DatatypeRegistry.getDatatypeHandlerFor(DatatypeRegistry.java:76)
	at org.semanticweb.HermiT.datatypes.DatatypeRegistry.getDatatypeHandlerFor(DatatypeRegistry.java:82)
	at org.semanticweb.HermiT.datatypes.DatatypeRegistry.validateDatatypeRestriction(DatatypeRegistry.java:101)
	at org.semanticweb.HermiT.structural.OWLClausification$DataRangeConverter.visit(OWLClausification.java:776)
	at uk.ac.manchester.cs.owl.owlapi.OWLDatatypeImpl.accept(OWLDatatypeImpl.java:320)
	at org.semanticweb.HermiT.structural.OWLClausification$DataRangeConverter.convertDataRange(OWLClausification.java:763)
	at org.semanticweb.HermiT.structural.OWLClausification$NormalizedAxiomClausifier.visit(OWLClausification.java:608)
	at uk.ac.manchester.cs.owl.owlapi.OWLDataAllValuesFromImpl.accept(OWLDataAllValuesFromImpl.java:94)
	at org.semanticweb.HermiT.structural.OWLClausification.clausify(OWLClausification.java:216)
	at org.semanticweb.HermiT.structural.OWLClausification.preprocessAndClausify(OWLClausification.java:154)
	at org.semanticweb.HermiT.Reasoner.loadOntology(Reasoner.java:221)
	at org.semanticweb.HermiT.Reasoner.<init>(Reasoner.java:212)
	at org.semanticweb.HermiT.Reasoner.<init>(Reasoner.java:175)
	at um.owlapiextension.reasoning.MyHermitReasoner.<init>(MyHermitReasoner.java:23)
	at um.owlapiextension.reasoning.MyReasonerFactory.createDefaultReasoner(MyReasonerFactory.java:16)
	at oquare.OquareBasicMetrics_OwlApi.<init>(OquareBasicMetrics_OwlApi.java:153)
	at oquare.OquareCharacteristicsAndSubcharacteristics.calculateOquareMetrics(OquareCharacteristicsAndSubcharacteristics.java:77)
	at oquare.OquareCharacteristicsAndSubcharacteristics.<init>(OquareCharacteristicsAndSubcharacteristics.java:63)
	at um.oquare.beans.OquareGen.createObject(OquareGen.java:51)
	at um.oquare.versions.tools.CalculateOquareMetrics.getOquareMetrics(CalculateOquareMetrics.java:19)
	at um.cmd.RunOquare.run(RunOquare.java:123)
	at um.cmd.RunOquare.main(RunOquare.java:42)
Error: "HermiT supports all and only the datatypes of the OWL 2 datatype map, see 
http://www.w3.org/TR/owl2-syntax/#Datatype_Maps. 
The datatype 'http://www.w3.org/2001/XMLSchema#date' is not part of the OWL 2 datatype map and 
no custom datatype definition is given; 
therefore, HermiT cannot handle this datatype.".
Finish. Execution Time = 1428 msec
OpenJDK 64-Bit Server VM warning: Insufficient space for shared memory file:
   1968512
Try using the -Djava.io.tmpdir= option to select an alternate temp location.

Calculate OQuare metrics  --ontology /home/jredondo/datos-jredondo/1-ontologySet/download/data.ecoportal.lifewatch.eu/eurio-20211206-owl__EURIO.ttl --outputFileXML /home/jredondo/datos-jredondo/2-metrics/data.ecoportal.lifewatch.eu/eurio__oquare.xml --outputFileRDF /home/jredondo/datos-jredondo/2-metrics/data.ecoportal.lifewatch.eu/eurio__oquare.ttl
Inferece options:
class assertions
class hierarchy
data property assertions
data property hierarchy
different individuals
disjoint classes
object property assertions
object property hierarchy
same individuals
Running Hermit reasoner
Classifying
Classifying time in 1722 msec
Building Neo4j graph from ontology model...
Graph builded in 2620 msec
Number of nodes: 52
Number of relationships: 102
[1/42] Searching paths from leaves (maxDepth=4)...Oquare metrics calculated in 10314 msec.
Results in xml saved in: "/home/jredondo/datos-jredondo/2-metrics/data.ecoportal.lifewatch.eu/eurio__oquare.xml".
Node=<https://purl.archive.org/oquo#NumberOfClassesMetricScale>
  Path=<http://purl.org/net/QualityModel#hasRankigFunction>
  Message: minCount[1]: Invalid cardinality: expected min 1: Got count = 0
Results in rdf saved in: "/home/jredondo/datos-jredondo/2-metrics/data.ecoportal.lifewatch.eu/eurio__oquare.ttl".
Finish. Execution Time = 25576 msec
OpenJDK 64-Bit Server VM warning: Insufficient space for shared memory file:
   1973148
Try using the -Djava.io.tmpdir= option to select an alternate temp location.

Calculate OQuare metrics  --ontology /home/jredondo/datos-jredondo/1-ontologySet/download/data.ecoportal.lifewatch.eu/mrptcodelist-20231013-skos__placetypes.ttl --outputFileXML /home/jredondo/datos-jredondo/2-metrics/data.ecoportal.lifewatch.eu/mrptcodelist__oquare.xml --outputFileRDF /home/jredondo/datos-jredondo/2-metrics/data.ecoportal.lifewatch.eu/mrptcodelist__oquare.ttl
Inferece options:
class assertions
class hierarchy
data property assertions
data property hierarchy
different individuals
disjoint classes
object property assertions
object property hierarchy
same individuals
Running Hermit reasoner
Classifying
Classifying time in 55 msec
Building Neo4j graph from ontology model...
Graph builded in 1700 msec
Number of nodes: 4
Number of relationships: 4
[1/2] Searching paths from leaves (maxDepth=2)...Oquare metrics calculated in 5611 msec.
Results in xml saved in: "/home/jredondo/datos-jredondo/2-metrics/data.ecoportal.lifewatch.eu/mrptcodelist__oquare.xml".
Node=<https://purl.archive.org/oquo#NumberOfClassesMetricScale>
  Path=<http://purl.org/net/QualityModel#hasRankigFunction>
  Message: minCount[1]: Invalid cardinality: expected min 1: Got count = 0
Results in rdf saved in: "/home/jredondo/datos-jredondo/2-metrics/data.ecoportal.lifewatch.eu/mrptcodelist__oquare.ttl".
Finish. Execution Time = 19644 msec
OpenJDK 64-Bit Server VM warning: Insufficient space for shared memory file:
   1973775
Try using the -Djava.io.tmpdir= option to select an alternate temp location.

Calculate OQuare metrics  --ontology /home/jredondo/datos-jredondo/1-ontologySet/download/data.ecoportal.lifewatch.eu/actris_vocab-20240207-skos__ACTRIS-vocabulary.rdf --outputFileXML /home/jredondo/datos-jredondo/2-metrics/data.ecoportal.lifewatch.eu/actris_vocab__oquare.xml --outputFileRDF /home/jredondo/datos-jredondo/2-metrics/data.ecoportal.lifewatch.eu/actris_vocab__oquare.ttl
Inferece options:
class assertions
class hierarchy
data property assertions
data property hierarchy
different individuals
disjoint classes
object property assertions
object property hierarchy
same individuals
Running Hermit reasoner
Classifying
Classifying time in 26 msec
Building Neo4j graph from ontology model...
Graph builded in 1590 msec
Number of nodes: 2
Number of relationships: 1
[1/1] Searching paths from leaves (maxDepth=2)...java.lang.NullPointerException: Cannot invoke "org.neo4j.graphdb.Path.nodes()" because "this.deepestPath" is null
	at oquare.owlapi.metrics.basic.InferredMaxDepthOfOntologyClasses.getDeepestPath(InferredMaxDepthOfOntologyClasses.java:25)
	at oquare.OquareBasicMetrics_OwlApi.getProfundidadMaxima(OquareBasicMetrics_OwlApi.java:612)
	at oquare.OquareMetrics.getDITOnto(OquareMetrics.java:37)
	at oquare.CopyOfOquareMetrics.getDITOnto(CopyOfOquareMetrics.java:139)
	at oquare.OquareCharacteristicsAndSubcharacteristics.scaleOquareMetrics(OquareCharacteristicsAndSubcharacteristics.java:102)
	at oquare.OquareCharacteristicsAndSubcharacteristics.<init>(OquareCharacteristicsAndSubcharacteristics.java:66)
	at um.oquare.beans.OquareGen.createObject(OquareGen.java:51)
	at um.oquare.versions.tools.CalculateOquareMetrics.getOquareMetrics(CalculateOquareMetrics.java:19)
	at um.cmd.RunOquare.run(RunOquare.java:123)
	at um.cmd.RunOquare.main(RunOquare.java:42)
Error: "Cannot invoke "org.neo4j.graphdb.Path.nodes()" because "this.deepestPath" is null".
Finish. Execution Time = 5383 msec
OpenJDK 64-Bit Server VM warning: Insufficient space for shared memory file:
   1974940
Try using the -Djava.io.tmpdir= option to select an alternate temp location.

Calculate OQuare metrics  --ontology /home/jredondo/datos-jredondo/1-ontologySet/download/data.ecoportal.lifewatch.eu/macroalgaetraits-20230913-skos__submission10.rdf --outputFileXML /home/jredondo/datos-jredondo/2-metrics/data.ecoportal.lifewatch.eu/macroalgaetraits__oquare.xml --outputFileRDF /home/jredondo/datos-jredondo/2-metrics/data.ecoportal.lifewatch.eu/macroalgaetraits__oquare.ttl
Inferece options:
class assertions
class hierarchy
data property assertions
data property hierarchy
different individuals
disjoint classes
object property assertions
object property hierarchy
same individuals
Running Hermit reasoner
Classifying
Classifying time in 64 msec
Building Neo4j graph from ontology model...
Graph builded in 1397 msec
Number of nodes: 4
Number of relationships: 4
[1/2] Searching paths from leaves (maxDepth=2)...Oquare metrics calculated in 4092 msec.
Results in xml saved in: "/home/jredondo/datos-jredondo/2-metrics/data.ecoportal.lifewatch.eu/macroalgaetraits__oquare.xml".
Node=<https://purl.archive.org/oquo#NumberOfClassesMetricScale>
  Path=<http://purl.org/net/QualityModel#hasRankigFunction>
  Message: minCount[1]: Invalid cardinality: expected min 1: Got count = 0
Results in rdf saved in: "/home/jredondo/datos-jredondo/2-metrics/data.ecoportal.lifewatch.eu/macroalgaetraits__oquare.ttl".
Finish. Execution Time = 17164 msec
OpenJDK 64-Bit Server VM warning: Insufficient space for shared memory file:
   1976068
Try using the -Djava.io.tmpdir= option to select an alternate temp location.

Calculate OQuare metrics  --ontology /home/jredondo/datos-jredondo/1-ontologySet/download/data.ecoportal.lifewatch.eu/phytotraits-20230913-skos__submission7.rdf --outputFileXML /home/jredondo/datos-jredondo/2-metrics/data.ecoportal.lifewatch.eu/phytotraits__oquare.xml --outputFileRDF /home/jredondo/datos-jredondo/2-metrics/data.ecoportal.lifewatch.eu/phytotraits__oquare.ttl
Inferece options:
class assertions
class hierarchy
data property assertions
data property hierarchy
different individuals
disjoint classes
object property assertions
object property hierarchy
same individuals
Running Hermit reasoner
Classifying
Classifying time in 55 msec
Building Neo4j graph from ontology model...
Graph builded in 1210 msec
Number of nodes: 4
Number of relationships: 4
[1/2] Searching paths from leaves (maxDepth=2)...Oquare metrics calculated in 3561 msec.
Results in xml saved in: "/home/jredondo/datos-jredondo/2-metrics/data.ecoportal.lifewatch.eu/phytotraits__oquare.xml".
Node=<https://purl.archive.org/oquo#NumberOfClassesMetricScale>
  Path=<http://purl.org/net/QualityModel#hasRankigFunction>
  Message: minCount[1]: Invalid cardinality: expected min 1: Got count = 0
Results in rdf saved in: "/home/jredondo/datos-jredondo/2-metrics/data.ecoportal.lifewatch.eu/phytotraits__oquare.ttl".
Finish. Execution Time = 17101 msec
OpenJDK 64-Bit Server VM warning: Insufficient space for shared memory file:
   1977262
Try using the -Djava.io.tmpdir= option to select an alternate temp location.

Calculate OQuare metrics  --ontology /home/jredondo/datos-jredondo/1-ontologySet/download/data.ecoportal.lifewatch.eu/mr-20221211-owl__ontology.ttl --outputFileXML /home/jredondo/datos-jredondo/2-metrics/data.ecoportal.lifewatch.eu/mr__oquare.xml --outputFileRDF /home/jredondo/datos-jredondo/2-metrics/data.ecoportal.lifewatch.eu/mr__oquare.ttl
Inferece options:
class assertions
class hierarchy
data property assertions
data property hierarchy
different individuals
disjoint classes
object property assertions
object property hierarchy
same individuals
Running Hermit reasoner
Classifying
Classifying time in 116 msec
Building Neo4j graph from ontology model...
Graph builded in 1587 msec
Number of nodes: 10
Number of relationships: 14
[1/4] Searching paths from leaves (maxDepth=6)...Oquare metrics calculated in 5957 msec.
Results in xml saved in: "/home/jredondo/datos-jredondo/2-metrics/data.ecoportal.lifewatch.eu/mr__oquare.xml".
Node=<https://purl.archive.org/oquo#NumberOfClassesMetricScale>
  Path=<http://purl.org/net/QualityModel#hasRankigFunction>
  Message: minCount[1]: Invalid cardinality: expected min 1: Got count = 0
Results in rdf saved in: "/home/jredondo/datos-jredondo/2-metrics/data.ecoportal.lifewatch.eu/mr__oquare.ttl".
Finish. Execution Time = 17520 msec
OpenJDK 64-Bit Server VM warning: Insufficient space for shared memory file:
   1979312
Try using the -Djava.io.tmpdir= option to select an alternate temp location.

Calculate OQuare metrics  --ontology /home/jredondo/datos-jredondo/1-ontologySet/download/data.ecoportal.lifewatch.eu/fishtraits-20230913-skos__submission8.rdf --outputFileXML /home/jredondo/datos-jredondo/2-metrics/data.ecoportal.lifewatch.eu/fishtraits__oquare.xml --outputFileRDF /home/jredondo/datos-jredondo/2-metrics/data.ecoportal.lifewatch.eu/fishtraits__oquare.ttl
Inferece options:
class assertions
class hierarchy
data property assertions
data property hierarchy
different individuals
disjoint classes
object property assertions
object property hierarchy
same individuals
Running Hermit reasoner
Classifying
Classifying time in 21 msec
Building Neo4j graph from ontology model...
Graph builded in 1392 msec
Number of nodes: 4
Number of relationships: 4
[1/2] Searching paths from leaves (maxDepth=2)...Oquare metrics calculated in 4139 msec.
Results in xml saved in: "/home/jredondo/datos-jredondo/2-metrics/data.ecoportal.lifewatch.eu/fishtraits__oquare.xml".
Node=<https://purl.archive.org/oquo#NumberOfClassesMetricScale>
  Path=<http://purl.org/net/QualityModel#hasRankigFunction>
  Message: minCount[1]: Invalid cardinality: expected min 1: Got count = 0
Results in rdf saved in: "/home/jredondo/datos-jredondo/2-metrics/data.ecoportal.lifewatch.eu/fishtraits__oquare.ttl".
Finish. Execution Time = 17579 msec
OpenJDK 64-Bit Server VM warning: Insufficient space for shared memory file:
   1980498
Try using the -Djava.io.tmpdir= option to select an alternate temp location.

Calculate OQuare metrics  --ontology /home/jredondo/datos-jredondo/1-ontologySet/download/data.ecoportal.lifewatch.eu/eurovoc-20220103-skos__eurovoc-in-skos-core-concepts-topConcepts.rdf --outputFileXML /home/jredondo/datos-jredondo/2-metrics/data.ecoportal.lifewatch.eu/eurovoc__oquare.xml --outputFileRDF /home/jredondo/datos-jredondo/2-metrics/data.ecoportal.lifewatch.eu/eurovoc__oquare.ttl
Inferece options:
class assertions
class hierarchy
data property assertions
data property hierarchy
different individuals
disjoint classes
object property assertions
object property hierarchy
same individuals
Running Hermit reasoner
Classifying
Classifying time in 180 msec
Building Neo4j graph from ontology model...
Graph builded in 1474 msec
Number of nodes: 4
Number of relationships: 4
[1/2] Searching paths from leaves (maxDepth=2)...Oquare metrics calculated in 14271 msec.
Results in xml saved in: "/home/jredondo/datos-jredondo/2-metrics/data.ecoportal.lifewatch.eu/eurovoc__oquare.xml".
Node=<https://purl.archive.org/oquo#NumberOfClassesMetricScale>
  Path=<http://purl.org/net/QualityModel#hasRankigFunction>
  Message: minCount[1]: Invalid cardinality: expected min 1: Got count = 0
Results in rdf saved in: "/home/jredondo/datos-jredondo/2-metrics/data.ecoportal.lifewatch.eu/eurovoc__oquare.ttl".
Finish. Execution Time = 29479 msec
OpenJDK 64-Bit Server VM warning: Insufficient space for shared memory file:
   1981410
Try using the -Djava.io.tmpdir= option to select an alternate temp location.

Calculate OQuare metrics  --ontology /home/jredondo/datos-jredondo/1-ontologySet/download/data.ecoportal.lifewatch.eu/zooplanktraits-20230913-skos__submission11.rdf --outputFileXML /home/jredondo/datos-jredondo/2-metrics/data.ecoportal.lifewatch.eu/zooplanktraits__oquare.xml --outputFileRDF /home/jredondo/datos-jredondo/2-metrics/data.ecoportal.lifewatch.eu/zooplanktraits__oquare.ttl
Inferece options:
class assertions
class hierarchy
data property assertions
data property hierarchy
different individuals
disjoint classes
object property assertions
object property hierarchy
same individuals
Running Hermit reasoner
Classifying
Classifying time in 87 msec
Building Neo4j graph from ontology model...
Graph builded in 1487 msec
Number of nodes: 4
Number of relationships: 4
[1/2] Searching paths from leaves (maxDepth=2)...Oquare metrics calculated in 4292 msec.
Results in xml saved in: "/home/jredondo/datos-jredondo/2-metrics/data.ecoportal.lifewatch.eu/zooplanktraits__oquare.xml".
Node=<https://purl.archive.org/oquo#NumberOfClassesMetricScale>
  Path=<http://purl.org/net/QualityModel#hasRankigFunction>
  Message: minCount[1]: Invalid cardinality: expected min 1: Got count = 0
Results in rdf saved in: "/home/jredondo/datos-jredondo/2-metrics/data.ecoportal.lifewatch.eu/zooplanktraits__oquare.ttl".
Finish. Execution Time = 16692 msec
OpenJDK 64-Bit Server VM warning: Insufficient space for shared memory file:
   1982559
Try using the -Djava.io.tmpdir= option to select an alternate temp location.

Calculate OQuare metrics  --ontology /home/jredondo/datos-jredondo/1-ontologySet/download/data.ecoportal.lifewatch.eu/sty-20230911-umls__umls-semantictypes2.ttl --outputFileXML /home/jredondo/datos-jredondo/2-metrics/data.ecoportal.lifewatch.eu/sty__oquare.xml --outputFileRDF /home/jredondo/datos-jredondo/2-metrics/data.ecoportal.lifewatch.eu/sty__oquare.ttl
Inferece options:
class assertions
class hierarchy
data property assertions
data property hierarchy
different individuals
disjoint classes
object property assertions
object property hierarchy
same individuals
Running Hermit reasoner
Classifying
Classifying time in 126 msec
Building Neo4j graph from ontology model...
Graph builded in 3756 msec
Number of nodes: 129
Number of relationships: 209
[1/82] Searching paths from leaves (maxDepth=18)...Oquare metrics calculated in 9392 msec.
Results in xml saved in: "/home/jredondo/datos-jredondo/2-metrics/data.ecoportal.lifewatch.eu/sty__oquare.xml".
Node=<https://purl.archive.org/oquo#NumberOfClassesMetricScale>
  Path=<http://purl.org/net/QualityModel#hasRankigFunction>
  Message: minCount[1]: Invalid cardinality: expected min 1: Got count = 0
Results in rdf saved in: "/home/jredondo/datos-jredondo/2-metrics/data.ecoportal.lifewatch.eu/sty__oquare.ttl".
Finish. Execution Time = 23430 msec
OpenJDK 64-Bit Server VM warning: Insufficient space for shared memory file:
   1985399
Try using the -Djava.io.tmpdir= option to select an alternate temp location.

Calculate OQuare metrics  --ontology /home/jredondo/datos-jredondo/1-ontologySet/download/data.ecoportal.lifewatch.eu/pco-20220204-owl__pco.owl --outputFileXML /home/jredondo/datos-jredondo/2-metrics/data.ecoportal.lifewatch.eu/pco__oquare.xml --outputFileRDF /home/jredondo/datos-jredondo/2-metrics/data.ecoportal.lifewatch.eu/pco__oquare.ttl
Inferece options:
class assertions
class hierarchy
data property assertions
data property hierarchy
different individuals
disjoint classes
object property assertions
object property hierarchy
same individuals
Running Hermit reasoner
Classifying
Classifying time in 7447 msec
Building Neo4j graph from ontology model...
Graph builded in 5268 msec
Number of nodes: 222
Number of relationships: 343
[1/101] Searching paths from leaves (maxDepth=62)...Oquare metrics calculated in 31406 msec.
Results in xml saved in: "/home/jredondo/datos-jredondo/2-metrics/data.ecoportal.lifewatch.eu/pco__oquare.xml".
Node=<https://purl.archive.org/oquo#NumberOfClassesMetricScale>
  Path=<http://purl.org/net/QualityModel#hasRankigFunction>
  Message: minCount[1]: Invalid cardinality: expected min 1: Got count = 0
Results in rdf saved in: "/home/jredondo/datos-jredondo/2-metrics/data.ecoportal.lifewatch.eu/pco__oquare.ttl".
Finish. Execution Time = 44524 msec
OpenJDK 64-Bit Server VM warning: Insufficient space for shared memory file:
   1991467
Try using the -Djava.io.tmpdir= option to select an alternate temp location.

Calculate OQuare metrics  --ontology /home/jredondo/datos-jredondo/1-ontologySet/download/data.ecoportal.lifewatch.eu/biodivthes-20220927-skos__Biodiversite2.1exportLoterreuneskos.rdf --outputFileXML /home/jredondo/datos-jredondo/2-metrics/data.ecoportal.lifewatch.eu/biodivthes__oquare.xml --outputFileRDF /home/jredondo/datos-jredondo/2-metrics/data.ecoportal.lifewatch.eu/biodivthes__oquare.ttl
Inferece options:
class assertions
class hierarchy
data property assertions
data property hierarchy
different individuals
disjoint classes
object property assertions
object property hierarchy
same individuals
Running Hermit reasoner
Classifying
Classifying time in 186 msec
Building Neo4j graph from ontology model...
Graph builded in 1480 msec
Number of nodes: 6
Number of relationships: 8
[1/4] Searching paths from leaves (maxDepth=2)...Oquare metrics calculated in 5194 msec.
Results in xml saved in: "/home/jredondo/datos-jredondo/2-metrics/data.ecoportal.lifewatch.eu/biodivthes__oquare.xml".
Node=<https://purl.archive.org/oquo#NumberOfClassesMetricScale>
  Path=<http://purl.org/net/QualityModel#hasRankigFunction>
  Message: minCount[1]: Invalid cardinality: expected min 1: Got count = 0
Results in rdf saved in: "/home/jredondo/datos-jredondo/2-metrics/data.ecoportal.lifewatch.eu/biodivthes__oquare.ttl".
Finish. Execution Time = 19902 msec
OpenJDK 64-Bit Server VM warning: Insufficient space for shared memory file:
   1992053
Try using the -Djava.io.tmpdir= option to select an alternate temp location.

Calculate OQuare metrics  --ontology /home/jredondo/datos-jredondo/1-ontologySet/download/data.ecoportal.lifewatch.eu/dwcem-20211223-skos__establishmentMeansCurated.ttl --outputFileXML /home/jredondo/datos-jredondo/2-metrics/data.ecoportal.lifewatch.eu/dwcem__oquare.xml --outputFileRDF /home/jredondo/datos-jredondo/2-metrics/data.ecoportal.lifewatch.eu/dwcem__oquare.ttl
Inferece options:
class assertions
class hierarchy
data property assertions
data property hierarchy
different individuals
disjoint classes
object property assertions
object property hierarchy
same individuals
Running Hermit reasoner
Classifying
Classifying time in 75 msec
Building Neo4j graph from ontology model...
Graph builded in 2331 msec
Number of nodes: 5
Number of relationships: 6
[1/3] Searching paths from leaves (maxDepth=2)...Oquare metrics calculated in 5632 msec.
Results in xml saved in: "/home/jredondo/datos-jredondo/2-metrics/data.ecoportal.lifewatch.eu/dwcem__oquare.xml".
Node=<https://purl.archive.org/oquo#NumberOfClassesMetricScale>
  Path=<http://purl.org/net/QualityModel#hasRankigFunction>
  Message: minCount[1]: Invalid cardinality: expected min 1: Got count = 0
Results in rdf saved in: "/home/jredondo/datos-jredondo/2-metrics/data.ecoportal.lifewatch.eu/dwcem__oquare.ttl".
Finish. Execution Time = 17841 msec
OpenJDK 64-Bit Server VM warning: Insufficient space for shared memory file:
   1992498
Try using the -Djava.io.tmpdir= option to select an alternate temp location.

Calculate OQuare metrics  --ontology /home/jredondo/datos-jredondo/1-ontologySet/download/data.ecoportal.lifewatch.eu/dsw-20211222-owl__dsw.owl --outputFileXML /home/jredondo/datos-jredondo/2-metrics/data.ecoportal.lifewatch.eu/dsw__oquare.xml --outputFileRDF /home/jredondo/datos-jredondo/2-metrics/data.ecoportal.lifewatch.eu/dsw__oquare.ttl
Inferece options:
class assertions
class hierarchy
data property assertions
data property hierarchy
different individuals
disjoint classes
object property assertions
object property hierarchy
same individuals
Running Hermit reasoner
Classifying
Classifying time in 269 msec
Building Neo4j graph from ontology model...
Graph builded in 1364 msec
Number of nodes: 20
Number of relationships: 34
[1/16] Searching paths from leaves (maxDepth=6)...Oquare metrics calculated in 5396 msec.
Results in xml saved in: "/home/jredondo/datos-jredondo/2-metrics/data.ecoportal.lifewatch.eu/dsw__oquare.xml".
Node=<https://purl.archive.org/oquo#NumberOfClassesMetricScale>
  Path=<http://purl.org/net/QualityModel#hasRankigFunction>
  Message: minCount[1]: Invalid cardinality: expected min 1: Got count = 0
Results in rdf saved in: "/home/jredondo/datos-jredondo/2-metrics/data.ecoportal.lifewatch.eu/dsw__oquare.ttl".
Finish. Execution Time = 17423 msec
