Calculate OQuare metrics  --ontology /home/jredondo/datos-jredondo/1-ontologySet/download/data.earthportal.eu/aer_pfm-20230915-skos__Platforms.ttl --outputFileXML /home/jredondo/datos-jredondo/2-metrics/data.earthportal.eu/aer_pfm__oquare.xml --outputFileRDF /home/jredondo/datos-jredondo/2-metrics/data.earthportal.eu/aer_pfm__oquare.ttl
Inferece options:
class assertions
class hierarchy
data property assertions
data property hierarchy
different individuals
disjoint classes
object property assertions
object property hierarchy
same individuals
Running Hermit reasoner
Classifying
Classifying time in 52 msec
Building Neo4j graph from ontology model...
Graph builded in 1528 msec
Number of nodes: 4
Number of relationships: 4
[1/2] Searching paths from leaves (maxDepth=2)...Oquare metrics calculated in 5039 msec.
Results in xml saved in: "/home/jredondo/datos-jredondo/2-metrics/data.earthportal.eu/aer_pfm__oquare.xml".
Node=<https://purl.archive.org/oquo#NumberOfClassesMetricScale>
  Path=<http://purl.org/net/QualityModel#hasRankigFunction>
  Message: minCount[1]: Invalid cardinality: expected min 1: Got count = 0
Results in rdf saved in: "/home/jredondo/datos-jredondo/2-metrics/data.earthportal.eu/aer_pfm__oquare.ttl".
Finish. Execution Time = 17797 msec
Calculate OQuare metrics  --ontology /home/jredondo/datos-jredondo/1-ontologySet/download/data.earthportal.eu/actris_cl-20240422-skos__ACTRIS-controlled-lists.ttl --outputFileXML /home/jredondo/datos-jredondo/2-metrics/data.earthportal.eu/actris_cl__oquare.xml --outputFileRDF /home/jredondo/datos-jredondo/2-metrics/data.earthportal.eu/actris_cl__oquare.ttl
Inferece options:
class assertions
class hierarchy
data property assertions
data property hierarchy
different individuals
disjoint classes
object property assertions
object property hierarchy
same individuals
Running Hermit reasoner
Classifying
Classifying time in 81 msec
Building Neo4j graph from ontology model...
Graph builded in 1664 msec
Number of nodes: 4
Number of relationships: 4
[1/2] Searching paths from leaves (maxDepth=2)...Oquare metrics calculated in 4987 msec.
Results in xml saved in: "/home/jredondo/datos-jredondo/2-metrics/data.earthportal.eu/actris_cl__oquare.xml".
Node=<https://purl.archive.org/oquo#NumberOfClassesMetricScale>
  Path=<http://purl.org/net/QualityModel#hasRankigFunction>
  Message: minCount[1]: Invalid cardinality: expected min 1: Got count = 0
Results in rdf saved in: "/home/jredondo/datos-jredondo/2-metrics/data.earthportal.eu/actris_cl__oquare.ttl".
Finish. Execution Time = 18582 msec
Calculate OQuare metrics  --ontology /home/jredondo/datos-jredondo/1-ontologySet/download/data.earthportal.eu/fmt_pro-20240308-skos__formater-produit-220722.ttl --outputFileXML /home/jredondo/datos-jredondo/2-metrics/data.earthportal.eu/fmt_pro__oquare.xml --outputFileRDF /home/jredondo/datos-jredondo/2-metrics/data.earthportal.eu/fmt_pro__oquare.ttl
org.semanticweb.owlapi.model.OWLRuntimeException: org.coode.owlapi.rdfxml.parser.TranslatedUnloadedImportException: org.semanticweb.owlapi.model.UnloadableImportException: Could not load imported ontology: <http://purl.org/linked-data/registry-ui#> Cause: Problem parsing http://purl.org/linked-data/registry-ui#
Could not parse ontology.  Either a suitable parser could not be found, or parsing failed.  See parser logs below for explanation.
The following parsers were tried:
1) RDFXMLParser
2) OWLXMLParser
3) OWLFunctionalSyntaxOWLParser
4) TurtleOntologyParser
5) OWLOBOParser
6) KRSS2OWLParser
7) ManchesterOWLSyntaxOntologyParser


Detailed logs:
--------------------------------------------------------------------------------
Parser: RDFXMLParser
org.xml.sax.SAXParseException; systemId: http://purl.org/linked-data/registry-ui#; lineNumber: 1; columnNumber: 1; Content is not allowed in prolog.

--------------------------------------------------------------------------------
Parser: OWLXMLParser
org.xml.sax.SAXParseException; systemId: http://purl.org/linked-data/registry-ui#; lineNumber: 1; columnNumber: 1; Content is not allowed in prolog.

--------------------------------------------------------------------------------
Parser: OWLFunctionalSyntaxOWLParser
Encountered " <ERROR> "# "" at line 1, column 1.
Was expecting:
    "Ontology" ...
     (Line 0)

--------------------------------------------------------------------------------
Parser: TurtleOntologyParser
uk.ac.manchester.cs.owl.owlapi.turtle.parser.ParseException: Encountered "" at line 1, column 0.
Was expecting one of:
    

--------------------------------------------------------------------------------
Parser: OWLOBOParser
org.coode.owlapi.obo.parser.TokenMgrError: Lexical error at line 1, column 28.  Encountered: "\n" (10), after : ""

--------------------------------------------------------------------------------
Parser: KRSS2OWLParser
de.uulm.ecs.ai.owlapi.krssparser.ParseException: Encountered " <NAME> "# "" at line 1, column 1.
Was expecting:
    <EOF> 
    

--------------------------------------------------------------------------------
Parser: ManchesterOWLSyntaxOntologyParser
Encountered '@prefix rdf:  <http://www.w3.org/1999/02/22-rdf-syntax-ns#> .' at line 3 column 1.  Expected either 'Ontology:' or 'Prefix:' (Line 3)


org.semanticweb.owlapi.model.UnloadableImportException: Could not load imported ontology: <http://purl.org/linked-data/registry-ui#> Cause: Problem parsing http://purl.org/linked-data/registry-ui#
Could not parse ontology.  Either a suitable parser could not be found, or parsing failed.  See parser logs below for explanation.
The following parsers were tried:
1) RDFXMLParser
2) OWLXMLParser
3) OWLFunctionalSyntaxOWLParser
4) TurtleOntologyParser
5) OWLOBOParser
6) KRSS2OWLParser
7) ManchesterOWLSyntaxOntologyParser


Detailed logs:
--------------------------------------------------------------------------------
Parser: RDFXMLParser
org.xml.sax.SAXParseException; systemId: http://purl.org/linked-data/registry-ui#; lineNumber: 1; columnNumber: 1; Content is not allowed in prolog.

--------------------------------------------------------------------------------
Parser: OWLXMLParser
org.xml.sax.SAXParseException; systemId: http://purl.org/linked-data/registry-ui#; lineNumber: 1; columnNumber: 1; Content is not allowed in prolog.

--------------------------------------------------------------------------------
Parser: OWLFunctionalSyntaxOWLParser
Encountered " <ERROR> "# "" at line 1, column 1.
Was expecting:
    "Ontology" ...
     (Line 0)

--------------------------------------------------------------------------------
Parser: TurtleOntologyParser
uk.ac.manchester.cs.owl.owlapi.turtle.parser.ParseException: Encountered "" at line 1, column 0.
Was expecting one of:
    

--------------------------------------------------------------------------------
Parser: OWLOBOParser
org.coode.owlapi.obo.parser.TokenMgrError: Lexical error at line 1, column 28.  Encountered: "\n" (10), after : ""

--------------------------------------------------------------------------------
Parser: KRSS2OWLParser
de.uulm.ecs.ai.owlapi.krssparser.ParseException: Encountered " <NAME> "# "" at line 1, column 1.
Was expecting:
    <EOF> 
    

--------------------------------------------------------------------------------
Parser: ManchesterOWLSyntaxOntologyParser
Encountered '@prefix rdf:  <http://www.w3.org/1999/02/22-rdf-syntax-ns#> .' at line 3 column 1.  Expected either 'Ontology:' or 'Prefix:' (Line 3)


	at uk.ac.manchester.cs.owl.owlapi.turtle.parser.OWLRDFConsumerAdapter.handleTriple(OWLRDFConsumerAdapter.java:92)
	at uk.ac.manchester.cs.owl.owlapi.turtle.parser.TurtleParser.parseObject(TurtleParser.java:383)
	at uk.ac.manchester.cs.owl.owlapi.turtle.parser.TurtleParser.parseObjectList(TurtleParser.java:366)
	at uk.ac.manchester.cs.owl.owlapi.turtle.parser.TurtleParser.parsePredicateObjectList(TurtleParser.java:298)
	at uk.ac.manchester.cs.owl.owlapi.turtle.parser.TurtleParser.parseTriples(TurtleParser.java:175)
	at uk.ac.manchester.cs.owl.owlapi.turtle.parser.TurtleParser.parseStatement(TurtleParser.java:168)
	at uk.ac.manchester.cs.owl.owlapi.turtle.parser.TurtleParser.parseDocument(TurtleParser.java:120)
	at uk.ac.manchester.cs.owl.owlapi.turtle.parser.TurtleOntologyParser.parse(TurtleOntologyParser.java:100)
	at uk.ac.manchester.cs.owl.owlapi.ParsableOWLOntologyFactory.loadOWLOntology(ParsableOWLOntologyFactory.java:206)
	at uk.ac.manchester.cs.owl.owlapi.OWLOntologyManagerImpl.loadOntology(OWLOntologyManagerImpl.java:829)
	at uk.ac.manchester.cs.owl.owlapi.OWLOntologyManagerImpl.loadOntologyFromOntologyDocument(OWLOntologyManagerImpl.java:775)
	at uk.ac.manchester.cs.owl.owlapi.OWLOntologyManagerImpl.loadOntologyFromOntologyDocument(OWLOntologyManagerImpl.java:788)
	at um.cmd.RunOquare.getOvdi(RunOquare.java:180)
	at um.cmd.RunOquare.run(RunOquare.java:112)
	at um.cmd.RunOquare.main(RunOquare.java:42)
Caused by: org.coode.owlapi.rdfxml.parser.TranslatedUnloadedImportException: org.semanticweb.owlapi.model.UnloadableImportException: Could not load imported ontology: <http://purl.org/linked-data/registry-ui#> Cause: Problem parsing http://purl.org/linked-data/registry-ui#
Could not parse ontology.  Either a suitable parser could not be found, or parsing failed.  See parser logs below for explanation.
The following parsers were tried:
1) RDFXMLParser
2) OWLXMLParser
3) OWLFunctionalSyntaxOWLParser
4) TurtleOntologyParser
5) OWLOBOParser
6) KRSS2OWLParser
7) ManchesterOWLSyntaxOntologyParser


Detailed logs:
--------------------------------------------------------------------------------
Parser: RDFXMLParser
org.xml.sax.SAXParseException; systemId: http://purl.org/linked-data/registry-ui#; lineNumber: 1; columnNumber: 1; Content is not allowed in prolog.

--------------------------------------------------------------------------------
Parser: OWLXMLParser
org.xml.sax.SAXParseException; systemId: http://purl.org/linked-data/registry-ui#; lineNumber: 1; columnNumber: 1; Content is not allowed in prolog.

--------------------------------------------------------------------------------
Parser: OWLFunctionalSyntaxOWLParser
Encountered " <ERROR> "# "" at line 1, column 1.
Was expecting:
    "Ontology" ...
     (Line 0)

--------------------------------------------------------------------------------
Parser: TurtleOntologyParser
uk.ac.manchester.cs.owl.owlapi.turtle.parser.ParseException: Encountered "" at line 1, column 0.
Was expecting one of:
    

--------------------------------------------------------------------------------
Parser: OWLOBOParser
org.coode.owlapi.obo.parser.TokenMgrError: Lexical error at line 1, column 28.  Encountered: "\n" (10), after : ""

--------------------------------------------------------------------------------
Parser: KRSS2OWLParser
de.uulm.ecs.ai.owlapi.krssparser.ParseException: Encountered " <NAME> "# "" at line 1, column 1.
Was expecting:
    <EOF> 
    

--------------------------------------------------------------------------------
Parser: ManchesterOWLSyntaxOntologyParser
Encountered '@prefix rdf:  <http://www.w3.org/1999/02/22-rdf-syntax-ns#> .' at line 3 column 1.  Expected either 'Ontology:' or 'Prefix:' (Line 3)


org.semanticweb.owlapi.model.UnloadableImportException: Could not load imported ontology: <http://purl.org/linked-data/registry-ui#> Cause: Problem parsing http://purl.org/linked-data/registry-ui#
Could not parse ontology.  Either a suitable parser could not be found, or parsing failed.  See parser logs below for explanation.
The following parsers were tried:
1) RDFXMLParser
2) OWLXMLParser
3) OWLFunctionalSyntaxOWLParser
4) TurtleOntologyParser
5) OWLOBOParser
6) KRSS2OWLParser
7) ManchesterOWLSyntaxOntologyParser


Detailed logs:
--------------------------------------------------------------------------------
Parser: RDFXMLParser
org.xml.sax.SAXParseException; systemId: http://purl.org/linked-data/registry-ui#; lineNumber: 1; columnNumber: 1; Content is not allowed in prolog.

--------------------------------------------------------------------------------
Parser: OWLXMLParser
org.xml.sax.SAXParseException; systemId: http://purl.org/linked-data/registry-ui#; lineNumber: 1; columnNumber: 1; Content is not allowed in prolog.

--------------------------------------------------------------------------------
Parser: OWLFunctionalSyntaxOWLParser
Encountered " <ERROR> "# "" at line 1, column 1.
Was expecting:
    "Ontology" ...
     (Line 0)

--------------------------------------------------------------------------------
Parser: TurtleOntologyParser
uk.ac.manchester.cs.owl.owlapi.turtle.parser.ParseException: Encountered "" at line 1, column 0.
Was expecting one of:
    

--------------------------------------------------------------------------------
Parser: OWLOBOParser
org.coode.owlapi.obo.parser.TokenMgrError: Lexical error at line 1, column 28.  Encountered: "\n" (10), after : ""

--------------------------------------------------------------------------------
Parser: KRSS2OWLParser
de.uulm.ecs.ai.owlapi.krssparser.ParseException: Encountered " <NAME> "# "" at line 1, column 1.
Was expecting:
    <EOF> 
    

--------------------------------------------------------------------------------
Parser: ManchesterOWLSyntaxOntologyParser
Encountered '@prefix rdf:  <http://www.w3.org/1999/02/22-rdf-syntax-ns#> .' at line 3 column 1.  Expected either 'Ontology:' or 'Prefix:' (Line 3)


	at org.coode.owlapi.rdfxml.parser.OWLRDFConsumer.statementWithResourceValue(OWLRDFConsumer.java:1712)
	at uk.ac.manchester.cs.owl.owlapi.turtle.parser.OWLRDFConsumerAdapter.handleTriple(OWLRDFConsumerAdapter.java:89)
	... 14 more
Caused by: org.semanticweb.owlapi.model.UnloadableImportException: Could not load imported ontology: <http://purl.org/linked-data/registry-ui#> Cause: Problem parsing http://purl.org/linked-data/registry-ui#
Could not parse ontology.  Either a suitable parser could not be found, or parsing failed.  See parser logs below for explanation.
The following parsers were tried:
1) RDFXMLParser
2) OWLXMLParser
3) OWLFunctionalSyntaxOWLParser
4) TurtleOntologyParser
5) OWLOBOParser
6) KRSS2OWLParser
7) ManchesterOWLSyntaxOntologyParser


Detailed logs:
--------------------------------------------------------------------------------
Parser: RDFXMLParser
org.xml.sax.SAXParseException; systemId: http://purl.org/linked-data/registry-ui#; lineNumber: 1; columnNumber: 1; Content is not allowed in prolog.

--------------------------------------------------------------------------------
Parser: OWLXMLParser
org.xml.sax.SAXParseException; systemId: http://purl.org/linked-data/registry-ui#; lineNumber: 1; columnNumber: 1; Content is not allowed in prolog.

--------------------------------------------------------------------------------
Parser: OWLFunctionalSyntaxOWLParser
Encountered " <ERROR> "# "" at line 1, column 1.
Was expecting:
    "Ontology" ...
     (Line 0)

--------------------------------------------------------------------------------
Parser: TurtleOntologyParser
uk.ac.manchester.cs.owl.owlapi.turtle.parser.ParseException: Encountered "" at line 1, column 0.
Was expecting one of:
    

--------------------------------------------------------------------------------
Parser: OWLOBOParser
org.coode.owlapi.obo.parser.TokenMgrError: Lexical error at line 1, column 28.  Encountered: "\n" (10), after : ""

--------------------------------------------------------------------------------
Parser: KRSS2OWLParser
de.uulm.ecs.ai.owlapi.krssparser.ParseException: Encountered " <NAME> "# "" at line 1, column 1.
Was expecting:
    <EOF> 
    

--------------------------------------------------------------------------------
Parser: ManchesterOWLSyntaxOntologyParser
Encountered '@prefix rdf:  <http://www.w3.org/1999/02/22-rdf-syntax-ns#> .' at line 3 column 1.  Expected either 'Ontology:' or 'Prefix:' (Line 3)


	at uk.ac.manchester.cs.owl.owlapi.OWLOntologyManagerImpl.makeLoadImportRequest(OWLOntologyManagerImpl.java:1264)
	at org.coode.owlapi.rdfxml.parser.TPImportsHandler.handleTriple(TPImportsHandler.java:89)
	at org.coode.owlapi.rdfxml.parser.OWLRDFConsumer.handleStreaming(OWLRDFConsumer.java:1750)
	at org.coode.owlapi.rdfxml.parser.OWLRDFConsumer.statementWithResourceValue(OWLRDFConsumer.java:1709)
	... 15 more
Caused by: org.semanticweb.owlapi.io.UnparsableOntologyException: Problem parsing http://purl.org/linked-data/registry-ui#
Could not parse ontology.  Either a suitable parser could not be found, or parsing failed.  See parser logs below for explanation.
The following parsers were tried:
1) RDFXMLParser
2) OWLXMLParser
3) OWLFunctionalSyntaxOWLParser
4) TurtleOntologyParser
5) OWLOBOParser
6) KRSS2OWLParser
7) ManchesterOWLSyntaxOntologyParser


Detailed logs:
--------------------------------------------------------------------------------
Parser: RDFXMLParser
org.xml.sax.SAXParseException; systemId: http://purl.org/linked-data/registry-ui#; lineNumber: 1; columnNumber: 1; Content is not allowed in prolog.

--------------------------------------------------------------------------------
Parser: OWLXMLParser
org.xml.sax.SAXParseException; systemId: http://purl.org/linked-data/registry-ui#; lineNumber: 1; columnNumber: 1; Content is not allowed in prolog.

--------------------------------------------------------------------------------
Parser: OWLFunctionalSyntaxOWLParser
Encountered " <ERROR> "# "" at line 1, column 1.
Was expecting:
    "Ontology" ...
     (Line 0)

--------------------------------------------------------------------------------
Parser: TurtleOntologyParser
uk.ac.manchester.cs.owl.owlapi.turtle.parser.ParseException: Encountered "" at line 1, column 0.
Was expecting one of:
    

--------------------------------------------------------------------------------
Parser: OWLOBOParser
org.coode.owlapi.obo.parser.TokenMgrError: Lexical error at line 1, column 28.  Encountered: "\n" (10), after : ""

--------------------------------------------------------------------------------
Parser: KRSS2OWLParser
de.uulm.ecs.ai.owlapi.krssparser.ParseException: Encountered " <NAME> "# "" at line 1, column 1.
Was expecting:
    <EOF> 
    

--------------------------------------------------------------------------------
Parser: ManchesterOWLSyntaxOntologyParser
Encountered '@prefix rdf:  <http://www.w3.org/1999/02/22-rdf-syntax-ns#> .' at line 3 column 1.  Expected either 'Ontology:' or 'Prefix:' (Line 3)


	at uk.ac.manchester.cs.owl.owlapi.ParsableOWLOntologyFactory.loadOWLOntology(ParsableOWLOntologyFactory.java:236)
	at uk.ac.manchester.cs.owl.owlapi.OWLOntologyManagerImpl.loadOntology(OWLOntologyManagerImpl.java:829)
	at uk.ac.manchester.cs.owl.owlapi.OWLOntologyManagerImpl.loadOntology(OWLOntologyManagerImpl.java:749)
	at uk.ac.manchester.cs.owl.owlapi.OWLOntologyManagerImpl.loadImports(OWLOntologyManagerImpl.java:1224)
	at uk.ac.manchester.cs.owl.owlapi.OWLOntologyManagerImpl.makeLoadImportRequest(OWLOntologyManagerImpl.java:1257)
	... 18 more
Error: "org.coode.owlapi.rdfxml.parser.TranslatedUnloadedImportException: org.semanticweb.owlapi.model.UnloadableImportException: Could not load imported ontology: <http://purl.org/linked-data/registry-ui#> Cause: Problem parsing http://purl.org/linked-data/registry-ui#
Could not parse ontology.  Either a suitable parser could not be found, or parsing failed.  See parser logs below for explanation.
The following parsers were tried:
1) RDFXMLParser
2) OWLXMLParser
3) OWLFunctionalSyntaxOWLParser
4) TurtleOntologyParser
5) OWLOBOParser
6) KRSS2OWLParser
7) ManchesterOWLSyntaxOntologyParser


Detailed logs:
--------------------------------------------------------------------------------
Parser: RDFXMLParser
org.xml.sax.SAXParseException; systemId: http://purl.org/linked-data/registry-ui#; lineNumber: 1; columnNumber: 1; Content is not allowed in prolog.

--------------------------------------------------------------------------------
Parser: OWLXMLParser
org.xml.sax.SAXParseException; systemId: http://purl.org/linked-data/registry-ui#; lineNumber: 1; columnNumber: 1; Content is not allowed in prolog.

--------------------------------------------------------------------------------
Parser: OWLFunctionalSyntaxOWLParser
Encountered " <ERROR> "# "" at line 1, column 1.
Was expecting:
    "Ontology" ...
     (Line 0)

--------------------------------------------------------------------------------
Parser: TurtleOntologyParser
uk.ac.manchester.cs.owl.owlapi.turtle.parser.ParseException: Encountered "" at line 1, column 0.
Was expecting one of:
    

--------------------------------------------------------------------------------
Parser: OWLOBOParser
org.coode.owlapi.obo.parser.TokenMgrError: Lexical error at line 1, column 28.  Encountered: "\n" (10), after : ""

--------------------------------------------------------------------------------
Parser: KRSS2OWLParser
de.uulm.ecs.ai.owlapi.krssparser.ParseException: Encountered " <NAME> "# "" at line 1, column 1.
Was expecting:
    <EOF> 
    

--------------------------------------------------------------------------------
Parser: ManchesterOWLSyntaxOntologyParser
Encountered '@prefix rdf:  <http://www.w3.org/1999/02/22-rdf-syntax-ns#> .' at line 3 column 1.  Expected either 'Ontology:' or 'Prefix:' (Line 3)


org.semanticweb.owlapi.model.UnloadableImportException: Could not load imported ontology: <http://purl.org/linked-data/registry-ui#> Cause: Problem parsing http://purl.org/linked-data/registry-ui#
Could not parse ontology.  Either a suitable parser could not be found, or parsing failed.  See parser logs below for explanation.
The following parsers were tried:
1) RDFXMLParser
2) OWLXMLParser
3) OWLFunctionalSyntaxOWLParser
4) TurtleOntologyParser
5) OWLOBOParser
6) KRSS2OWLParser
7) ManchesterOWLSyntaxOntologyParser


Detailed logs:
--------------------------------------------------------------------------------
Parser: RDFXMLParser
org.xml.sax.SAXParseException; systemId: http://purl.org/linked-data/registry-ui#; lineNumber: 1; columnNumber: 1; Content is not allowed in prolog.

--------------------------------------------------------------------------------
Parser: OWLXMLParser
org.xml.sax.SAXParseException; systemId: http://purl.org/linked-data/registry-ui#; lineNumber: 1; columnNumber: 1; Content is not allowed in prolog.

--------------------------------------------------------------------------------
Parser: OWLFunctionalSyntaxOWLParser
Encountered " <ERROR> "# "" at line 1, column 1.
Was expecting:
    "Ontology" ...
     (Line 0)

--------------------------------------------------------------------------------
Parser: TurtleOntologyParser
uk.ac.manchester.cs.owl.owlapi.turtle.parser.ParseException: Encountered "" at line 1, column 0.
Was expecting one of:
    

--------------------------------------------------------------------------------
Parser: OWLOBOParser
org.coode.owlapi.obo.parser.TokenMgrError: Lexical error at line 1, column 28.  Encountered: "\n" (10), after : ""

--------------------------------------------------------------------------------
Parser: KRSS2OWLParser
de.uulm.ecs.ai.owlapi.krssparser.ParseException: Encountered " <NAME> "# "" at line 1, column 1.
Was expecting:
    <EOF> 
    

--------------------------------------------------------------------------------
Parser: ManchesterOWLSyntaxOntologyParser
Encountered '@prefix rdf:  <http://www.w3.org/1999/02/22-rdf-syntax-ns#> .' at line 3 column 1.  Expected either 'Ontology:' or 'Prefix:' (Line 3)

".
Finish. Execution Time = 10226 msec
Calculate OQuare metrics  --ontology /home/jredondo/datos-jredondo/1-ontologySet/download/data.earthportal.eu/sdndev-20231013-skos__NVS-SDNDEV-542-withTopLevelConcepts-someBroaders1.rdf --outputFileXML /home/jredondo/datos-jredondo/2-metrics/data.earthportal.eu/sdndev__oquare.xml --outputFileRDF /home/jredondo/datos-jredondo/2-metrics/data.earthportal.eu/sdndev__oquare.ttl
Inferece options:
class assertions
class hierarchy
data property assertions
data property hierarchy
different individuals
disjoint classes
object property assertions
object property hierarchy
same individuals
Running Hermit reasoner
Classifying
Classifying time in 184 msec
Building Neo4j graph from ontology model...
Graph builded in 2099 msec
Number of nodes: 4
Number of relationships: 4
[1/2] Searching paths from leaves (maxDepth=2)...Oquare metrics calculated in 7579 msec.
Results in xml saved in: "/home/jredondo/datos-jredondo/2-metrics/data.earthportal.eu/sdndev__oquare.xml".
Node=<https://purl.archive.org/oquo#NumberOfClassesMetricScale>
  Path=<http://purl.org/net/QualityModel#hasRankigFunction>
  Message: minCount[1]: Invalid cardinality: expected min 1: Got count = 0
Results in rdf saved in: "/home/jredondo/datos-jredondo/2-metrics/data.earthportal.eu/sdndev__oquare.ttl".
Finish. Execution Time = 22412 msec
Calculate OQuare metrics  --ontology /home/jredondo/datos-jredondo/1-ontologySet/download/data.earthportal.eu/sty-20220602-umls__umls-semantictypes.ttl --outputFileXML /home/jredondo/datos-jredondo/2-metrics/data.earthportal.eu/sty__oquare.xml --outputFileRDF /home/jredondo/datos-jredondo/2-metrics/data.earthportal.eu/sty__oquare.ttl
Inferece options:
class assertions
class hierarchy
data property assertions
data property hierarchy
different individuals
disjoint classes
object property assertions
object property hierarchy
same individuals
Running Hermit reasoner
Classifying
Classifying time in 57 msec
Building Neo4j graph from ontology model...
Graph builded in 5137 msec
Number of nodes: 129
Number of relationships: 209
[1/82] Searching paths from leaves (maxDepth=18)...Oquare metrics calculated in 11174 msec.
Results in xml saved in: "/home/jredondo/datos-jredondo/2-metrics/data.earthportal.eu/sty__oquare.xml".
Node=<https://purl.archive.org/oquo#NumberOfClassesMetricScale>
  Path=<http://purl.org/net/QualityModel#hasRankigFunction>
  Message: minCount[1]: Invalid cardinality: expected min 1: Got count = 0
Results in rdf saved in: "/home/jredondo/datos-jredondo/2-metrics/data.earthportal.eu/sty__oquare.ttl".
Finish. Execution Time = 25433 msec
Calculate OQuare metrics  --ontology /home/jredondo/datos-jredondo/1-ontologySet/download/data.earthportal.eu/nvs_od1-20231031-skos__NVS-OD1.ttl --outputFileXML /home/jredondo/datos-jredondo/2-metrics/data.earthportal.eu/nvs_od1__oquare.xml --outputFileRDF /home/jredondo/datos-jredondo/2-metrics/data.earthportal.eu/nvs_od1__oquare.ttl
Inferece options:
class assertions
class hierarchy
data property assertions
data property hierarchy
different individuals
disjoint classes
object property assertions
object property hierarchy
same individuals
Running Hermit reasoner
Classifying
Classifying time in 41 msec
Building Neo4j graph from ontology model...
Graph builded in 1940 msec
Number of nodes: 4
Number of relationships: 4
[1/2] Searching paths from leaves (maxDepth=2)...Oquare metrics calculated in 5804 msec.
Results in xml saved in: "/home/jredondo/datos-jredondo/2-metrics/data.earthportal.eu/nvs_od1__oquare.xml".
Node=<https://purl.archive.org/oquo#NumberOfClassesMetricScale>
  Path=<http://purl.org/net/QualityModel#hasRankigFunction>
  Message: minCount[1]: Invalid cardinality: expected min 1: Got count = 0
Results in rdf saved in: "/home/jredondo/datos-jredondo/2-metrics/data.earthportal.eu/nvs_od1__oquare.ttl".
Finish. Execution Time = 20385 msec
Calculate OQuare metrics  --ontology /home/jredondo/datos-jredondo/1-ontologySet/download/data.earthportal.eu/easydata_themes-20240319-skos__Voc-thematique.ttl --outputFileXML /home/jredondo/datos-jredondo/2-metrics/data.earthportal.eu/easydata_themes__oquare.xml --outputFileRDF /home/jredondo/datos-jredondo/2-metrics/data.earthportal.eu/easydata_themes__oquare.ttl
Inferece options:
class assertions
class hierarchy
data property assertions
data property hierarchy
different individuals
disjoint classes
object property assertions
object property hierarchy
same individuals
Running Hermit reasoner
Classifying
Classifying time in 88 msec
Building Neo4j graph from ontology model...
Graph builded in 1838 msec
Number of nodes: 8
Number of relationships: 12
[1/6] Searching paths from leaves (maxDepth=2)...Oquare metrics calculated in 6074 msec.
Results in xml saved in: "/home/jredondo/datos-jredondo/2-metrics/data.earthportal.eu/easydata_themes__oquare.xml".
Node=<https://purl.archive.org/oquo#NumberOfClassesMetricScale>
  Path=<http://purl.org/net/QualityModel#hasRankigFunction>
  Message: minCount[1]: Invalid cardinality: expected min 1: Got count = 0
Results in rdf saved in: "/home/jredondo/datos-jredondo/2-metrics/data.earthportal.eu/easydata_themes__oquare.ttl".
Finish. Execution Time = 20571 msec
Calculate OQuare metrics  --ontology /home/jredondo/datos-jredondo/1-ontologySet/download/data.earthportal.eu/ssn-20240327-owl__ssn.owl --outputFileXML /home/jredondo/datos-jredondo/2-metrics/data.earthportal.eu/ssn__oquare.xml --outputFileRDF /home/jredondo/datos-jredondo/2-metrics/data.earthportal.eu/ssn__oquare.ttl
Inferece options:
class assertions
class hierarchy
data property assertions
data property hierarchy
different individuals
disjoint classes
object property assertions
object property hierarchy
same individuals
Running Hermit reasoner
Classifying
Classifying time in 247 msec
Building Neo4j graph from ontology model...
Graph builded in 2570 msec
Number of nodes: 24
Number of relationships: 41
[1/18] Searching paths from leaves (maxDepth=4)...Oquare metrics calculated in 9485 msec.
Results in xml saved in: "/home/jredondo/datos-jredondo/2-metrics/data.earthportal.eu/ssn__oquare.xml".
Node=<https://purl.archive.org/oquo#NumberOfClassesMetricScale>
  Path=<http://purl.org/net/QualityModel#hasRankigFunction>
  Message: minCount[1]: Invalid cardinality: expected min 1: Got count = 0
Results in rdf saved in: "/home/jredondo/datos-jredondo/2-metrics/data.earthportal.eu/ssn__oquare.ttl".
Finish. Execution Time = 22480 msec
Calculate OQuare metrics  --ontology /home/jredondo/datos-jredondo/1-ontologySet/download/data.earthportal.eu/nvs_r-20231002-skos__Query1.ttl --outputFileXML /home/jredondo/datos-jredondo/2-metrics/data.earthportal.eu/nvs_r__oquare.xml --outputFileRDF /home/jredondo/datos-jredondo/2-metrics/data.earthportal.eu/nvs_r__oquare.ttl
Inferece options:
class assertions
class hierarchy
data property assertions
data property hierarchy
different individuals
disjoint classes
object property assertions
object property hierarchy
same individuals
Running Hermit reasoner
Classifying
Classifying time in 144 msec
Building Neo4j graph from ontology model...
Graph builded in 2017 msec
Number of nodes: 5
Number of relationships: 6
[1/3] Searching paths from leaves (maxDepth=2)...Oquare metrics calculated in 8080 msec.
Results in xml saved in: "/home/jredondo/datos-jredondo/2-metrics/data.earthportal.eu/nvs_r__oquare.xml".
Node=<https://purl.archive.org/oquo#NumberOfClassesMetricScale>
  Path=<http://purl.org/net/QualityModel#hasRankigFunction>
  Message: minCount[1]: Invalid cardinality: expected min 1: Got count = 0
Results in rdf saved in: "/home/jredondo/datos-jredondo/2-metrics/data.earthportal.eu/nvs_r__oquare.ttl".
Finish. Execution Time = 23426 msec
Calculate OQuare metrics  --ontology /home/jredondo/datos-jredondo/1-ontologySet/download/data.earthportal.eu/fmt_net-20240308-skos__formater-reseau-220722.ttl --outputFileXML /home/jredondo/datos-jredondo/2-metrics/data.earthportal.eu/fmt_net__oquare.xml --outputFileRDF /home/jredondo/datos-jredondo/2-metrics/data.earthportal.eu/fmt_net__oquare.ttl
org.semanticweb.owlapi.model.OWLRuntimeException: org.coode.owlapi.rdfxml.parser.TranslatedUnloadedImportException: org.semanticweb.owlapi.model.UnloadableImportException: Could not load imported ontology: <https://service.poleterresolide.fr/Onto/Observation/> Cause: https://service.poleterresolide.fr/Onto/Observation/
org.semanticweb.owlapi.model.UnloadableImportException: Could not load imported ontology: <https://service.poleterresolide.fr/Onto/Observation/> Cause: https://service.poleterresolide.fr/Onto/Observation/
	at uk.ac.manchester.cs.owl.owlapi.turtle.parser.OWLRDFConsumerAdapter.handleTriple(OWLRDFConsumerAdapter.java:92)
	at uk.ac.manchester.cs.owl.owlapi.turtle.parser.TurtleParser.parseObject(TurtleParser.java:383)
	at uk.ac.manchester.cs.owl.owlapi.turtle.parser.TurtleParser.parseObjectList(TurtleParser.java:366)
	at uk.ac.manchester.cs.owl.owlapi.turtle.parser.TurtleParser.parsePredicateObjectList(TurtleParser.java:298)
	at uk.ac.manchester.cs.owl.owlapi.turtle.parser.TurtleParser.parseTriples(TurtleParser.java:175)
	at uk.ac.manchester.cs.owl.owlapi.turtle.parser.TurtleParser.parseStatement(TurtleParser.java:168)
	at uk.ac.manchester.cs.owl.owlapi.turtle.parser.TurtleParser.parseDocument(TurtleParser.java:120)
	at uk.ac.manchester.cs.owl.owlapi.turtle.parser.TurtleOntologyParser.parse(TurtleOntologyParser.java:100)
	at uk.ac.manchester.cs.owl.owlapi.ParsableOWLOntologyFactory.loadOWLOntology(ParsableOWLOntologyFactory.java:206)
	at uk.ac.manchester.cs.owl.owlapi.OWLOntologyManagerImpl.loadOntology(OWLOntologyManagerImpl.java:829)
	at uk.ac.manchester.cs.owl.owlapi.OWLOntologyManagerImpl.loadOntologyFromOntologyDocument(OWLOntologyManagerImpl.java:775)
	at uk.ac.manchester.cs.owl.owlapi.OWLOntologyManagerImpl.loadOntologyFromOntologyDocument(OWLOntologyManagerImpl.java:788)
	at um.cmd.RunOquare.getOvdi(RunOquare.java:180)
	at um.cmd.RunOquare.run(RunOquare.java:112)
	at um.cmd.RunOquare.main(RunOquare.java:42)
Caused by: org.coode.owlapi.rdfxml.parser.TranslatedUnloadedImportException: org.semanticweb.owlapi.model.UnloadableImportException: Could not load imported ontology: <https://service.poleterresolide.fr/Onto/Observation/> Cause: https://service.poleterresolide.fr/Onto/Observation/
org.semanticweb.owlapi.model.UnloadableImportException: Could not load imported ontology: <https://service.poleterresolide.fr/Onto/Observation/> Cause: https://service.poleterresolide.fr/Onto/Observation/
	at org.coode.owlapi.rdfxml.parser.OWLRDFConsumer.statementWithResourceValue(OWLRDFConsumer.java:1712)
	at uk.ac.manchester.cs.owl.owlapi.turtle.parser.OWLRDFConsumerAdapter.handleTriple(OWLRDFConsumerAdapter.java:89)
	... 14 more
Caused by: org.semanticweb.owlapi.model.UnloadableImportException: Could not load imported ontology: <https://service.poleterresolide.fr/Onto/Observation/> Cause: https://service.poleterresolide.fr/Onto/Observation/
	at uk.ac.manchester.cs.owl.owlapi.OWLOntologyManagerImpl.makeLoadImportRequest(OWLOntologyManagerImpl.java:1264)
	at org.coode.owlapi.rdfxml.parser.TPImportsHandler.handleTriple(TPImportsHandler.java:89)
	at org.coode.owlapi.rdfxml.parser.OWLRDFConsumer.handleStreaming(OWLRDFConsumer.java:1750)
	at org.coode.owlapi.rdfxml.parser.OWLRDFConsumer.statementWithResourceValue(OWLRDFConsumer.java:1709)
	... 15 more
Caused by: org.semanticweb.owlapi.io.OWLOntologyCreationIOException: https://service.poleterresolide.fr/Onto/Observation/
	at uk.ac.manchester.cs.owl.owlapi.ParsableOWLOntologyFactory.loadOWLOntology(ParsableOWLOntologyFactory.java:214)
	at uk.ac.manchester.cs.owl.owlapi.OWLOntologyManagerImpl.loadOntology(OWLOntologyManagerImpl.java:829)
	at uk.ac.manchester.cs.owl.owlapi.OWLOntologyManagerImpl.loadOntology(OWLOntologyManagerImpl.java:749)
	at uk.ac.manchester.cs.owl.owlapi.OWLOntologyManagerImpl.loadImports(OWLOntologyManagerImpl.java:1224)
	at uk.ac.manchester.cs.owl.owlapi.OWLOntologyManagerImpl.makeLoadImportRequest(OWLOntologyManagerImpl.java:1257)
	... 18 more
Caused by: java.io.FileNotFoundException: https://service.poleterresolide.fr/Onto/Observation/
	at java.base/jdk.internal.reflect.DirectConstructorHandleAccessor.newInstance(DirectConstructorHandleAccessor.java:67)
	at java.base/java.lang.reflect.Constructor.newInstanceWithCaller(Constructor.java:499)
	at java.base/java.lang.reflect.Constructor.newInstance(Constructor.java:483)
	at java.base/sun.net.www.protocol.http.HttpURLConnection$10.run(HttpURLConnection.java:2048)
	at java.base/sun.net.www.protocol.http.HttpURLConnection$10.run(HttpURLConnection.java:2043)
	at java.base/java.security.AccessController.doPrivileged(AccessController.java:569)
	at java.base/sun.net.www.protocol.http.HttpURLConnection.getChainedException(HttpURLConnection.java:2042)
	at java.base/sun.net.www.protocol.http.HttpURLConnection.getInputStream0(HttpURLConnection.java:1609)
	at java.base/sun.net.www.protocol.http.HttpURLConnection.getInputStream(HttpURLConnection.java:1589)
	at java.base/sun.net.www.protocol.https.HttpsURLConnectionImpl.getInputStream(HttpsURLConnectionImpl.java:224)
	at org.semanticweb.owlapi.io.AbstractOWLParser.getInputStreamFromContentEncoding(AbstractOWLParser.java:181)
	at org.semanticweb.owlapi.io.AbstractOWLParser.getInputStream(AbstractOWLParser.java:153)
	at org.semanticweb.owlapi.io.AbstractOWLParser.getInputSource(AbstractOWLParser.java:227)
	at org.coode.owlapi.rdfxml.parser.RDFXMLParser.parse(RDFXMLParser.java:118)
	at uk.ac.manchester.cs.owl.owlapi.ParsableOWLOntologyFactory.loadOWLOntology(ParsableOWLOntologyFactory.java:206)
	... 22 more
Caused by: java.io.FileNotFoundException: https://service.poleterresolide.fr/Onto/Observation/
	at java.base/sun.net.www.protocol.http.HttpURLConnection.getInputStream0(HttpURLConnection.java:1993)
	at java.base/sun.net.www.protocol.http.HttpURLConnection.getInputStream(HttpURLConnection.java:1589)
	at java.base/java.net.HttpURLConnection.getResponseCode(HttpURLConnection.java:529)
	at java.base/sun.net.www.protocol.https.HttpsURLConnectionImpl.getResponseCode(HttpsURLConnectionImpl.java:308)
	at org.semanticweb.owlapi.io.AbstractOWLParser.getInputStream(AbstractOWLParser.java:131)
	... 25 more
Error: "org.coode.owlapi.rdfxml.parser.TranslatedUnloadedImportException: org.semanticweb.owlapi.model.UnloadableImportException: Could not load imported ontology: <https://service.poleterresolide.fr/Onto/Observation/> Cause: https://service.poleterresolide.fr/Onto/Observation/
org.semanticweb.owlapi.model.UnloadableImportException: Could not load imported ontology: <https://service.poleterresolide.fr/Onto/Observation/> Cause: https://service.poleterresolide.fr/Onto/Observation/".
Finish. Execution Time = 3204 msec
Calculate OQuare metrics  --ontology /home/jredondo/datos-jredondo/1-ontologySet/download/data.earthportal.eu/easydata_kw-20240319-skos__motsClefs.ttl --outputFileXML /home/jredondo/datos-jredondo/2-metrics/data.earthportal.eu/easydata_kw__oquare.xml --outputFileRDF /home/jredondo/datos-jredondo/2-metrics/data.earthportal.eu/easydata_kw__oquare.ttl
Inferece options:
class assertions
class hierarchy
data property assertions
data property hierarchy
different individuals
disjoint classes
object property assertions
object property hierarchy
same individuals
Running Hermit reasoner
Classifying
Classifying time in 270 msec
Building Neo4j graph from ontology model...
Graph builded in 2257 msec
Number of nodes: 13
Number of relationships: 22
[1/11] Searching paths from leaves (maxDepth=2)...Oquare metrics calculated in 9219 msec.
Results in xml saved in: "/home/jredondo/datos-jredondo/2-metrics/data.earthportal.eu/easydata_kw__oquare.xml".
Node=<https://purl.archive.org/oquo#NumberOfClassesMetricScale>
  Path=<http://purl.org/net/QualityModel#hasRankigFunction>
  Message: minCount[1]: Invalid cardinality: expected min 1: Got count = 0
Results in rdf saved in: "/home/jredondo/datos-jredondo/2-metrics/data.earthportal.eu/easydata_kw__oquare.ttl".
Finish. Execution Time = 21461 msec
Calculate OQuare metrics  --ontology /home/jredondo/datos-jredondo/1-ontologySet/download/data.earthportal.eu/sweet-20240319-owl__sweetAll.owl --outputFileXML /home/jredondo/datos-jredondo/2-metrics/data.earthportal.eu/sweet__oquare.xml --outputFileRDF /home/jredondo/datos-jredondo/2-metrics/data.earthportal.eu/sweet__oquare.ttl
Inferece options:
class assertions
class hierarchy
data property assertions
data property hierarchy
different individuals
disjoint classes
object property assertions
object property hierarchy
same individuals
Running Hermit reasoner
Classifying
Classifying time in 5648196 msec
Building Neo4j graph from ontology model...
Graph builded in 123528 msec
Number of nodes: 10240
Number of relationships: 20525
[1/8972] Searching paths from leaves (maxDepth=2)...Last 1000 leaves path seaches finished in 13361 msec. NumberOfPaths: 10, AggregatedOfPathLength: 20Free mem./Max. mem.: 2.2198500732580824Last 1000 leaves path seaches finished in 5978 msec. NumberOfPaths: 15, AggregatedOfPathLength: 30Free mem./Max. mem.: 2.375234166781108Last 1000 leaves path seaches finished in 6474 msec. NumberOfPaths: 26, AggregatedOfPathLength: 51Free mem./Max. mem.: 2.8739960864186287Last 1000 leaves path seaches finished in 5287 msec. NumberOfPaths: 34, AggregatedOfPathLength: 65Free mem./Max. mem.: 2.0002057154973345Last 1000 leaves path seaches finished in 4170 msec. NumberOfPaths: 37, AggregatedOfPathLength: 71Free mem./Max. mem.: 5.190987760821978Last 1000 leaves path seaches finished in 4023 msec. NumberOfPaths: 46, AggregatedOfPathLength: 89Free mem./Max. mem.: 3.6884541312853494Last 1000 leaves path seaches finished in 4561 msec. NumberOfPaths: 53, AggregatedOfPathLength: 103Free mem./Max. mem.: 1.9067565600077312Last 1000 leaves path seaches finished in 4001 msec. NumberOfPaths: 63, AggregatedOfPathLength: 123Free mem./Max. mem.: 3.3549906065066657Oquare metrics calculated in 8003574 msec.
Results in xml saved in: "/home/jredondo/datos-jredondo/2-metrics/data.earthportal.eu/sweet__oquare.xml".
Node=<https://purl.archive.org/oquo#NumberOfClassesMetricScale>
  Path=<http://purl.org/net/QualityModel#hasRankigFunction>
  Message: minCount[1]: Invalid cardinality: expected min 1: Got count = 0
Results in rdf saved in: "/home/jredondo/datos-jredondo/2-metrics/data.earthportal.eu/sweet__oquare.ttl".
Finish. Execution Time = 8016240 msec
Calculate OQuare metrics  --ontology /home/jredondo/datos-jredondo/1-ontologySet/download/data.earthportal.eu/sxt_cdo-20231011-skos__odatis-centre-donnees.ttl --outputFileXML /home/jredondo/datos-jredondo/2-metrics/data.earthportal.eu/sxt_cdo__oquare.xml --outputFileRDF /home/jredondo/datos-jredondo/2-metrics/data.earthportal.eu/sxt_cdo__oquare.ttl
Inferece options:
class assertions
class hierarchy
data property assertions
data property hierarchy
different individuals
disjoint classes
object property assertions
object property hierarchy
same individuals
Running Hermit reasoner
Classifying
Classifying time in 29 msec
Building Neo4j graph from ontology model...
Graph builded in 1502 msec
Number of nodes: 5
Number of relationships: 6
[1/3] Searching paths from leaves (maxDepth=2)...Oquare metrics calculated in 4418 msec.
Results in xml saved in: "/home/jredondo/datos-jredondo/2-metrics/data.earthportal.eu/sxt_cdo__oquare.xml".
Node=<https://purl.archive.org/oquo#NumberOfClassesMetricScale>
  Path=<http://purl.org/net/QualityModel#hasRankigFunction>
  Message: minCount[1]: Invalid cardinality: expected min 1: Got count = 0
Results in rdf saved in: "/home/jredondo/datos-jredondo/2-metrics/data.earthportal.eu/sxt_cdo__oquare.ttl".
Finish. Execution Time = 15973 msec
Calculate OQuare metrics  --ontology /home/jredondo/datos-jredondo/1-ontologySet/download/data.earthportal.eu/nvs_l05-20230922-skos__NVS-L05-EarthPortal.ttl --outputFileXML /home/jredondo/datos-jredondo/2-metrics/data.earthportal.eu/nvs_l05__oquare.xml --outputFileRDF /home/jredondo/datos-jredondo/2-metrics/data.earthportal.eu/nvs_l05__oquare.ttl
Inferece options:
class assertions
class hierarchy
data property assertions
data property hierarchy
different individuals
disjoint classes
object property assertions
object property hierarchy
same individuals
Running Hermit reasoner
Classifying
Classifying time in 25 msec
Building Neo4j graph from ontology model...
Graph builded in 1409 msec
Number of nodes: 4
Number of relationships: 4
[1/2] Searching paths from leaves (maxDepth=2)...Oquare metrics calculated in 5029 msec.
Results in xml saved in: "/home/jredondo/datos-jredondo/2-metrics/data.earthportal.eu/nvs_l05__oquare.xml".
Node=<https://purl.archive.org/oquo#NumberOfClassesMetricScale>
  Path=<http://purl.org/net/QualityModel#hasRankigFunction>
  Message: minCount[1]: Invalid cardinality: expected min 1: Got count = 0
Results in rdf saved in: "/home/jredondo/datos-jredondo/2-metrics/data.earthportal.eu/nvs_l05__oquare.ttl".
Finish. Execution Time = 17188 msec
Calculate OQuare metrics  --ontology /home/jredondo/datos-jredondo/1-ontologySet/download/data.earthportal.eu/nvs_p07-20231130-skos__NVS-P07-updated-2.ttl --outputFileXML /home/jredondo/datos-jredondo/2-metrics/data.earthportal.eu/nvs_p07__oquare.xml --outputFileRDF /home/jredondo/datos-jredondo/2-metrics/data.earthportal.eu/nvs_p07__oquare.ttl
Inferece options:
class assertions
class hierarchy
data property assertions
data property hierarchy
different individuals
disjoint classes
object property assertions
object property hierarchy
same individuals
Running Hermit reasoner
Classifying
Classifying time in 913 msec
Building Neo4j graph from ontology model...
Graph builded in 1334 msec
Number of nodes: 5
Number of relationships: 6
[1/3] Searching paths from leaves (maxDepth=2)...Oquare metrics calculated in 9222 msec.
Results in xml saved in: "/home/jredondo/datos-jredondo/2-metrics/data.earthportal.eu/nvs_p07__oquare.xml".
Node=<https://purl.archive.org/oquo#NumberOfClassesMetricScale>
  Path=<http://purl.org/net/QualityModel#hasRankigFunction>
  Message: minCount[1]: Invalid cardinality: expected min 1: Got count = 0
Results in rdf saved in: "/home/jredondo/datos-jredondo/2-metrics/data.earthportal.eu/nvs_p07__oquare.ttl".
Finish. Execution Time = 20709 msec
Calculate OQuare metrics  --ontology /home/jredondo/datos-jredondo/1-ontologySet/download/data.earthportal.eu/nvs_p06-20231013-skos__NVS-P06.ttl --outputFileXML /home/jredondo/datos-jredondo/2-metrics/data.earthportal.eu/nvs_p06__oquare.xml --outputFileRDF /home/jredondo/datos-jredondo/2-metrics/data.earthportal.eu/nvs_p06__oquare.ttl
Inferece options:
class assertions
class hierarchy
data property assertions
data property hierarchy
different individuals
disjoint classes
object property assertions
object property hierarchy
same individuals
Running Hermit reasoner
Classifying
Classifying time in 39 msec
Building Neo4j graph from ontology model...
Graph builded in 1185 msec
Number of nodes: 4
Number of relationships: 4
[1/2] Searching paths from leaves (maxDepth=2)...Oquare metrics calculated in 5791 msec.
Results in xml saved in: "/home/jredondo/datos-jredondo/2-metrics/data.earthportal.eu/nvs_p06__oquare.xml".
Node=<https://purl.archive.org/oquo#NumberOfClassesMetricScale>
  Path=<http://purl.org/net/QualityModel#hasRankigFunction>
  Message: minCount[1]: Invalid cardinality: expected min 1: Got count = 0
Results in rdf saved in: "/home/jredondo/datos-jredondo/2-metrics/data.earthportal.eu/nvs_p06__oquare.ttl".
Finish. Execution Time = 16581 msec
Calculate OQuare metrics  --ontology /home/jredondo/datos-jredondo/1-ontologySet/download/data.earthportal.eu/fmt_ptf-20240308-skos__formater-platform-220722.ttl --outputFileXML /home/jredondo/datos-jredondo/2-metrics/data.earthportal.eu/fmt_ptf__oquare.xml --outputFileRDF /home/jredondo/datos-jredondo/2-metrics/data.earthportal.eu/fmt_ptf__oquare.ttl
Inferece options:
class assertions
class hierarchy
data property assertions
data property hierarchy
different individuals
disjoint classes
object property assertions
object property hierarchy
same individuals
Running Hermit reasoner
Classifying
Classifying time in 14 msec
Building Neo4j graph from ontology model...
Graph builded in 1264 msec
Number of nodes: 6
Number of relationships: 8
[1/4] Searching paths from leaves (maxDepth=2)...Oquare metrics calculated in 3618 msec.
Results in xml saved in: "/home/jredondo/datos-jredondo/2-metrics/data.earthportal.eu/fmt_ptf__oquare.xml".
Node=<https://purl.archive.org/oquo#NumberOfClassesMetricScale>
  Path=<http://purl.org/net/QualityModel#hasRankigFunction>
  Message: minCount[1]: Invalid cardinality: expected min 1: Got count = 0
Results in rdf saved in: "/home/jredondo/datos-jredondo/2-metrics/data.earthportal.eu/fmt_ptf__oquare.ttl".
Finish. Execution Time = 14570 msec
Calculate OQuare metrics  --ontology /home/jredondo/datos-jredondo/1-ontologySet/download/data.earthportal.eu/sosa-20240327-owl__sosa.owl --outputFileXML /home/jredondo/datos-jredondo/2-metrics/data.earthportal.eu/sosa__oquare.xml --outputFileRDF /home/jredondo/datos-jredondo/2-metrics/data.earthportal.eu/sosa__oquare.ttl
Inferece options:
class assertions
class hierarchy
data property assertions
data property hierarchy
different individuals
disjoint classes
object property assertions
object property hierarchy
same individuals
Running Hermit reasoner
Classifying
Classifying time in 187 msec
Building Neo4j graph from ontology model...
Graph builded in 1882 msec
Number of nodes: 18
Number of relationships: 32
[1/16] Searching paths from leaves (maxDepth=2)...Oquare metrics calculated in 6050 msec.
Results in xml saved in: "/home/jredondo/datos-jredondo/2-metrics/data.earthportal.eu/sosa__oquare.xml".
Node=<https://purl.archive.org/oquo#NumberOfClassesMetricScale>
  Path=<http://purl.org/net/QualityModel#hasRankigFunction>
  Message: minCount[1]: Invalid cardinality: expected min 1: Got count = 0
Results in rdf saved in: "/home/jredondo/datos-jredondo/2-metrics/data.earthportal.eu/sosa__oquare.ttl".
Finish. Execution Time = 18089 msec
Calculate OQuare metrics  --ontology /home/jredondo/datos-jredondo/1-ontologySet/download/data.earthportal.eu/aer_ins-20230914-skos__Instruments.ttl --outputFileXML /home/jredondo/datos-jredondo/2-metrics/data.earthportal.eu/aer_ins__oquare.xml --outputFileRDF /home/jredondo/datos-jredondo/2-metrics/data.earthportal.eu/aer_ins__oquare.ttl
Inferece options:
class assertions
class hierarchy
data property assertions
data property hierarchy
different individuals
disjoint classes
object property assertions
object property hierarchy
same individuals
Running Hermit reasoner
Classifying
Classifying time in 118 msec
Building Neo4j graph from ontology model...
Graph builded in 1575 msec
Number of nodes: 4
Number of relationships: 4
[1/2] Searching paths from leaves (maxDepth=2)...Oquare metrics calculated in 5176 msec.
Results in xml saved in: "/home/jredondo/datos-jredondo/2-metrics/data.earthportal.eu/aer_ins__oquare.xml".
Node=<https://purl.archive.org/oquo#NumberOfClassesMetricScale>
  Path=<http://purl.org/net/QualityModel#hasRankigFunction>
  Message: minCount[1]: Invalid cardinality: expected min 1: Got count = 0
Results in rdf saved in: "/home/jredondo/datos-jredondo/2-metrics/data.earthportal.eu/aer_ins__oquare.ttl".
Finish. Execution Time = 17450 msec
Calculate OQuare metrics  --ontology /home/jredondo/datos-jredondo/1-ontologySet/download/data.earthportal.eu/actris_vocab-20240328-skos__ACTRIS-vocabulary.ttl --outputFileXML /home/jredondo/datos-jredondo/2-metrics/data.earthportal.eu/actris_vocab__oquare.xml --outputFileRDF /home/jredondo/datos-jredondo/2-metrics/data.earthportal.eu/actris_vocab__oquare.ttl
Inferece options:
class assertions
class hierarchy
data property assertions
data property hierarchy
different individuals
disjoint classes
object property assertions
object property hierarchy
same individuals
Running Hermit reasoner
Classifying
Classifying time in 188 msec
Building Neo4j graph from ontology model...
Graph builded in 1631 msec
Number of nodes: 4
Number of relationships: 4
[1/2] Searching paths from leaves (maxDepth=2)...Oquare metrics calculated in 7382 msec.
Results in xml saved in: "/home/jredondo/datos-jredondo/2-metrics/data.earthportal.eu/actris_vocab__oquare.xml".
Node=<https://purl.archive.org/oquo#NumberOfClassesMetricScale>
  Path=<http://purl.org/net/QualityModel#hasRankigFunction>
  Message: minCount[1]: Invalid cardinality: expected min 1: Got count = 0
Results in rdf saved in: "/home/jredondo/datos-jredondo/2-metrics/data.earthportal.eu/actris_vocab__oquare.ttl".
Finish. Execution Time = 19651 msec
Calculate OQuare metrics  --ontology /home/jredondo/datos-jredondo/1-ontologySet/download/data.earthportal.eu/fmt_var-20240308-skos__formater-variable-220722.ttl --outputFileXML /home/jredondo/datos-jredondo/2-metrics/data.earthportal.eu/fmt_var__oquare.xml --outputFileRDF /home/jredondo/datos-jredondo/2-metrics/data.earthportal.eu/fmt_var__oquare.ttl
Inferece options:
class assertions
class hierarchy
data property assertions
data property hierarchy
different individuals
disjoint classes
object property assertions
object property hierarchy
same individuals
Running Hermit reasoner
Classifying
Classifying time in 133 msec
Building Neo4j graph from ontology model...
Graph builded in 1787 msec
Number of nodes: 23
Number of relationships: 42
[1/21] Searching paths from leaves (maxDepth=2)...Oquare metrics calculated in 7262 msec.
Results in xml saved in: "/home/jredondo/datos-jredondo/2-metrics/data.earthportal.eu/fmt_var__oquare.xml".
Node=<https://purl.archive.org/oquo#NumberOfClassesMetricScale>
  Path=<http://purl.org/net/QualityModel#hasRankigFunction>
  Message: minCount[1]: Invalid cardinality: expected min 1: Got count = 0
Results in rdf saved in: "/home/jredondo/datos-jredondo/2-metrics/data.earthportal.eu/fmt_var__oquare.ttl".
Finish. Execution Time = 19289 msec
Calculate OQuare metrics  --ontology /home/jredondo/datos-jredondo/1-ontologySet/download/data.earthportal.eu/aer_pjt-20230915-skos__Projects.ttl --outputFileXML /home/jredondo/datos-jredondo/2-metrics/data.earthportal.eu/aer_pjt__oquare.xml --outputFileRDF /home/jredondo/datos-jredondo/2-metrics/data.earthportal.eu/aer_pjt__oquare.ttl
Inferece options:
class assertions
class hierarchy
data property assertions
data property hierarchy
different individuals
disjoint classes
object property assertions
object property hierarchy
same individuals
Running Hermit reasoner
Classifying
Classifying time in 85 msec
Building Neo4j graph from ontology model...
Graph builded in 1584 msec
Number of nodes: 5
Number of relationships: 6
[1/3] Searching paths from leaves (maxDepth=2)...Oquare metrics calculated in 4661 msec.
Results in xml saved in: "/home/jredondo/datos-jredondo/2-metrics/data.earthportal.eu/aer_pjt__oquare.xml".
Node=<https://purl.archive.org/oquo#NumberOfClassesMetricScale>
  Path=<http://purl.org/net/QualityModel#hasRankigFunction>
  Message: minCount[1]: Invalid cardinality: expected min 1: Got count = 0
Results in rdf saved in: "/home/jredondo/datos-jredondo/2-metrics/data.earthportal.eu/aer_pjt__oquare.ttl".
Finish. Execution Time = 16752 msec
Calculate OQuare metrics  --ontology /home/jredondo/datos-jredondo/1-ontologySet/download/data.earthportal.eu/sxt_aob-20231031-skos__myocean.area-of-benefit-updated.rdf --outputFileXML /home/jredondo/datos-jredondo/2-metrics/data.earthportal.eu/sxt_aob__oquare.xml --outputFileRDF /home/jredondo/datos-jredondo/2-metrics/data.earthportal.eu/sxt_aob__oquare.ttl
Inferece options:
class assertions
class hierarchy
data property assertions
data property hierarchy
different individuals
disjoint classes
object property assertions
object property hierarchy
same individuals
Running Hermit reasoner
Classifying
Classifying time in 13 msec
Building Neo4j graph from ontology model...
Graph builded in 1570 msec
Number of nodes: 4
Number of relationships: 4
[1/2] Searching paths from leaves (maxDepth=2)...Oquare metrics calculated in 4196 msec.
Results in xml saved in: "/home/jredondo/datos-jredondo/2-metrics/data.earthportal.eu/sxt_aob__oquare.xml".
Node=<https://purl.archive.org/oquo#NumberOfClassesMetricScale>
  Path=<http://purl.org/net/QualityModel#hasRankigFunction>
  Message: minCount[1]: Invalid cardinality: expected min 1: Got count = 0
Results in rdf saved in: "/home/jredondo/datos-jredondo/2-metrics/data.earthportal.eu/sxt_aob__oquare.ttl".
Finish. Execution Time = 17712 msec
Calculate OQuare metrics  --ontology /home/jredondo/datos-jredondo/1-ontologySet/download/data.earthportal.eu/brgm_lth-20231115-skos__litho.ttl --outputFileXML /home/jredondo/datos-jredondo/2-metrics/data.earthportal.eu/brgm_lth__oquare.xml --outputFileRDF /home/jredondo/datos-jredondo/2-metrics/data.earthportal.eu/brgm_lth__oquare.ttl
Inferece options:
class assertions
class hierarchy
data property assertions
data property hierarchy
different individuals
disjoint classes
object property assertions
object property hierarchy
same individuals
Running Hermit reasoner
Classifying
Classifying time in 120 msec
Building Neo4j graph from ontology model...
Graph builded in 1653 msec
Number of nodes: 9
Number of relationships: 14
[1/7] Searching paths from leaves (maxDepth=2)...Oquare metrics calculated in 6390 msec.
Results in xml saved in: "/home/jredondo/datos-jredondo/2-metrics/data.earthportal.eu/brgm_lth__oquare.xml".
Node=<https://purl.archive.org/oquo#NumberOfClassesMetricScale>
  Path=<http://purl.org/net/QualityModel#hasRankigFunction>
  Message: minCount[1]: Invalid cardinality: expected min 1: Got count = 0
Results in rdf saved in: "/home/jredondo/datos-jredondo/2-metrics/data.earthportal.eu/brgm_lth__oquare.ttl".
Finish. Execution Time = 18246 msec
Calculate OQuare metrics  --ontology /home/jredondo/datos-jredondo/1-ontologySet/download/data.earthportal.eu/fmt_dt-20240308-skos__formater-discipline-220722.ttl --outputFileXML /home/jredondo/datos-jredondo/2-metrics/data.earthportal.eu/fmt_dt__oquare.xml --outputFileRDF /home/jredondo/datos-jredondo/2-metrics/data.earthportal.eu/fmt_dt__oquare.ttl
org.semanticweb.owlapi.model.OWLRuntimeException: org.coode.owlapi.rdfxml.parser.TranslatedUnloadedImportException: org.semanticweb.owlapi.model.UnloadableImportException: Could not load imported ontology: <file:/C:/Users/Formater/Desktop/semanticturkey-10.2.1/bin/../data/tmp/addFromLocalFile1321727648687611449dublin_core_terms.rdf> Cause: /C:/Users/Formater/Desktop/semanticturkey-10.2.1/bin/../data/tmp/addFromLocalFile1321727648687611449dublin_core_terms.rdf (No existe el archivo o el directorio)
org.semanticweb.owlapi.model.UnloadableImportException: Could not load imported ontology: <file:/C:/Users/Formater/Desktop/semanticturkey-10.2.1/bin/../data/tmp/addFromLocalFile1321727648687611449dublin_core_terms.rdf> Cause: /C:/Users/Formater/Desktop/semanticturkey-10.2.1/bin/../data/tmp/addFromLocalFile1321727648687611449dublin_core_terms.rdf (No existe el archivo o el directorio)
	at uk.ac.manchester.cs.owl.owlapi.turtle.parser.OWLRDFConsumerAdapter.handleTriple(OWLRDFConsumerAdapter.java:92)
	at uk.ac.manchester.cs.owl.owlapi.turtle.parser.TurtleParser.parseObject(TurtleParser.java:383)
	at uk.ac.manchester.cs.owl.owlapi.turtle.parser.TurtleParser.parseObjectList(TurtleParser.java:358)
	at uk.ac.manchester.cs.owl.owlapi.turtle.parser.TurtleParser.parsePredicateObjectList(TurtleParser.java:298)
	at uk.ac.manchester.cs.owl.owlapi.turtle.parser.TurtleParser.parseTriples(TurtleParser.java:175)
	at uk.ac.manchester.cs.owl.owlapi.turtle.parser.TurtleParser.parseStatement(TurtleParser.java:168)
	at uk.ac.manchester.cs.owl.owlapi.turtle.parser.TurtleParser.parseDocument(TurtleParser.java:120)
	at uk.ac.manchester.cs.owl.owlapi.turtle.parser.TurtleOntologyParser.parse(TurtleOntologyParser.java:100)
	at uk.ac.manchester.cs.owl.owlapi.ParsableOWLOntologyFactory.loadOWLOntology(ParsableOWLOntologyFactory.java:206)
	at uk.ac.manchester.cs.owl.owlapi.OWLOntologyManagerImpl.loadOntology(OWLOntologyManagerImpl.java:829)
	at uk.ac.manchester.cs.owl.owlapi.OWLOntologyManagerImpl.loadOntologyFromOntologyDocument(OWLOntologyManagerImpl.java:775)
	at uk.ac.manchester.cs.owl.owlapi.OWLOntologyManagerImpl.loadOntologyFromOntologyDocument(OWLOntologyManagerImpl.java:788)
	at um.cmd.RunOquare.getOvdi(RunOquare.java:180)
	at um.cmd.RunOquare.run(RunOquare.java:112)
	at um.cmd.RunOquare.main(RunOquare.java:42)
Caused by: org.coode.owlapi.rdfxml.parser.TranslatedUnloadedImportException: org.semanticweb.owlapi.model.UnloadableImportException: Could not load imported ontology: <file:/C:/Users/Formater/Desktop/semanticturkey-10.2.1/bin/../data/tmp/addFromLocalFile1321727648687611449dublin_core_terms.rdf> Cause: /C:/Users/Formater/Desktop/semanticturkey-10.2.1/bin/../data/tmp/addFromLocalFile1321727648687611449dublin_core_terms.rdf (No existe el archivo o el directorio)
org.semanticweb.owlapi.model.UnloadableImportException: Could not load imported ontology: <file:/C:/Users/Formater/Desktop/semanticturkey-10.2.1/bin/../data/tmp/addFromLocalFile1321727648687611449dublin_core_terms.rdf> Cause: /C:/Users/Formater/Desktop/semanticturkey-10.2.1/bin/../data/tmp/addFromLocalFile1321727648687611449dublin_core_terms.rdf (No existe el archivo o el directorio)
	at org.coode.owlapi.rdfxml.parser.OWLRDFConsumer.statementWithResourceValue(OWLRDFConsumer.java:1712)
	at uk.ac.manchester.cs.owl.owlapi.turtle.parser.OWLRDFConsumerAdapter.handleTriple(OWLRDFConsumerAdapter.java:89)
	... 14 more
Caused by: org.semanticweb.owlapi.model.UnloadableImportException: Could not load imported ontology: <file:/C:/Users/Formater/Desktop/semanticturkey-10.2.1/bin/../data/tmp/addFromLocalFile1321727648687611449dublin_core_terms.rdf> Cause: /C:/Users/Formater/Desktop/semanticturkey-10.2.1/bin/../data/tmp/addFromLocalFile1321727648687611449dublin_core_terms.rdf (No existe el archivo o el directorio)
	at uk.ac.manchester.cs.owl.owlapi.OWLOntologyManagerImpl.makeLoadImportRequest(OWLOntologyManagerImpl.java:1264)
	at org.coode.owlapi.rdfxml.parser.TPImportsHandler.handleTriple(TPImportsHandler.java:89)
	at org.coode.owlapi.rdfxml.parser.OWLRDFConsumer.handleStreaming(OWLRDFConsumer.java:1750)
	at org.coode.owlapi.rdfxml.parser.OWLRDFConsumer.statementWithResourceValue(OWLRDFConsumer.java:1709)
	... 15 more
Caused by: org.semanticweb.owlapi.io.OWLOntologyCreationIOException: /C:/Users/Formater/Desktop/semanticturkey-10.2.1/bin/../data/tmp/addFromLocalFile1321727648687611449dublin_core_terms.rdf (No existe el archivo o el directorio)
	at uk.ac.manchester.cs.owl.owlapi.ParsableOWLOntologyFactory.loadOWLOntology(ParsableOWLOntologyFactory.java:214)
	at uk.ac.manchester.cs.owl.owlapi.OWLOntologyManagerImpl.loadOntology(OWLOntologyManagerImpl.java:829)
	at uk.ac.manchester.cs.owl.owlapi.OWLOntologyManagerImpl.loadOntology(OWLOntologyManagerImpl.java:749)
	at uk.ac.manchester.cs.owl.owlapi.OWLOntologyManagerImpl.loadImports(OWLOntologyManagerImpl.java:1224)
	at uk.ac.manchester.cs.owl.owlapi.OWLOntologyManagerImpl.makeLoadImportRequest(OWLOntologyManagerImpl.java:1257)
	... 18 more
Caused by: java.io.FileNotFoundException: /C:/Users/Formater/Desktop/semanticturkey-10.2.1/bin/../data/tmp/addFromLocalFile1321727648687611449dublin_core_terms.rdf (No existe el archivo o el directorio)
	at java.base/java.io.FileInputStream.open0(Native Method)
	at java.base/java.io.FileInputStream.open(FileInputStream.java:216)
	at java.base/java.io.FileInputStream.<init>(FileInputStream.java:157)
	at java.base/java.io.FileInputStream.<init>(FileInputStream.java:111)
	at java.base/sun.net.www.protocol.file.FileURLConnection.connect(FileURLConnection.java:86)
	at java.base/sun.net.www.protocol.file.FileURLConnection.getInputStream(FileURLConnection.java:189)
	at org.semanticweb.owlapi.io.AbstractOWLParser.getInputStreamFromContentEncoding(AbstractOWLParser.java:187)
	at org.semanticweb.owlapi.io.AbstractOWLParser.getInputStream(AbstractOWLParser.java:153)
	at org.semanticweb.owlapi.io.AbstractOWLParser.getInputSource(AbstractOWLParser.java:227)
	at org.coode.owlapi.rdfxml.parser.RDFXMLParser.parse(RDFXMLParser.java:118)
	at uk.ac.manchester.cs.owl.owlapi.ParsableOWLOntologyFactory.loadOWLOntology(ParsableOWLOntologyFactory.java:206)
	... 22 more
Error: "org.coode.owlapi.rdfxml.parser.TranslatedUnloadedImportException: org.semanticweb.owlapi.model.UnloadableImportException: Could not load imported ontology: <file:/C:/Users/Formater/Desktop/semanticturkey-10.2.1/bin/../data/tmp/addFromLocalFile1321727648687611449dublin_core_terms.rdf> Cause: /C:/Users/Formater/Desktop/semanticturkey-10.2.1/bin/../data/tmp/addFromLocalFile1321727648687611449dublin_core_terms.rdf (No existe el archivo o el directorio)
org.semanticweb.owlapi.model.UnloadableImportException: Could not load imported ontology: <file:/C:/Users/Formater/Desktop/semanticturkey-10.2.1/bin/../data/tmp/addFromLocalFile1321727648687611449dublin_core_terms.rdf> Cause: /C:/Users/Formater/Desktop/semanticturkey-10.2.1/bin/../data/tmp/addFromLocalFile1321727648687611449dublin_core_terms.rdf (No existe el archivo o el directorio)".
Finish. Execution Time = 493 msec
Calculate OQuare metrics  --ontology /home/jredondo/datos-jredondo/1-ontologySet/download/data.earthportal.eu/nvs_p02-20231011-skos__NVS-P02-EarthPortal.ttl --outputFileXML /home/jredondo/datos-jredondo/2-metrics/data.earthportal.eu/nvs_p02__oquare.xml --outputFileRDF /home/jredondo/datos-jredondo/2-metrics/data.earthportal.eu/nvs_p02__oquare.ttl
Inferece options:
class assertions
class hierarchy
data property assertions
data property hierarchy
different individuals
disjoint classes
object property assertions
object property hierarchy
same individuals
Running Hermit reasoner
Classifying
Classifying time in 82 msec
Building Neo4j graph from ontology model...
Graph builded in 1599 msec
Number of nodes: 4
Number of relationships: 4
[1/2] Searching paths from leaves (maxDepth=2)...Oquare metrics calculated in 7060 msec.
Results in xml saved in: "/home/jredondo/datos-jredondo/2-metrics/data.earthportal.eu/nvs_p02__oquare.xml".
Node=<https://purl.archive.org/oquo#NumberOfClassesMetricScale>
  Path=<http://purl.org/net/QualityModel#hasRankigFunction>
  Message: minCount[1]: Invalid cardinality: expected min 1: Got count = 0
Results in rdf saved in: "/home/jredondo/datos-jredondo/2-metrics/data.earthportal.eu/nvs_p02__oquare.ttl".
Finish. Execution Time = 17756 msec
Calculate OQuare metrics  --ontology /home/jredondo/datos-jredondo/1-ontologySet/download/data.earthportal.eu/brgm_uom-20231115-skos__uom.ttl --outputFileXML /home/jredondo/datos-jredondo/2-metrics/data.earthportal.eu/brgm_uom__oquare.xml --outputFileRDF /home/jredondo/datos-jredondo/2-metrics/data.earthportal.eu/brgm_uom__oquare.ttl
Inferece options:
class assertions
class hierarchy
data property assertions
data property hierarchy
different individuals
disjoint classes
object property assertions
object property hierarchy
same individuals
Running Hermit reasoner
Classifying
Classifying time in 217 msec
Building Neo4j graph from ontology model...
Graph builded in 1628 msec
Number of nodes: 8
Number of relationships: 12
[1/6] Searching paths from leaves (maxDepth=2)...Oquare metrics calculated in 6411 msec.
Results in xml saved in: "/home/jredondo/datos-jredondo/2-metrics/data.earthportal.eu/brgm_uom__oquare.xml".
Node=<https://purl.archive.org/oquo#NumberOfClassesMetricScale>
  Path=<http://purl.org/net/QualityModel#hasRankigFunction>
  Message: minCount[1]: Invalid cardinality: expected min 1: Got count = 0
Results in rdf saved in: "/home/jredondo/datos-jredondo/2-metrics/data.earthportal.eu/brgm_uom__oquare.ttl".
Finish. Execution Time = 18894 msec
Calculate OQuare metrics  --ontology /home/jredondo/datos-jredondo/1-ontologySet/download/data.earthportal.eu/arg-20230922-owl__argo-floats.ttl --outputFileXML /home/jredondo/datos-jredondo/2-metrics/data.earthportal.eu/arg__oquare.xml --outputFileRDF /home/jredondo/datos-jredondo/2-metrics/data.earthportal.eu/arg__oquare.ttl
Inferece options:
class assertions
class hierarchy
data property assertions
data property hierarchy
different individuals
disjoint classes
object property assertions
object property hierarchy
same individuals
Running Hermit reasoner
Classifying
Classifying time in 445 msec
Building Neo4j graph from ontology model...
Graph builded in 2515 msec
Number of nodes: 54
Number of relationships: 105
[1/41] Searching paths from leaves (maxDepth=4)...Oquare metrics calculated in 10857 msec.
Results in xml saved in: "/home/jredondo/datos-jredondo/2-metrics/data.earthportal.eu/arg__oquare.xml".
Node=<https://purl.archive.org/oquo#NumberOfClassesMetricScale>
  Path=<http://purl.org/net/QualityModel#hasRankigFunction>
  Message: minCount[1]: Invalid cardinality: expected min 1: Got count = 0
Results in rdf saved in: "/home/jredondo/datos-jredondo/2-metrics/data.earthportal.eu/arg__oquare.ttl".
Finish. Execution Time = 25250 msec
Calculate OQuare metrics  --ontology /home/jredondo/datos-jredondo/1-ontologySet/download/data.earthportal.eu/easydata_infra-20240412-skos__InfraRecherche.ttl --outputFileXML /home/jredondo/datos-jredondo/2-metrics/data.earthportal.eu/easydata_infra__oquare.xml --outputFileRDF /home/jredondo/datos-jredondo/2-metrics/data.earthportal.eu/easydata_infra__oquare.ttl
Inferece options:
class assertions
class hierarchy
data property assertions
data property hierarchy
different individuals
disjoint classes
object property assertions
object property hierarchy
same individuals
Running Hermit reasoner
Classifying
Classifying time in 43 msec
Building Neo4j graph from ontology model...
Graph builded in 1575 msec
Number of nodes: 12
Number of relationships: 20
[1/10] Searching paths from leaves (maxDepth=2)...Oquare metrics calculated in 5188 msec.
Results in xml saved in: "/home/jredondo/datos-jredondo/2-metrics/data.earthportal.eu/easydata_infra__oquare.xml".
Node=<https://purl.archive.org/oquo#NumberOfClassesMetricScale>
  Path=<http://purl.org/net/QualityModel#hasRankigFunction>
  Message: minCount[1]: Invalid cardinality: expected min 1: Got count = 0
Results in rdf saved in: "/home/jredondo/datos-jredondo/2-metrics/data.earthportal.eu/easydata_infra__oquare.ttl".
Finish. Execution Time = 16824 msec
Calculate OQuare metrics  --ontology /home/jredondo/datos-jredondo/1-ontologySet/download/data.earthportal.eu/fmt_foi-20240308-skos__formater-foi-220722.ttl --outputFileXML /home/jredondo/datos-jredondo/2-metrics/data.earthportal.eu/fmt_foi__oquare.xml --outputFileRDF /home/jredondo/datos-jredondo/2-metrics/data.earthportal.eu/fmt_foi__oquare.ttl
org.semanticweb.owlapi.model.OWLRuntimeException: org.coode.owlapi.rdfxml.parser.TranslatedUnloadedImportException: org.semanticweb.owlapi.model.UnloadableImportException: Could not load imported ontology: <http://purl.org/linked-data/registry-ui#> Cause: Problem parsing http://purl.org/linked-data/registry-ui#
Could not parse ontology.  Either a suitable parser could not be found, or parsing failed.  See parser logs below for explanation.
The following parsers were tried:
1) RDFXMLParser
2) OWLXMLParser
3) OWLFunctionalSyntaxOWLParser
4) TurtleOntologyParser
5) OWLOBOParser
6) KRSS2OWLParser
7) ManchesterOWLSyntaxOntologyParser


Detailed logs:
--------------------------------------------------------------------------------
Parser: RDFXMLParser
org.xml.sax.SAXParseException; systemId: http://purl.org/linked-data/registry-ui#; lineNumber: 1; columnNumber: 1; Content is not allowed in prolog.

--------------------------------------------------------------------------------
Parser: OWLXMLParser
org.xml.sax.SAXParseException; systemId: http://purl.org/linked-data/registry-ui#; lineNumber: 1; columnNumber: 1; Content is not allowed in prolog.

--------------------------------------------------------------------------------
Parser: OWLFunctionalSyntaxOWLParser
Encountered " <ERROR> "# "" at line 1, column 1.
Was expecting:
    "Ontology" ...
     (Line 0)

--------------------------------------------------------------------------------
Parser: TurtleOntologyParser
uk.ac.manchester.cs.owl.owlapi.turtle.parser.ParseException: Encountered "" at line 1, column 0.
Was expecting one of:
    

--------------------------------------------------------------------------------
Parser: OWLOBOParser
org.coode.owlapi.obo.parser.TokenMgrError: Lexical error at line 1, column 28.  Encountered: "\n" (10), after : ""

--------------------------------------------------------------------------------
Parser: KRSS2OWLParser
de.uulm.ecs.ai.owlapi.krssparser.ParseException: Encountered " <NAME> "# "" at line 1, column 1.
Was expecting:
    <EOF> 
    

--------------------------------------------------------------------------------
Parser: ManchesterOWLSyntaxOntologyParser
Encountered '@prefix rdf:  <http://www.w3.org/1999/02/22-rdf-syntax-ns#> .' at line 3 column 1.  Expected either 'Ontology:' or 'Prefix:' (Line 3)


org.semanticweb.owlapi.model.UnloadableImportException: Could not load imported ontology: <http://purl.org/linked-data/registry-ui#> Cause: Problem parsing http://purl.org/linked-data/registry-ui#
Could not parse ontology.  Either a suitable parser could not be found, or parsing failed.  See parser logs below for explanation.
The following parsers were tried:
1) RDFXMLParser
2) OWLXMLParser
3) OWLFunctionalSyntaxOWLParser
4) TurtleOntologyParser
5) OWLOBOParser
6) KRSS2OWLParser
7) ManchesterOWLSyntaxOntologyParser


Detailed logs:
--------------------------------------------------------------------------------
Parser: RDFXMLParser
org.xml.sax.SAXParseException; systemId: http://purl.org/linked-data/registry-ui#; lineNumber: 1; columnNumber: 1; Content is not allowed in prolog.

--------------------------------------------------------------------------------
Parser: OWLXMLParser
org.xml.sax.SAXParseException; systemId: http://purl.org/linked-data/registry-ui#; lineNumber: 1; columnNumber: 1; Content is not allowed in prolog.

--------------------------------------------------------------------------------
Parser: OWLFunctionalSyntaxOWLParser
Encountered " <ERROR> "# "" at line 1, column 1.
Was expecting:
    "Ontology" ...
     (Line 0)

--------------------------------------------------------------------------------
Parser: TurtleOntologyParser
uk.ac.manchester.cs.owl.owlapi.turtle.parser.ParseException: Encountered "" at line 1, column 0.
Was expecting one of:
    

--------------------------------------------------------------------------------
Parser: OWLOBOParser
org.coode.owlapi.obo.parser.TokenMgrError: Lexical error at line 1, column 28.  Encountered: "\n" (10), after : ""

--------------------------------------------------------------------------------
Parser: KRSS2OWLParser
de.uulm.ecs.ai.owlapi.krssparser.ParseException: Encountered " <NAME> "# "" at line 1, column 1.
Was expecting:
    <EOF> 
    

--------------------------------------------------------------------------------
Parser: ManchesterOWLSyntaxOntologyParser
Encountered '@prefix rdf:  <http://www.w3.org/1999/02/22-rdf-syntax-ns#> .' at line 3 column 1.  Expected either 'Ontology:' or 'Prefix:' (Line 3)


	at uk.ac.manchester.cs.owl.owlapi.turtle.parser.OWLRDFConsumerAdapter.handleTriple(OWLRDFConsumerAdapter.java:92)
	at uk.ac.manchester.cs.owl.owlapi.turtle.parser.TurtleParser.parseObject(TurtleParser.java:383)
	at uk.ac.manchester.cs.owl.owlapi.turtle.parser.TurtleParser.parseObjectList(TurtleParser.java:366)
	at uk.ac.manchester.cs.owl.owlapi.turtle.parser.TurtleParser.parsePredicateObjectList(TurtleParser.java:298)
	at uk.ac.manchester.cs.owl.owlapi.turtle.parser.TurtleParser.parseTriples(TurtleParser.java:175)
	at uk.ac.manchester.cs.owl.owlapi.turtle.parser.TurtleParser.parseStatement(TurtleParser.java:168)
	at uk.ac.manchester.cs.owl.owlapi.turtle.parser.TurtleParser.parseDocument(TurtleParser.java:120)
	at uk.ac.manchester.cs.owl.owlapi.turtle.parser.TurtleOntologyParser.parse(TurtleOntologyParser.java:100)
	at uk.ac.manchester.cs.owl.owlapi.ParsableOWLOntologyFactory.loadOWLOntology(ParsableOWLOntologyFactory.java:206)
	at uk.ac.manchester.cs.owl.owlapi.OWLOntologyManagerImpl.loadOntology(OWLOntologyManagerImpl.java:829)
	at uk.ac.manchester.cs.owl.owlapi.OWLOntologyManagerImpl.loadOntologyFromOntologyDocument(OWLOntologyManagerImpl.java:775)
	at uk.ac.manchester.cs.owl.owlapi.OWLOntologyManagerImpl.loadOntologyFromOntologyDocument(OWLOntologyManagerImpl.java:788)
	at um.cmd.RunOquare.getOvdi(RunOquare.java:180)
	at um.cmd.RunOquare.run(RunOquare.java:112)
	at um.cmd.RunOquare.main(RunOquare.java:42)
Caused by: org.coode.owlapi.rdfxml.parser.TranslatedUnloadedImportException: org.semanticweb.owlapi.model.UnloadableImportException: Could not load imported ontology: <http://purl.org/linked-data/registry-ui#> Cause: Problem parsing http://purl.org/linked-data/registry-ui#
Could not parse ontology.  Either a suitable parser could not be found, or parsing failed.  See parser logs below for explanation.
The following parsers were tried:
1) RDFXMLParser
2) OWLXMLParser
3) OWLFunctionalSyntaxOWLParser
4) TurtleOntologyParser
5) OWLOBOParser
6) KRSS2OWLParser
7) ManchesterOWLSyntaxOntologyParser


Detailed logs:
--------------------------------------------------------------------------------
Parser: RDFXMLParser
org.xml.sax.SAXParseException; systemId: http://purl.org/linked-data/registry-ui#; lineNumber: 1; columnNumber: 1; Content is not allowed in prolog.

--------------------------------------------------------------------------------
Parser: OWLXMLParser
org.xml.sax.SAXParseException; systemId: http://purl.org/linked-data/registry-ui#; lineNumber: 1; columnNumber: 1; Content is not allowed in prolog.

--------------------------------------------------------------------------------
Parser: OWLFunctionalSyntaxOWLParser
Encountered " <ERROR> "# "" at line 1, column 1.
Was expecting:
    "Ontology" ...
     (Line 0)

--------------------------------------------------------------------------------
Parser: TurtleOntologyParser
uk.ac.manchester.cs.owl.owlapi.turtle.parser.ParseException: Encountered "" at line 1, column 0.
Was expecting one of:
    

--------------------------------------------------------------------------------
Parser: OWLOBOParser
org.coode.owlapi.obo.parser.TokenMgrError: Lexical error at line 1, column 28.  Encountered: "\n" (10), after : ""

--------------------------------------------------------------------------------
Parser: KRSS2OWLParser
de.uulm.ecs.ai.owlapi.krssparser.ParseException: Encountered " <NAME> "# "" at line 1, column 1.
Was expecting:
    <EOF> 
    

--------------------------------------------------------------------------------
Parser: ManchesterOWLSyntaxOntologyParser
Encountered '@prefix rdf:  <http://www.w3.org/1999/02/22-rdf-syntax-ns#> .' at line 3 column 1.  Expected either 'Ontology:' or 'Prefix:' (Line 3)


org.semanticweb.owlapi.model.UnloadableImportException: Could not load imported ontology: <http://purl.org/linked-data/registry-ui#> Cause: Problem parsing http://purl.org/linked-data/registry-ui#
Could not parse ontology.  Either a suitable parser could not be found, or parsing failed.  See parser logs below for explanation.
The following parsers were tried:
1) RDFXMLParser
2) OWLXMLParser
3) OWLFunctionalSyntaxOWLParser
4) TurtleOntologyParser
5) OWLOBOParser
6) KRSS2OWLParser
7) ManchesterOWLSyntaxOntologyParser


Detailed logs:
--------------------------------------------------------------------------------
Parser: RDFXMLParser
org.xml.sax.SAXParseException; systemId: http://purl.org/linked-data/registry-ui#; lineNumber: 1; columnNumber: 1; Content is not allowed in prolog.

--------------------------------------------------------------------------------
Parser: OWLXMLParser
org.xml.sax.SAXParseException; systemId: http://purl.org/linked-data/registry-ui#; lineNumber: 1; columnNumber: 1; Content is not allowed in prolog.

--------------------------------------------------------------------------------
Parser: OWLFunctionalSyntaxOWLParser
Encountered " <ERROR> "# "" at line 1, column 1.
Was expecting:
    "Ontology" ...
     (Line 0)

--------------------------------------------------------------------------------
Parser: TurtleOntologyParser
uk.ac.manchester.cs.owl.owlapi.turtle.parser.ParseException: Encountered "" at line 1, column 0.
Was expecting one of:
    

--------------------------------------------------------------------------------
Parser: OWLOBOParser
org.coode.owlapi.obo.parser.TokenMgrError: Lexical error at line 1, column 28.  Encountered: "\n" (10), after : ""

--------------------------------------------------------------------------------
Parser: KRSS2OWLParser
de.uulm.ecs.ai.owlapi.krssparser.ParseException: Encountered " <NAME> "# "" at line 1, column 1.
Was expecting:
    <EOF> 
    

--------------------------------------------------------------------------------
Parser: ManchesterOWLSyntaxOntologyParser
Encountered '@prefix rdf:  <http://www.w3.org/1999/02/22-rdf-syntax-ns#> .' at line 3 column 1.  Expected either 'Ontology:' or 'Prefix:' (Line 3)


	at org.coode.owlapi.rdfxml.parser.OWLRDFConsumer.statementWithResourceValue(OWLRDFConsumer.java:1712)
	at uk.ac.manchester.cs.owl.owlapi.turtle.parser.OWLRDFConsumerAdapter.handleTriple(OWLRDFConsumerAdapter.java:89)
	... 14 more
Caused by: org.semanticweb.owlapi.model.UnloadableImportException: Could not load imported ontology: <http://purl.org/linked-data/registry-ui#> Cause: Problem parsing http://purl.org/linked-data/registry-ui#
Could not parse ontology.  Either a suitable parser could not be found, or parsing failed.  See parser logs below for explanation.
The following parsers were tried:
1) RDFXMLParser
2) OWLXMLParser
3) OWLFunctionalSyntaxOWLParser
4) TurtleOntologyParser
5) OWLOBOParser
6) KRSS2OWLParser
7) ManchesterOWLSyntaxOntologyParser


Detailed logs:
--------------------------------------------------------------------------------
Parser: RDFXMLParser
org.xml.sax.SAXParseException; systemId: http://purl.org/linked-data/registry-ui#; lineNumber: 1; columnNumber: 1; Content is not allowed in prolog.

--------------------------------------------------------------------------------
Parser: OWLXMLParser
org.xml.sax.SAXParseException; systemId: http://purl.org/linked-data/registry-ui#; lineNumber: 1; columnNumber: 1; Content is not allowed in prolog.

--------------------------------------------------------------------------------
Parser: OWLFunctionalSyntaxOWLParser
Encountered " <ERROR> "# "" at line 1, column 1.
Was expecting:
    "Ontology" ...
     (Line 0)

--------------------------------------------------------------------------------
Parser: TurtleOntologyParser
uk.ac.manchester.cs.owl.owlapi.turtle.parser.ParseException: Encountered "" at line 1, column 0.
Was expecting one of:
    

--------------------------------------------------------------------------------
Parser: OWLOBOParser
org.coode.owlapi.obo.parser.TokenMgrError: Lexical error at line 1, column 28.  Encountered: "\n" (10), after : ""

--------------------------------------------------------------------------------
Parser: KRSS2OWLParser
de.uulm.ecs.ai.owlapi.krssparser.ParseException: Encountered " <NAME> "# "" at line 1, column 1.
Was expecting:
    <EOF> 
    

--------------------------------------------------------------------------------
Parser: ManchesterOWLSyntaxOntologyParser
Encountered '@prefix rdf:  <http://www.w3.org/1999/02/22-rdf-syntax-ns#> .' at line 3 column 1.  Expected either 'Ontology:' or 'Prefix:' (Line 3)


	at uk.ac.manchester.cs.owl.owlapi.OWLOntologyManagerImpl.makeLoadImportRequest(OWLOntologyManagerImpl.java:1264)
	at org.coode.owlapi.rdfxml.parser.TPImportsHandler.handleTriple(TPImportsHandler.java:89)
	at org.coode.owlapi.rdfxml.parser.OWLRDFConsumer.handleStreaming(OWLRDFConsumer.java:1750)
	at org.coode.owlapi.rdfxml.parser.OWLRDFConsumer.statementWithResourceValue(OWLRDFConsumer.java:1709)
	... 15 more
Caused by: org.semanticweb.owlapi.io.UnparsableOntologyException: Problem parsing http://purl.org/linked-data/registry-ui#
Could not parse ontology.  Either a suitable parser could not be found, or parsing failed.  See parser logs below for explanation.
The following parsers were tried:
1) RDFXMLParser
2) OWLXMLParser
3) OWLFunctionalSyntaxOWLParser
4) TurtleOntologyParser
5) OWLOBOParser
6) KRSS2OWLParser
7) ManchesterOWLSyntaxOntologyParser


Detailed logs:
--------------------------------------------------------------------------------
Parser: RDFXMLParser
org.xml.sax.SAXParseException; systemId: http://purl.org/linked-data/registry-ui#; lineNumber: 1; columnNumber: 1; Content is not allowed in prolog.

--------------------------------------------------------------------------------
Parser: OWLXMLParser
org.xml.sax.SAXParseException; systemId: http://purl.org/linked-data/registry-ui#; lineNumber: 1; columnNumber: 1; Content is not allowed in prolog.

--------------------------------------------------------------------------------
Parser: OWLFunctionalSyntaxOWLParser
Encountered " <ERROR> "# "" at line 1, column 1.
Was expecting:
    "Ontology" ...
     (Line 0)

--------------------------------------------------------------------------------
Parser: TurtleOntologyParser
uk.ac.manchester.cs.owl.owlapi.turtle.parser.ParseException: Encountered "" at line 1, column 0.
Was expecting one of:
    

--------------------------------------------------------------------------------
Parser: OWLOBOParser
org.coode.owlapi.obo.parser.TokenMgrError: Lexical error at line 1, column 28.  Encountered: "\n" (10), after : ""

--------------------------------------------------------------------------------
Parser: KRSS2OWLParser
de.uulm.ecs.ai.owlapi.krssparser.ParseException: Encountered " <NAME> "# "" at line 1, column 1.
Was expecting:
    <EOF> 
    

--------------------------------------------------------------------------------
Parser: ManchesterOWLSyntaxOntologyParser
Encountered '@prefix rdf:  <http://www.w3.org/1999/02/22-rdf-syntax-ns#> .' at line 3 column 1.  Expected either 'Ontology:' or 'Prefix:' (Line 3)


	at uk.ac.manchester.cs.owl.owlapi.ParsableOWLOntologyFactory.loadOWLOntology(ParsableOWLOntologyFactory.java:236)
	at uk.ac.manchester.cs.owl.owlapi.OWLOntologyManagerImpl.loadOntology(OWLOntologyManagerImpl.java:829)
	at uk.ac.manchester.cs.owl.owlapi.OWLOntologyManagerImpl.loadOntology(OWLOntologyManagerImpl.java:749)
	at uk.ac.manchester.cs.owl.owlapi.OWLOntologyManagerImpl.loadImports(OWLOntologyManagerImpl.java:1224)
	at uk.ac.manchester.cs.owl.owlapi.OWLOntologyManagerImpl.makeLoadImportRequest(OWLOntologyManagerImpl.java:1257)
	... 18 more
Error: "org.coode.owlapi.rdfxml.parser.TranslatedUnloadedImportException: org.semanticweb.owlapi.model.UnloadableImportException: Could not load imported ontology: <http://purl.org/linked-data/registry-ui#> Cause: Problem parsing http://purl.org/linked-data/registry-ui#
Could not parse ontology.  Either a suitable parser could not be found, or parsing failed.  See parser logs below for explanation.
The following parsers were tried:
1) RDFXMLParser
2) OWLXMLParser
3) OWLFunctionalSyntaxOWLParser
4) TurtleOntologyParser
5) OWLOBOParser
6) KRSS2OWLParser
7) ManchesterOWLSyntaxOntologyParser


Detailed logs:
--------------------------------------------------------------------------------
Parser: RDFXMLParser
org.xml.sax.SAXParseException; systemId: http://purl.org/linked-data/registry-ui#; lineNumber: 1; columnNumber: 1; Content is not allowed in prolog.

--------------------------------------------------------------------------------
Parser: OWLXMLParser
org.xml.sax.SAXParseException; systemId: http://purl.org/linked-data/registry-ui#; lineNumber: 1; columnNumber: 1; Content is not allowed in prolog.

--------------------------------------------------------------------------------
Parser: OWLFunctionalSyntaxOWLParser
Encountered " <ERROR> "# "" at line 1, column 1.
Was expecting:
    "Ontology" ...
     (Line 0)

--------------------------------------------------------------------------------
Parser: TurtleOntologyParser
uk.ac.manchester.cs.owl.owlapi.turtle.parser.ParseException: Encountered "" at line 1, column 0.
Was expecting one of:
    

--------------------------------------------------------------------------------
Parser: OWLOBOParser
org.coode.owlapi.obo.parser.TokenMgrError: Lexical error at line 1, column 28.  Encountered: "\n" (10), after : ""

--------------------------------------------------------------------------------
Parser: KRSS2OWLParser
de.uulm.ecs.ai.owlapi.krssparser.ParseException: Encountered " <NAME> "# "" at line 1, column 1.
Was expecting:
    <EOF> 
    

--------------------------------------------------------------------------------
Parser: ManchesterOWLSyntaxOntologyParser
Encountered '@prefix rdf:  <http://www.w3.org/1999/02/22-rdf-syntax-ns#> .' at line 3 column 1.  Expected either 'Ontology:' or 'Prefix:' (Line 3)


org.semanticweb.owlapi.model.UnloadableImportException: Could not load imported ontology: <http://purl.org/linked-data/registry-ui#> Cause: Problem parsing http://purl.org/linked-data/registry-ui#
Could not parse ontology.  Either a suitable parser could not be found, or parsing failed.  See parser logs below for explanation.
The following parsers were tried:
1) RDFXMLParser
2) OWLXMLParser
3) OWLFunctionalSyntaxOWLParser
4) TurtleOntologyParser
5) OWLOBOParser
6) KRSS2OWLParser
7) ManchesterOWLSyntaxOntologyParser


Detailed logs:
--------------------------------------------------------------------------------
Parser: RDFXMLParser
org.xml.sax.SAXParseException; systemId: http://purl.org/linked-data/registry-ui#; lineNumber: 1; columnNumber: 1; Content is not allowed in prolog.

--------------------------------------------------------------------------------
Parser: OWLXMLParser
org.xml.sax.SAXParseException; systemId: http://purl.org/linked-data/registry-ui#; lineNumber: 1; columnNumber: 1; Content is not allowed in prolog.

--------------------------------------------------------------------------------
Parser: OWLFunctionalSyntaxOWLParser
Encountered " <ERROR> "# "" at line 1, column 1.
Was expecting:
    "Ontology" ...
     (Line 0)

--------------------------------------------------------------------------------
Parser: TurtleOntologyParser
uk.ac.manchester.cs.owl.owlapi.turtle.parser.ParseException: Encountered "" at line 1, column 0.
Was expecting one of:
    

--------------------------------------------------------------------------------
Parser: OWLOBOParser
org.coode.owlapi.obo.parser.TokenMgrError: Lexical error at line 1, column 28.  Encountered: "\n" (10), after : ""

--------------------------------------------------------------------------------
Parser: KRSS2OWLParser
de.uulm.ecs.ai.owlapi.krssparser.ParseException: Encountered " <NAME> "# "" at line 1, column 1.
Was expecting:
    <EOF> 
    

--------------------------------------------------------------------------------
Parser: ManchesterOWLSyntaxOntologyParser
Encountered '@prefix rdf:  <http://www.w3.org/1999/02/22-rdf-syntax-ns#> .' at line 3 column 1.  Expected either 'Ontology:' or 'Prefix:' (Line 3)

".
Finish. Execution Time = 9789 msec
Calculate OQuare metrics  --ontology /home/jredondo/datos-jredondo/1-ontologySet/download/data.earthportal.eu/nvs_l22-20230922-skos__NVS-L22-EarthPortal.ttl --outputFileXML /home/jredondo/datos-jredondo/2-metrics/data.earthportal.eu/nvs_l22__oquare.xml --outputFileRDF /home/jredondo/datos-jredondo/2-metrics/data.earthportal.eu/nvs_l22__oquare.ttl
Inferece options:
class assertions
class hierarchy
data property assertions
data property hierarchy
different individuals
disjoint classes
object property assertions
object property hierarchy
same individuals
Running Hermit reasoner
Classifying
Classifying time in 140 msec
Building Neo4j graph from ontology model...
Graph builded in 1554 msec
Number of nodes: 4
Number of relationships: 4
[1/2] Searching paths from leaves (maxDepth=2)...Oquare metrics calculated in 6810 msec.
Results in xml saved in: "/home/jredondo/datos-jredondo/2-metrics/data.earthportal.eu/nvs_l22__oquare.xml".
Node=<https://purl.archive.org/oquo#NumberOfClassesMetricScale>
  Path=<http://purl.org/net/QualityModel#hasRankigFunction>
  Message: minCount[1]: Invalid cardinality: expected min 1: Got count = 0
Results in rdf saved in: "/home/jredondo/datos-jredondo/2-metrics/data.earthportal.eu/nvs_l22__oquare.ttl".
Finish. Execution Time = 17877 msec
Calculate OQuare metrics  --ontology /home/jredondo/datos-jredondo/1-ontologySet/download/data.earthportal.eu/aer_prm-20230915-skos__Parameters.ttl --outputFileXML /home/jredondo/datos-jredondo/2-metrics/data.earthportal.eu/aer_prm__oquare.xml --outputFileRDF /home/jredondo/datos-jredondo/2-metrics/data.earthportal.eu/aer_prm__oquare.ttl
Inferece options:
class assertions
class hierarchy
data property assertions
data property hierarchy
different individuals
disjoint classes
object property assertions
object property hierarchy
same individuals
Running Hermit reasoner
Classifying
Classifying time in 89 msec
Building Neo4j graph from ontology model...
Graph builded in 1584 msec
Number of nodes: 4
Number of relationships: 4
[1/2] Searching paths from leaves (maxDepth=2)...Oquare metrics calculated in 5310 msec.
Results in xml saved in: "/home/jredondo/datos-jredondo/2-metrics/data.earthportal.eu/aer_prm__oquare.xml".
Node=<https://purl.archive.org/oquo#NumberOfClassesMetricScale>
  Path=<http://purl.org/net/QualityModel#hasRankigFunction>
  Message: minCount[1]: Invalid cardinality: expected min 1: Got count = 0
Results in rdf saved in: "/home/jredondo/datos-jredondo/2-metrics/data.earthportal.eu/aer_prm__oquare.ttl".
Finish. Execution Time = 17511 msec
Calculate OQuare metrics  --ontology /home/jredondo/datos-jredondo/1-ontologySet/download/data.earthportal.eu/fmt_int-20240308-skos__formater-instrument-220722.ttl --outputFileXML /home/jredondo/datos-jredondo/2-metrics/data.earthportal.eu/fmt_int__oquare.xml --outputFileRDF /home/jredondo/datos-jredondo/2-metrics/data.earthportal.eu/fmt_int__oquare.ttl
Inferece options:
class assertions
class hierarchy
data property assertions
data property hierarchy
different individuals
disjoint classes
object property assertions
object property hierarchy
same individuals
Running Hermit reasoner
Classifying
Classifying time in 59 msec
Building Neo4j graph from ontology model...
Graph builded in 1619 msec
Number of nodes: 8
Number of relationships: 12
[1/6] Searching paths from leaves (maxDepth=2)...Oquare metrics calculated in 5016 msec.
Results in xml saved in: "/home/jredondo/datos-jredondo/2-metrics/data.earthportal.eu/fmt_int__oquare.xml".
Node=<https://purl.archive.org/oquo#NumberOfClassesMetricScale>
  Path=<http://purl.org/net/QualityModel#hasRankigFunction>
  Message: minCount[1]: Invalid cardinality: expected min 1: Got count = 0
Results in rdf saved in: "/home/jredondo/datos-jredondo/2-metrics/data.earthportal.eu/fmt_int__oquare.ttl".
Finish. Execution Time = 16634 msec
Calculate OQuare metrics  --ontology /home/jredondo/datos-jredondo/1-ontologySet/download/data.earthportal.eu/toz-20240508-skos__theia-ozcar-thesaurus.rdf --outputFileXML /home/jredondo/datos-jredondo/2-metrics/data.earthportal.eu/toz__oquare.xml --outputFileRDF /home/jredondo/datos-jredondo/2-metrics/data.earthportal.eu/toz__oquare.ttl
java.lang.NullPointerException: Cannot invoke "org.semanticweb.owlapi.model.OWLOntology.getOntologyID()" because "ontology" is null
	at um.cmd.RunOquare.getOntologyIRI(RunOquare.java:218)
	at um.cmd.RunOquare.getOvdi(RunOquare.java:186)
	at um.cmd.RunOquare.run(RunOquare.java:112)
	at um.cmd.RunOquare.main(RunOquare.java:42)
Error: "Cannot invoke "org.semanticweb.owlapi.model.OWLOntology.getOntologyID()" because "ontology" is null".
Finish. Execution Time = 7416 msec
