Calculate OQuare metrics  --ontology /home/jredondo/datos-jredondo/1-ontologySet/download/data.industryportal.enit.fr/bfo-20240404-owl__bfo-core.owl --outputFileXML /home/jredondo/datos-jredondo/2-metrics/data.industryportal.enit.fr/bfo__oquare.xml --outputFileRDF /home/jredondo/datos-jredondo/2-metrics/data.industryportal.enit.fr/bfo__oquare.ttl
Inferece options:
class assertions
class hierarchy
data property assertions
data property hierarchy
different individuals
disjoint classes
object property assertions
object property hierarchy
same individuals
Running Hermit reasoner
Classifying
Classifying time in 207 msec
Building Neo4j graph from ontology model...
Graph builded in 2841 msec
Number of nodes: 38
Number of relationships: 56
[1/20] Searching paths from leaves (maxDepth=12)...Oquare metrics calculated in 7439 msec.
Results in xml saved in: "/home/jredondo/datos-jredondo/2-metrics/data.industryportal.enit.fr/bfo__oquare.xml".
Node=<https://purl.archive.org/oquo#NumberOfClassesMetricScale>
  Path=<http://purl.org/net/QualityModel#hasRankigFunction>
  Message: minCount[1]: Invalid cardinality: expected min 1: Got count = 0
Results in rdf saved in: "/home/jredondo/datos-jredondo/2-metrics/data.industryportal.enit.fr/bfo__oquare.ttl".
Finish. Execution Time = 20869 msec
Calculate OQuare metrics  --ontology /home/jredondo/datos-jredondo/1-ontologySet/download/data.industryportal.enit.fr/funstep-20211130-owl__FurnitureSectorTaxonomy-v2.5.1.owl --outputFileXML /home/jredondo/datos-jredondo/2-metrics/data.industryportal.enit.fr/funstep__oquare.xml --outputFileRDF /home/jredondo/datos-jredondo/2-metrics/data.industryportal.enit.fr/funstep__oquare.ttl
Inferece options:
class assertions
class hierarchy
data property assertions
data property hierarchy
different individuals
disjoint classes
object property assertions
object property hierarchy
same individuals
Running Hermit reasoner
Classifying
org.semanticweb.owlapi.reasoner.InconsistentOntologyException: Inconsistent ontology
	at org.semanticweb.HermiT.Reasoner.throwInconsistentOntologyExceptionIfNecessary(Reasoner.java:2187)
	at org.semanticweb.HermiT.Reasoner.checkPreConditions(Reasoner.java:2179)
	at org.semanticweb.HermiT.Reasoner.precomputeInferences(Reasoner.java:556)
	at um.owlapiextension.reasoning.MyHermitReasoner.<init>(MyHermitReasoner.java:28)
	at um.owlapiextension.reasoning.MyReasonerFactory.createDefaultReasoner(MyReasonerFactory.java:16)
	at oquare.OquareBasicMetrics_OwlApi.<init>(OquareBasicMetrics_OwlApi.java:153)
	at oquare.OquareCharacteristicsAndSubcharacteristics.calculateOquareMetrics(OquareCharacteristicsAndSubcharacteristics.java:77)
	at oquare.OquareCharacteristicsAndSubcharacteristics.<init>(OquareCharacteristicsAndSubcharacteristics.java:63)
	at um.oquare.beans.OquareGen.createObject(OquareGen.java:51)
	at um.oquare.versions.tools.CalculateOquareMetrics.getOquareMetrics(CalculateOquareMetrics.java:19)
	at um.cmd.RunOquare.run(RunOquare.java:123)
	at um.cmd.RunOquare.main(RunOquare.java:42)
Error: "Inconsistent ontology".
Finish. Execution Time = 2799 msec
Calculate OQuare metrics  --ontology /home/jredondo/datos-jredondo/1-ontologySet/download/data.industryportal.enit.fr/romain-20211130-owl__ROMAIN.owl --outputFileXML /home/jredondo/datos-jredondo/2-metrics/data.industryportal.enit.fr/romain__oquare.xml --outputFileRDF /home/jredondo/datos-jredondo/2-metrics/data.industryportal.enit.fr/romain__oquare.ttl
java.lang.NullPointerException: Cannot invoke "org.semanticweb.owlapi.model.OWLOntology.getOntologyID()" because "ontology" is null
	at um.cmd.RunOquare.getOntologyIRI(RunOquare.java:218)
	at um.cmd.RunOquare.getOvdi(RunOquare.java:186)
	at um.cmd.RunOquare.run(RunOquare.java:112)
	at um.cmd.RunOquare.main(RunOquare.java:42)
Error: "Cannot invoke "org.semanticweb.owlapi.model.OWLOntology.getOntologyID()" because "ontology" is null".
Finish. Execution Time = 5657 msec
Calculate OQuare metrics  --ontology /home/jredondo/datos-jredondo/1-ontologySet/download/data.industryportal.enit.fr/iof-scro-20231010-owl__SupplyChainReferenceOntology.rdf --outputFileXML /home/jredondo/datos-jredondo/2-metrics/data.industryportal.enit.fr/iof-scro__oquare.xml --outputFileRDF /home/jredondo/datos-jredondo/2-metrics/data.industryportal.enit.fr/iof-scro__oquare.ttl
Inferece options:
class assertions
class hierarchy
data property assertions
data property hierarchy
different individuals
disjoint classes
object property assertions
object property hierarchy
same individuals
Running Hermit reasoner
org.semanticweb.HermiT.datatypes.UnsupportedDatatypeException: HermiT supports all and only the datatypes of the OWL 2 datatype map, see 
http://www.w3.org/TR/owl2-syntax/#Datatype_Maps. 
The datatype 'http://www.w3.org/1999/02/22-rdf-syntax-ns#langString' is not part of the OWL 2 datatype map and 
no custom datatype definition is given; 
therefore, HermiT cannot handle this datatype.
	at org.semanticweb.HermiT.datatypes.DatatypeRegistry.getDatatypeHandlerFor(DatatypeRegistry.java:76)
	at org.semanticweb.HermiT.datatypes.DatatypeRegistry.getDatatypeHandlerFor(DatatypeRegistry.java:82)
	at org.semanticweb.HermiT.datatypes.DatatypeRegistry.validateDatatypeRestriction(DatatypeRegistry.java:101)
	at org.semanticweb.HermiT.structural.OWLClausification$DataRangeConverter.visit(OWLClausification.java:776)
	at uk.ac.manchester.cs.owl.owlapi.OWLDatatypeImpl.accept(OWLDatatypeImpl.java:320)
	at org.semanticweb.HermiT.structural.OWLClausification$DataRangeConverter.convertDataRange(OWLClausification.java:763)
	at org.semanticweb.HermiT.structural.OWLClausification$DataRangeConverter.visit(OWLClausification.java:791)
	at uk.ac.manchester.cs.owl.owlapi.OWLDataComplementOfImpl.accept(OWLDataComplementOfImpl.java:129)
	at org.semanticweb.HermiT.structural.OWLClausification$DataRangeConverter.convertDataRange(OWLClausification.java:763)
	at org.semanticweb.HermiT.structural.OWLClausification$NormalizedDataRangeAxiomClausifier.visit(OWLClausification.java:722)
	at uk.ac.manchester.cs.owl.owlapi.OWLDataComplementOfImpl.accept(OWLDataComplementOfImpl.java:118)
	at org.semanticweb.HermiT.structural.OWLClausification.clausify(OWLClausification.java:223)
	at org.semanticweb.HermiT.structural.OWLClausification.preprocessAndClausify(OWLClausification.java:154)
	at org.semanticweb.HermiT.Reasoner.loadOntology(Reasoner.java:221)
	at org.semanticweb.HermiT.Reasoner.<init>(Reasoner.java:212)
	at org.semanticweb.HermiT.Reasoner.<init>(Reasoner.java:175)
	at um.owlapiextension.reasoning.MyHermitReasoner.<init>(MyHermitReasoner.java:23)
	at um.owlapiextension.reasoning.MyReasonerFactory.createDefaultReasoner(MyReasonerFactory.java:16)
	at oquare.OquareBasicMetrics_OwlApi.<init>(OquareBasicMetrics_OwlApi.java:153)
	at oquare.OquareCharacteristicsAndSubcharacteristics.calculateOquareMetrics(OquareCharacteristicsAndSubcharacteristics.java:77)
	at oquare.OquareCharacteristicsAndSubcharacteristics.<init>(OquareCharacteristicsAndSubcharacteristics.java:63)
	at um.oquare.beans.OquareGen.createObject(OquareGen.java:51)
	at um.oquare.versions.tools.CalculateOquareMetrics.getOquareMetrics(CalculateOquareMetrics.java:19)
	at um.cmd.RunOquare.run(RunOquare.java:123)
	at um.cmd.RunOquare.main(RunOquare.java:42)
Error: "HermiT supports all and only the datatypes of the OWL 2 datatype map, see 
http://www.w3.org/TR/owl2-syntax/#Datatype_Maps. 
The datatype 'http://www.w3.org/1999/02/22-rdf-syntax-ns#langString' is not part of the OWL 2 datatype map and 
no custom datatype definition is given; 
therefore, HermiT cannot handle this datatype.".
Finish. Execution Time = 16839 msec
Calculate OQuare metrics  --ontology /home/jredondo/datos-jredondo/1-ontologySet/download/data.industryportal.enit.fr/grace-20211205-owl__grace-ontology-with-assert.owl --outputFileXML /home/jredondo/datos-jredondo/2-metrics/data.industryportal.enit.fr/grace__oquare.xml --outputFileRDF /home/jredondo/datos-jredondo/2-metrics/data.industryportal.enit.fr/grace__oquare.ttl
Inferece options:
class assertions
class hierarchy
data property assertions
data property hierarchy
different individuals
disjoint classes
object property assertions
object property hierarchy
same individuals
Running Hermit reasoner
org.semanticweb.HermiT.datatypes.UnsupportedDatatypeException: HermiT supports all and only the datatypes of the OWL 2 datatype map, see 
http://www.w3.org/TR/owl2-syntax/#Datatype_Maps. 
The datatype 'http://www.w3.org/2001/XMLSchema#date' is not part of the OWL 2 datatype map and 
no custom datatype definition is given; 
therefore, HermiT cannot handle this datatype.
	at org.semanticweb.HermiT.datatypes.DatatypeRegistry.getDatatypeHandlerFor(DatatypeRegistry.java:76)
	at org.semanticweb.HermiT.datatypes.DatatypeRegistry.getDatatypeHandlerFor(DatatypeRegistry.java:82)
	at org.semanticweb.HermiT.datatypes.DatatypeRegistry.validateDatatypeRestriction(DatatypeRegistry.java:101)
	at org.semanticweb.HermiT.structural.OWLClausification$DataRangeConverter.visit(OWLClausification.java:776)
	at uk.ac.manchester.cs.owl.owlapi.OWLDatatypeImpl.accept(OWLDatatypeImpl.java:320)
	at org.semanticweb.HermiT.structural.OWLClausification$DataRangeConverter.convertDataRange(OWLClausification.java:763)
	at org.semanticweb.HermiT.structural.OWLClausification$NormalizedAxiomClausifier.visit(OWLClausification.java:608)
	at uk.ac.manchester.cs.owl.owlapi.OWLDataAllValuesFromImpl.accept(OWLDataAllValuesFromImpl.java:94)
	at org.semanticweb.HermiT.structural.OWLClausification.clausify(OWLClausification.java:216)
	at org.semanticweb.HermiT.structural.OWLClausification.preprocessAndClausify(OWLClausification.java:154)
	at org.semanticweb.HermiT.Reasoner.loadOntology(Reasoner.java:221)
	at org.semanticweb.HermiT.Reasoner.<init>(Reasoner.java:212)
	at org.semanticweb.HermiT.Reasoner.<init>(Reasoner.java:175)
	at um.owlapiextension.reasoning.MyHermitReasoner.<init>(MyHermitReasoner.java:23)
	at um.owlapiextension.reasoning.MyReasonerFactory.createDefaultReasoner(MyReasonerFactory.java:16)
	at oquare.OquareBasicMetrics_OwlApi.<init>(OquareBasicMetrics_OwlApi.java:153)
	at oquare.OquareCharacteristicsAndSubcharacteristics.calculateOquareMetrics(OquareCharacteristicsAndSubcharacteristics.java:77)
	at oquare.OquareCharacteristicsAndSubcharacteristics.<init>(OquareCharacteristicsAndSubcharacteristics.java:63)
	at um.oquare.beans.OquareGen.createObject(OquareGen.java:51)
	at um.oquare.versions.tools.CalculateOquareMetrics.getOquareMetrics(CalculateOquareMetrics.java:19)
	at um.cmd.RunOquare.run(RunOquare.java:123)
	at um.cmd.RunOquare.main(RunOquare.java:42)
Error: "HermiT supports all and only the datatypes of the OWL 2 datatype map, see 
http://www.w3.org/TR/owl2-syntax/#Datatype_Maps. 
The datatype 'http://www.w3.org/2001/XMLSchema#date' is not part of the OWL 2 datatype map and 
no custom datatype definition is given; 
therefore, HermiT cannot handle this datatype.".
Finish. Execution Time = 1122 msec
Calculate OQuare metrics  --ontology /home/jredondo/datos-jredondo/1-ontologySet/download/data.industryportal.enit.fr/gi2mo-20211201-owl__ns.owl --outputFileXML /home/jredondo/datos-jredondo/2-metrics/data.industryportal.enit.fr/gi2mo__oquare.xml --outputFileRDF /home/jredondo/datos-jredondo/2-metrics/data.industryportal.enit.fr/gi2mo__oquare.ttl
Inferece options:
class assertions
class hierarchy
data property assertions
data property hierarchy
different individuals
disjoint classes
object property assertions
object property hierarchy
same individuals
Running Hermit reasoner
Classifying
org.semanticweb.owlapi.reasoner.InconsistentOntologyException: Inconsistent ontology
	at org.semanticweb.HermiT.Reasoner.throwInconsistentOntologyExceptionIfNecessary(Reasoner.java:2187)
	at org.semanticweb.HermiT.Reasoner.checkPreConditions(Reasoner.java:2179)
	at org.semanticweb.HermiT.Reasoner.precomputeInferences(Reasoner.java:556)
	at um.owlapiextension.reasoning.MyHermitReasoner.<init>(MyHermitReasoner.java:28)
	at um.owlapiextension.reasoning.MyReasonerFactory.createDefaultReasoner(MyReasonerFactory.java:16)
	at oquare.OquareBasicMetrics_OwlApi.<init>(OquareBasicMetrics_OwlApi.java:153)
	at oquare.OquareCharacteristicsAndSubcharacteristics.calculateOquareMetrics(OquareCharacteristicsAndSubcharacteristics.java:77)
	at oquare.OquareCharacteristicsAndSubcharacteristics.<init>(OquareCharacteristicsAndSubcharacteristics.java:63)
	at um.oquare.beans.OquareGen.createObject(OquareGen.java:51)
	at um.oquare.versions.tools.CalculateOquareMetrics.getOquareMetrics(CalculateOquareMetrics.java:19)
	at um.cmd.RunOquare.run(RunOquare.java:123)
	at um.cmd.RunOquare.main(RunOquare.java:42)
Error: "Inconsistent ontology".
Finish. Execution Time = 1363 msec
Calculate OQuare metrics  --ontology /home/jredondo/datos-jredondo/1-ontologySet/download/data.industryportal.enit.fr/rec-20230223-owl__REC.owl --outputFileXML /home/jredondo/datos-jredondo/2-metrics/data.industryportal.enit.fr/rec__oquare.xml --outputFileRDF /home/jredondo/datos-jredondo/2-metrics/data.industryportal.enit.fr/rec__oquare.ttl
Inferece options:
class assertions
class hierarchy
data property assertions
data property hierarchy
different individuals
disjoint classes
object property assertions
object property hierarchy
same individuals
Running Hermit reasoner
java.lang.IllegalArgumentException: Error: In OWL 2 DL, owl:topDataProperty is only allowed to occur in the super property position of SubDataPropertyOf axioms, but the ontology contains an axiom DataPropertyRange(owl:topDataProperty rdfs:Literal) that violates this condition.
	at org.semanticweb.HermiT.structural.OWLNormalization$AxiomVisitor.checkTopDataPropertyUse(OWLNormalization.java:658)
	at org.semanticweb.HermiT.structural.OWLNormalization$AxiomVisitor.visit(OWLNormalization.java:647)
	at uk.ac.manchester.cs.owl.owlapi.OWLDataPropertyRangeAxiomImpl.accept(OWLDataPropertyRangeAxiomImpl.java:95)
	at org.semanticweb.HermiT.structural.OWLNormalization.processAxioms(OWLNormalization.java:164)
	at org.semanticweb.HermiT.structural.OWLNormalization.processOntology(OWLNormalization.java:159)
	at org.semanticweb.HermiT.structural.OWLClausification.preprocessAndClausify(OWLClausification.java:142)
	at org.semanticweb.HermiT.Reasoner.loadOntology(Reasoner.java:221)
	at org.semanticweb.HermiT.Reasoner.<init>(Reasoner.java:212)
	at org.semanticweb.HermiT.Reasoner.<init>(Reasoner.java:175)
	at um.owlapiextension.reasoning.MyHermitReasoner.<init>(MyHermitReasoner.java:23)
	at um.owlapiextension.reasoning.MyReasonerFactory.createDefaultReasoner(MyReasonerFactory.java:16)
	at oquare.OquareBasicMetrics_OwlApi.<init>(OquareBasicMetrics_OwlApi.java:153)
	at oquare.OquareCharacteristicsAndSubcharacteristics.calculateOquareMetrics(OquareCharacteristicsAndSubcharacteristics.java:77)
	at oquare.OquareCharacteristicsAndSubcharacteristics.<init>(OquareCharacteristicsAndSubcharacteristics.java:63)
	at um.oquare.beans.OquareGen.createObject(OquareGen.java:51)
	at um.oquare.versions.tools.CalculateOquareMetrics.getOquareMetrics(CalculateOquareMetrics.java:19)
	at um.cmd.RunOquare.run(RunOquare.java:123)
	at um.cmd.RunOquare.main(RunOquare.java:42)
Error: "Error: In OWL 2 DL, owl:topDataProperty is only allowed to occur in the super property position of SubDataPropertyOf axioms, but the ontology contains an axiom DataPropertyRange(owl:topDataProperty rdfs:Literal) that violates this condition.".
Finish. Execution Time = 1522 msec
Calculate OQuare metrics  --ontology /home/jredondo/datos-jredondo/1-ontologySet/download/data.industryportal.enit.fr/saref-20221214-owl__saref.ttl --outputFileXML /home/jredondo/datos-jredondo/2-metrics/data.industryportal.enit.fr/saref__oquare.xml --outputFileRDF /home/jredondo/datos-jredondo/2-metrics/data.industryportal.enit.fr/saref__oquare.ttl
Inferece options:
class assertions
class hierarchy
data property assertions
data property hierarchy
different individuals
disjoint classes
object property assertions
object property hierarchy
same individuals
Running Hermit reasoner
Classifying
Classifying time in 181 msec
Building Neo4j graph from ontology model...
Graph builded in 3436 msec
Number of nodes: 83
Number of relationships: 145
[1/64] Searching paths from leaves (maxDepth=8)...Oquare metrics calculated in 9330 msec.
Results in xml saved in: "/home/jredondo/datos-jredondo/2-metrics/data.industryportal.enit.fr/saref__oquare.xml".
Node=<https://purl.archive.org/oquo#NumberOfClassesMetricScale>
  Path=<http://purl.org/net/QualityModel#hasRankigFunction>
  Message: minCount[1]: Invalid cardinality: expected min 1: Got count = 0
Results in rdf saved in: "/home/jredondo/datos-jredondo/2-metrics/data.industryportal.enit.fr/saref__oquare.ttl".
Finish. Execution Time = 21211 msec
Calculate OQuare metrics  --ontology /home/jredondo/datos-jredondo/1-ontologySet/download/data.industryportal.enit.fr/falcon-20211201-owl__falconto.owl --outputFileXML /home/jredondo/datos-jredondo/2-metrics/data.industryportal.enit.fr/falcon__oquare.xml --outputFileRDF /home/jredondo/datos-jredondo/2-metrics/data.industryportal.enit.fr/falcon__oquare.ttl
Inferece options:
class assertions
class hierarchy
data property assertions
data property hierarchy
different individuals
disjoint classes
object property assertions
object property hierarchy
same individuals
Running Hermit reasoner
java.lang.IllegalArgumentException: A SWRL rule uses a built-in atom, but built-in atoms are not supported yet.
	at org.semanticweb.HermiT.structural.OWLNormalization$RuleNormalizer.visit(OWLNormalization.java:1266)
	at uk.ac.manchester.cs.owl.owlapi.SWRLBuiltInAtomImpl.accept(SWRLBuiltInAtomImpl.java:107)
	at org.semanticweb.HermiT.structural.OWLNormalization$RuleNormalizer.visit(OWLNormalization.java:1160)
	at org.semanticweb.HermiT.structural.OWLNormalization.processAxioms(OWLNormalization.java:174)
	at org.semanticweb.HermiT.structural.OWLNormalization.processOntology(OWLNormalization.java:159)
	at org.semanticweb.HermiT.structural.OWLClausification.preprocessAndClausify(OWLClausification.java:142)
	at org.semanticweb.HermiT.Reasoner.loadOntology(Reasoner.java:221)
	at org.semanticweb.HermiT.Reasoner.<init>(Reasoner.java:212)
	at org.semanticweb.HermiT.Reasoner.<init>(Reasoner.java:175)
	at um.owlapiextension.reasoning.MyHermitReasoner.<init>(MyHermitReasoner.java:23)
	at um.owlapiextension.reasoning.MyReasonerFactory.createDefaultReasoner(MyReasonerFactory.java:16)
	at oquare.OquareBasicMetrics_OwlApi.<init>(OquareBasicMetrics_OwlApi.java:153)
	at oquare.OquareCharacteristicsAndSubcharacteristics.calculateOquareMetrics(OquareCharacteristicsAndSubcharacteristics.java:77)
	at oquare.OquareCharacteristicsAndSubcharacteristics.<init>(OquareCharacteristicsAndSubcharacteristics.java:63)
	at um.oquare.beans.OquareGen.createObject(OquareGen.java:51)
	at um.oquare.versions.tools.CalculateOquareMetrics.getOquareMetrics(CalculateOquareMetrics.java:19)
	at um.cmd.RunOquare.run(RunOquare.java:123)
	at um.cmd.RunOquare.main(RunOquare.java:42)
Error: "A SWRL rule uses a built-in atom, but built-in atoms are not supported yet.".
Finish. Execution Time = 822 msec
Calculate OQuare metrics  --ontology /home/jredondo/datos-jredondo/1-ontologySet/download/data.industryportal.enit.fr/imamo-20211208-owl__IMAMO.owl --outputFileXML /home/jredondo/datos-jredondo/2-metrics/data.industryportal.enit.fr/imamo__oquare.xml --outputFileRDF /home/jredondo/datos-jredondo/2-metrics/data.industryportal.enit.fr/imamo__oquare.ttl
Inferece options:
class assertions
class hierarchy
data property assertions
data property hierarchy
different individuals
disjoint classes
object property assertions
object property hierarchy
same individuals
Running Hermit reasoner
Classifying
Classifying time in 179 msec
Building Neo4j graph from ontology model...
Graph builded in 4377 msec
Number of nodes: 110
Number of relationships: 192
[1/84] Searching paths from leaves (maxDepth=8)...Oquare metrics calculated in 10430 msec.
Results in xml saved in: "/home/jredondo/datos-jredondo/2-metrics/data.industryportal.enit.fr/imamo__oquare.xml".
Node=<https://purl.archive.org/oquo#NumberOfClassesMetricScale>
  Path=<http://purl.org/net/QualityModel#hasRankigFunction>
  Message: minCount[1]: Invalid cardinality: expected min 1: Got count = 0
Results in rdf saved in: "/home/jredondo/datos-jredondo/2-metrics/data.industryportal.enit.fr/imamo__oquare.ttl".
Finish. Execution Time = 24374 msec
Calculate OQuare metrics  --ontology /home/jredondo/datos-jredondo/1-ontologySet/download/data.industryportal.enit.fr/var-20211205-owl__ontology.ttl --outputFileXML /home/jredondo/datos-jredondo/2-metrics/data.industryportal.enit.fr/var__oquare.xml --outputFileRDF /home/jredondo/datos-jredondo/2-metrics/data.industryportal.enit.fr/var__oquare.ttl
Inferece options:
class assertions
class hierarchy
data property assertions
data property hierarchy
different individuals
disjoint classes
object property assertions
object property hierarchy
same individuals
Running Hermit reasoner
Classifying
Classifying time in 935 msec
Building Neo4j graph from ontology model...
Graph builded in 4211 msec
Number of nodes: 105
Number of relationships: 187
[1/83] Searching paths from leaves (maxDepth=8)...Oquare metrics calculated in 17096 msec.
Results in xml saved in: "/home/jredondo/datos-jredondo/2-metrics/data.industryportal.enit.fr/var__oquare.xml".
Node=<https://purl.archive.org/oquo#NumberOfClassesMetricScale>
  Path=<http://purl.org/net/QualityModel#hasRankigFunction>
  Message: minCount[1]: Invalid cardinality: expected min 1: Got count = 0
Results in rdf saved in: "/home/jredondo/datos-jredondo/2-metrics/data.industryportal.enit.fr/var__oquare.ttl".
Finish. Execution Time = 33388 msec
Calculate OQuare metrics  --ontology /home/jredondo/datos-jredondo/1-ontologySet/download/data.industryportal.enit.fr/reqspeconto-20231013-owl__ReqSpecOnto-with-individuals-v1.0.owl --outputFileXML /home/jredondo/datos-jredondo/2-metrics/data.industryportal.enit.fr/reqspeconto__oquare.xml --outputFileRDF /home/jredondo/datos-jredondo/2-metrics/data.industryportal.enit.fr/reqspeconto__oquare.ttl
Inferece options:
class assertions
class hierarchy
data property assertions
data property hierarchy
different individuals
disjoint classes
object property assertions
object property hierarchy
same individuals
Running Hermit reasoner
Classifying
Classifying time in 264 msec
Building Neo4j graph from ontology model...
Graph builded in 4229 msec
Number of nodes: 97
Number of relationships: 165
[1/69] Searching paths from leaves (maxDepth=16)...Oquare metrics calculated in 11246 msec.
Results in xml saved in: "/home/jredondo/datos-jredondo/2-metrics/data.industryportal.enit.fr/reqspeconto__oquare.xml".
Node=<https://purl.archive.org/oquo#NumberOfClassesMetricScale>
  Path=<http://purl.org/net/QualityModel#hasRankigFunction>
  Message: minCount[1]: Invalid cardinality: expected min 1: Got count = 0
Results in rdf saved in: "/home/jredondo/datos-jredondo/2-metrics/data.industryportal.enit.fr/reqspeconto__oquare.ttl".
Finish. Execution Time = 25586 msec
Calculate OQuare metrics  --ontology /home/jredondo/datos-jredondo/1-ontologySet/download/data.industryportal.enit.fr/demo-20211201-owl__DeMO.owl --outputFileXML /home/jredondo/datos-jredondo/2-metrics/data.industryportal.enit.fr/demo__oquare.xml --outputFileRDF /home/jredondo/datos-jredondo/2-metrics/data.industryportal.enit.fr/demo__oquare.ttl
Inferece options:
class assertions
class hierarchy
data property assertions
data property hierarchy
different individuals
disjoint classes
object property assertions
object property hierarchy
same individuals
Running Hermit reasoner
Classifying
Classifying time in 1368 msec
Building Neo4j graph from ontology model...
Graph builded in 5372 msec
Number of nodes: 151
Number of relationships: 232
[1/81] Searching paths from leaves (maxDepth=18)...Oquare metrics calculated in 16729 msec.
Results in xml saved in: "/home/jredondo/datos-jredondo/2-metrics/data.industryportal.enit.fr/demo__oquare.xml".
Node=<https://purl.archive.org/oquo#NumberOfClassesMetricScale>
  Path=<http://purl.org/net/QualityModel#hasRankigFunction>
  Message: minCount[1]: Invalid cardinality: expected min 1: Got count = 0
Results in rdf saved in: "/home/jredondo/datos-jredondo/2-metrics/data.industryportal.enit.fr/demo__oquare.ttl".
Finish. Execution Time = 31043 msec
Calculate OQuare metrics  --ontology /home/jredondo/datos-jredondo/1-ontologySet/download/data.industryportal.enit.fr/emmo-mech-test-20220713-owl__emmo-mechanical-testing.owl --outputFileXML /home/jredondo/datos-jredondo/2-metrics/data.industryportal.enit.fr/emmo-mech-test__oquare.xml --outputFileRDF /home/jredondo/datos-jredondo/2-metrics/data.industryportal.enit.fr/emmo-mech-test__oquare.ttl
java.lang.NullPointerException: Cannot invoke "org.semanticweb.owlapi.model.OWLOntology.getOntologyID()" because "ontology" is null
	at um.cmd.RunOquare.getOntologyIRI(RunOquare.java:218)
	at um.cmd.RunOquare.getOvdi(RunOquare.java:186)
	at um.cmd.RunOquare.run(RunOquare.java:112)
	at um.cmd.RunOquare.main(RunOquare.java:42)
Error: "Cannot invoke "org.semanticweb.owlapi.model.OWLOntology.getOntologyID()" because "ontology" is null".
Finish. Execution Time = 14201 msec
Calculate OQuare metrics  --ontology /home/jredondo/datos-jredondo/1-ontologySet/download/data.industryportal.enit.fr/sty-20210826-umls__umls-semantictypes.ttl --outputFileXML /home/jredondo/datos-jredondo/2-metrics/data.industryportal.enit.fr/sty__oquare.xml --outputFileRDF /home/jredondo/datos-jredondo/2-metrics/data.industryportal.enit.fr/sty__oquare.ttl
Inferece options:
class assertions
class hierarchy
data property assertions
data property hierarchy
different individuals
disjoint classes
object property assertions
object property hierarchy
same individuals
Running Hermit reasoner
Classifying
Classifying time in 150 msec
Building Neo4j graph from ontology model...
Graph builded in 4981 msec
Number of nodes: 129
Number of relationships: 209
[1/82] Searching paths from leaves (maxDepth=18)...Oquare metrics calculated in 11289 msec.
Results in xml saved in: "/home/jredondo/datos-jredondo/2-metrics/data.industryportal.enit.fr/sty__oquare.xml".
Node=<https://purl.archive.org/oquo#NumberOfClassesMetricScale>
  Path=<http://purl.org/net/QualityModel#hasRankigFunction>
  Message: minCount[1]: Invalid cardinality: expected min 1: Got count = 0
Results in rdf saved in: "/home/jredondo/datos-jredondo/2-metrics/data.industryportal.enit.fr/sty__oquare.ttl".
Finish. Execution Time = 26024 msec
Calculate OQuare metrics  --ontology /home/jredondo/datos-jredondo/1-ontologySet/download/data.industryportal.enit.fr/i40kg-20211201-owl__ontology.xml --outputFileXML /home/jredondo/datos-jredondo/2-metrics/data.industryportal.enit.fr/i40kg__oquare.xml --outputFileRDF /home/jredondo/datos-jredondo/2-metrics/data.industryportal.enit.fr/i40kg__oquare.ttl
org.semanticweb.owlapi.model.OWLRuntimeException: org.coode.owlapi.rdfxml.parser.TranslatedUnloadedImportException: org.semanticweb.owlapi.model.UnloadableImportException: Could not load imported ontology: <https://raw.githubusercontent.com/i40-Tools/StandardOntology/master/sto.ttl> Cause: Problem parsing https://raw.githubusercontent.com/i40-Tools/StandardOntology/master/sto.ttl
Could not parse ontology.  Either a suitable parser could not be found, or parsing failed.  See parser logs below for explanation.
The following parsers were tried:
1) RDFXMLParser
2) OWLXMLParser
3) OWLFunctionalSyntaxOWLParser
4) TurtleOntologyParser
5) OWLOBOParser
6) KRSS2OWLParser
7) ManchesterOWLSyntaxOntologyParser


Detailed logs:
--------------------------------------------------------------------------------
Parser: RDFXMLParser
org.xml.sax.SAXParseException; systemId: https://raw.githubusercontent.com/i40-Tools/StandardOntology/master/sto.ttl; lineNumber: 1; columnNumber: 1; Content is not allowed in prolog.

--------------------------------------------------------------------------------
Parser: OWLXMLParser
org.xml.sax.SAXParseException; systemId: https://raw.githubusercontent.com/i40-Tools/StandardOntology/master/sto.ttl; lineNumber: 1; columnNumber: 1; Content is not allowed in prolog.

--------------------------------------------------------------------------------
Parser: OWLFunctionalSyntaxOWLParser
Encountered " "@" "@ "" at line 1, column 1.
Was expecting:
    "Ontology" ...
     (Line 0)

--------------------------------------------------------------------------------
Parser: TurtleOntologyParser
uk.ac.manchester.cs.owl.owlapi.turtle.parser.ParseException: Encountered " ";" "; "" at line 5987, column 50.
Was expecting:
    "." ...
    

--------------------------------------------------------------------------------
Parser: OWLOBOParser
org.coode.owlapi.obo.parser.TokenMgrError: Lexical error at line 51, column 29.  Encountered: "\n" (10), after : ""

--------------------------------------------------------------------------------
Parser: KRSS2OWLParser
de.uulm.ecs.ai.owlapi.krssparser.ParseException: Encountered " <ERROR> "@ "" at line 1, column 1.
Was expecting:
    <EOF> 
    

--------------------------------------------------------------------------------
Parser: ManchesterOWLSyntaxOntologyParser
Encountered '@prefix owl: <http://www.w3.org/2002/07/owl#> .' at line 1 column 1.  Expected either 'Ontology:' or 'Prefix:' (Line 1)


org.semanticweb.owlapi.model.UnloadableImportException: Could not load imported ontology: <https://raw.githubusercontent.com/i40-Tools/StandardOntology/master/sto.ttl> Cause: Problem parsing https://raw.githubusercontent.com/i40-Tools/StandardOntology/master/sto.ttl
Could not parse ontology.  Either a suitable parser could not be found, or parsing failed.  See parser logs below for explanation.
The following parsers were tried:
1) RDFXMLParser
2) OWLXMLParser
3) OWLFunctionalSyntaxOWLParser
4) TurtleOntologyParser
5) OWLOBOParser
6) KRSS2OWLParser
7) ManchesterOWLSyntaxOntologyParser


Detailed logs:
--------------------------------------------------------------------------------
Parser: RDFXMLParser
org.xml.sax.SAXParseException; systemId: https://raw.githubusercontent.com/i40-Tools/StandardOntology/master/sto.ttl; lineNumber: 1; columnNumber: 1; Content is not allowed in prolog.

--------------------------------------------------------------------------------
Parser: OWLXMLParser
org.xml.sax.SAXParseException; systemId: https://raw.githubusercontent.com/i40-Tools/StandardOntology/master/sto.ttl; lineNumber: 1; columnNumber: 1; Content is not allowed in prolog.

--------------------------------------------------------------------------------
Parser: OWLFunctionalSyntaxOWLParser
Encountered " "@" "@ "" at line 1, column 1.
Was expecting:
    "Ontology" ...
     (Line 0)

--------------------------------------------------------------------------------
Parser: TurtleOntologyParser
uk.ac.manchester.cs.owl.owlapi.turtle.parser.ParseException: Encountered " ";" "; "" at line 5987, column 50.
Was expecting:
    "." ...
    

--------------------------------------------------------------------------------
Parser: OWLOBOParser
org.coode.owlapi.obo.parser.TokenMgrError: Lexical error at line 51, column 29.  Encountered: "\n" (10), after : ""

--------------------------------------------------------------------------------
Parser: KRSS2OWLParser
de.uulm.ecs.ai.owlapi.krssparser.ParseException: Encountered " <ERROR> "@ "" at line 1, column 1.
Was expecting:
    <EOF> 
    

--------------------------------------------------------------------------------
Parser: ManchesterOWLSyntaxOntologyParser
Encountered '@prefix owl: <http://www.w3.org/2002/07/owl#> .' at line 1 column 1.  Expected either 'Ontology:' or 'Prefix:' (Line 1)


	at uk.ac.manchester.cs.owl.owlapi.turtle.parser.OWLRDFConsumerAdapter.handleTriple(OWLRDFConsumerAdapter.java:92)
	at uk.ac.manchester.cs.owl.owlapi.turtle.parser.TurtleParser.parseObject(TurtleParser.java:383)
	at uk.ac.manchester.cs.owl.owlapi.turtle.parser.TurtleParser.parseObjectList(TurtleParser.java:358)
	at uk.ac.manchester.cs.owl.owlapi.turtle.parser.TurtleParser.parsePredicateObjectList(TurtleParser.java:298)
	at uk.ac.manchester.cs.owl.owlapi.turtle.parser.TurtleParser.parseTriples(TurtleParser.java:175)
	at uk.ac.manchester.cs.owl.owlapi.turtle.parser.TurtleParser.parseStatement(TurtleParser.java:168)
	at uk.ac.manchester.cs.owl.owlapi.turtle.parser.TurtleParser.parseDocument(TurtleParser.java:120)
	at uk.ac.manchester.cs.owl.owlapi.turtle.parser.TurtleOntologyParser.parse(TurtleOntologyParser.java:100)
	at uk.ac.manchester.cs.owl.owlapi.ParsableOWLOntologyFactory.loadOWLOntology(ParsableOWLOntologyFactory.java:206)
	at uk.ac.manchester.cs.owl.owlapi.OWLOntologyManagerImpl.loadOntology(OWLOntologyManagerImpl.java:829)
	at uk.ac.manchester.cs.owl.owlapi.OWLOntologyManagerImpl.loadOntology(OWLOntologyManagerImpl.java:749)
	at uk.ac.manchester.cs.owl.owlapi.OWLOntologyManagerImpl.loadImports(OWLOntologyManagerImpl.java:1224)
	at uk.ac.manchester.cs.owl.owlapi.OWLOntologyManagerImpl.makeLoadImportRequest(OWLOntologyManagerImpl.java:1257)
	at org.coode.owlapi.rdfxml.parser.TPImportsHandler.handleTriple(TPImportsHandler.java:89)
	at org.coode.owlapi.rdfxml.parser.OWLRDFConsumer.handleStreaming(OWLRDFConsumer.java:1750)
	at org.coode.owlapi.rdfxml.parser.OWLRDFConsumer.statementWithResourceValue(OWLRDFConsumer.java:1709)
	at org.semanticweb.owlapi.rdf.syntax.RDFParser.statementWithResourceValue(RDFParser.java:468)
	at org.semanticweb.owlapi.rdf.syntax.RDFParser$EmptyPropertyElement.startElement(RDFParser.java:907)
	at org.semanticweb.owlapi.rdf.syntax.RDFParser$PropertyElementList.startElement(RDFParser.java:800)
	at org.semanticweb.owlapi.rdf.syntax.RDFParser.startElement(RDFParser.java:208)
	at org.coode.owlapi.rdfxml.parser.RDFXMLParser$1.startElement(RDFXMLParser.java:91)
	at org.apache.xerces.parsers.AbstractSAXParser.startElement(Unknown Source)
	at org.apache.xerces.parsers.AbstractXMLDocumentParser.emptyElement(Unknown Source)
	at org.apache.xerces.impl.XMLNSDocumentScannerImpl.scanStartElement(Unknown Source)
	at org.apache.xerces.impl.XMLDocumentFragmentScannerImpl$FragmentContentDispatcher.dispatch(Unknown Source)
	at org.apache.xerces.impl.XMLDocumentFragmentScannerImpl.scanDocument(Unknown Source)
	at org.apache.xerces.parsers.XML11Configuration.parse(Unknown Source)
	at org.apache.xerces.parsers.XML11Configuration.parse(Unknown Source)
	at org.apache.xerces.parsers.XMLParser.parse(Unknown Source)
	at org.apache.xerces.parsers.AbstractSAXParser.parse(Unknown Source)
	at org.apache.xerces.jaxp.SAXParserImpl$JAXPSAXParser.parse(Unknown Source)
	at java.xml/javax.xml.parsers.SAXParser.parse(SAXParser.java:394)
	at org.semanticweb.owlapi.rdf.syntax.RDFParser.parse(RDFParser.java:135)
	at org.coode.owlapi.rdfxml.parser.RDFXMLParser.parse(RDFXMLParser.java:119)
	at uk.ac.manchester.cs.owl.owlapi.ParsableOWLOntologyFactory.loadOWLOntology(ParsableOWLOntologyFactory.java:206)
	at uk.ac.manchester.cs.owl.owlapi.OWLOntologyManagerImpl.loadOntology(OWLOntologyManagerImpl.java:829)
	at uk.ac.manchester.cs.owl.owlapi.OWLOntologyManagerImpl.loadOntologyFromOntologyDocument(OWLOntologyManagerImpl.java:775)
	at uk.ac.manchester.cs.owl.owlapi.OWLOntologyManagerImpl.loadOntologyFromOntologyDocument(OWLOntologyManagerImpl.java:788)
	at um.cmd.RunOquare.getOvdi(RunOquare.java:180)
	at um.cmd.RunOquare.run(RunOquare.java:112)
	at um.cmd.RunOquare.main(RunOquare.java:42)
Caused by: org.coode.owlapi.rdfxml.parser.TranslatedUnloadedImportException: org.semanticweb.owlapi.model.UnloadableImportException: Could not load imported ontology: <https://raw.githubusercontent.com/i40-Tools/StandardOntology/master/sto.ttl> Cause: Problem parsing https://raw.githubusercontent.com/i40-Tools/StandardOntology/master/sto.ttl
Could not parse ontology.  Either a suitable parser could not be found, or parsing failed.  See parser logs below for explanation.
The following parsers were tried:
1) RDFXMLParser
2) OWLXMLParser
3) OWLFunctionalSyntaxOWLParser
4) TurtleOntologyParser
5) OWLOBOParser
6) KRSS2OWLParser
7) ManchesterOWLSyntaxOntologyParser


Detailed logs:
--------------------------------------------------------------------------------
Parser: RDFXMLParser
org.xml.sax.SAXParseException; systemId: https://raw.githubusercontent.com/i40-Tools/StandardOntology/master/sto.ttl; lineNumber: 1; columnNumber: 1; Content is not allowed in prolog.

--------------------------------------------------------------------------------
Parser: OWLXMLParser
org.xml.sax.SAXParseException; systemId: https://raw.githubusercontent.com/i40-Tools/StandardOntology/master/sto.ttl; lineNumber: 1; columnNumber: 1; Content is not allowed in prolog.

--------------------------------------------------------------------------------
Parser: OWLFunctionalSyntaxOWLParser
Encountered " "@" "@ "" at line 1, column 1.
Was expecting:
    "Ontology" ...
     (Line 0)

--------------------------------------------------------------------------------
Parser: TurtleOntologyParser
uk.ac.manchester.cs.owl.owlapi.turtle.parser.ParseException: Encountered " ";" "; "" at line 5987, column 50.
Was expecting:
    "." ...
    

--------------------------------------------------------------------------------
Parser: OWLOBOParser
org.coode.owlapi.obo.parser.TokenMgrError: Lexical error at line 51, column 29.  Encountered: "\n" (10), after : ""

--------------------------------------------------------------------------------
Parser: KRSS2OWLParser
de.uulm.ecs.ai.owlapi.krssparser.ParseException: Encountered " <ERROR> "@ "" at line 1, column 1.
Was expecting:
    <EOF> 
    

--------------------------------------------------------------------------------
Parser: ManchesterOWLSyntaxOntologyParser
Encountered '@prefix owl: <http://www.w3.org/2002/07/owl#> .' at line 1 column 1.  Expected either 'Ontology:' or 'Prefix:' (Line 1)


org.semanticweb.owlapi.model.UnloadableImportException: Could not load imported ontology: <https://raw.githubusercontent.com/i40-Tools/StandardOntology/master/sto.ttl> Cause: Problem parsing https://raw.githubusercontent.com/i40-Tools/StandardOntology/master/sto.ttl
Could not parse ontology.  Either a suitable parser could not be found, or parsing failed.  See parser logs below for explanation.
The following parsers were tried:
1) RDFXMLParser
2) OWLXMLParser
3) OWLFunctionalSyntaxOWLParser
4) TurtleOntologyParser
5) OWLOBOParser
6) KRSS2OWLParser
7) ManchesterOWLSyntaxOntologyParser


Detailed logs:
--------------------------------------------------------------------------------
Parser: RDFXMLParser
org.xml.sax.SAXParseException; systemId: https://raw.githubusercontent.com/i40-Tools/StandardOntology/master/sto.ttl; lineNumber: 1; columnNumber: 1; Content is not allowed in prolog.

--------------------------------------------------------------------------------
Parser: OWLXMLParser
org.xml.sax.SAXParseException; systemId: https://raw.githubusercontent.com/i40-Tools/StandardOntology/master/sto.ttl; lineNumber: 1; columnNumber: 1; Content is not allowed in prolog.

--------------------------------------------------------------------------------
Parser: OWLFunctionalSyntaxOWLParser
Encountered " "@" "@ "" at line 1, column 1.
Was expecting:
    "Ontology" ...
     (Line 0)

--------------------------------------------------------------------------------
Parser: TurtleOntologyParser
uk.ac.manchester.cs.owl.owlapi.turtle.parser.ParseException: Encountered " ";" "; "" at line 5987, column 50.
Was expecting:
    "." ...
    

--------------------------------------------------------------------------------
Parser: OWLOBOParser
org.coode.owlapi.obo.parser.TokenMgrError: Lexical error at line 51, column 29.  Encountered: "\n" (10), after : ""

--------------------------------------------------------------------------------
Parser: KRSS2OWLParser
de.uulm.ecs.ai.owlapi.krssparser.ParseException: Encountered " <ERROR> "@ "" at line 1, column 1.
Was expecting:
    <EOF> 
    

--------------------------------------------------------------------------------
Parser: ManchesterOWLSyntaxOntologyParser
Encountered '@prefix owl: <http://www.w3.org/2002/07/owl#> .' at line 1 column 1.  Expected either 'Ontology:' or 'Prefix:' (Line 1)


	at org.coode.owlapi.rdfxml.parser.OWLRDFConsumer.statementWithResourceValue(OWLRDFConsumer.java:1712)
	at uk.ac.manchester.cs.owl.owlapi.turtle.parser.OWLRDFConsumerAdapter.handleTriple(OWLRDFConsumerAdapter.java:89)
	... 40 more
Caused by: org.semanticweb.owlapi.model.UnloadableImportException: Could not load imported ontology: <https://raw.githubusercontent.com/i40-Tools/StandardOntology/master/sto.ttl> Cause: Problem parsing https://raw.githubusercontent.com/i40-Tools/StandardOntology/master/sto.ttl
Could not parse ontology.  Either a suitable parser could not be found, or parsing failed.  See parser logs below for explanation.
The following parsers were tried:
1) RDFXMLParser
2) OWLXMLParser
3) OWLFunctionalSyntaxOWLParser
4) TurtleOntologyParser
5) OWLOBOParser
6) KRSS2OWLParser
7) ManchesterOWLSyntaxOntologyParser


Detailed logs:
--------------------------------------------------------------------------------
Parser: RDFXMLParser
org.xml.sax.SAXParseException; systemId: https://raw.githubusercontent.com/i40-Tools/StandardOntology/master/sto.ttl; lineNumber: 1; columnNumber: 1; Content is not allowed in prolog.

--------------------------------------------------------------------------------
Parser: OWLXMLParser
org.xml.sax.SAXParseException; systemId: https://raw.githubusercontent.com/i40-Tools/StandardOntology/master/sto.ttl; lineNumber: 1; columnNumber: 1; Content is not allowed in prolog.

--------------------------------------------------------------------------------
Parser: OWLFunctionalSyntaxOWLParser
Encountered " "@" "@ "" at line 1, column 1.
Was expecting:
    "Ontology" ...
     (Line 0)

--------------------------------------------------------------------------------
Parser: TurtleOntologyParser
uk.ac.manchester.cs.owl.owlapi.turtle.parser.ParseException: Encountered " ";" "; "" at line 5987, column 50.
Was expecting:
    "." ...
    

--------------------------------------------------------------------------------
Parser: OWLOBOParser
org.coode.owlapi.obo.parser.TokenMgrError: Lexical error at line 51, column 29.  Encountered: "\n" (10), after : ""

--------------------------------------------------------------------------------
Parser: KRSS2OWLParser
de.uulm.ecs.ai.owlapi.krssparser.ParseException: Encountered " <ERROR> "@ "" at line 1, column 1.
Was expecting:
    <EOF> 
    

--------------------------------------------------------------------------------
Parser: ManchesterOWLSyntaxOntologyParser
Encountered '@prefix owl: <http://www.w3.org/2002/07/owl#> .' at line 1 column 1.  Expected either 'Ontology:' or 'Prefix:' (Line 1)


	at uk.ac.manchester.cs.owl.owlapi.OWLOntologyManagerImpl.makeLoadImportRequest(OWLOntologyManagerImpl.java:1264)
	at org.coode.owlapi.rdfxml.parser.TPImportsHandler.handleTriple(TPImportsHandler.java:89)
	at org.coode.owlapi.rdfxml.parser.OWLRDFConsumer.handleStreaming(OWLRDFConsumer.java:1750)
	at org.coode.owlapi.rdfxml.parser.OWLRDFConsumer.statementWithResourceValue(OWLRDFConsumer.java:1709)
	... 41 more
Caused by: org.semanticweb.owlapi.io.UnparsableOntologyException: Problem parsing https://raw.githubusercontent.com/i40-Tools/StandardOntology/master/sto.ttl
Could not parse ontology.  Either a suitable parser could not be found, or parsing failed.  See parser logs below for explanation.
The following parsers were tried:
1) RDFXMLParser
2) OWLXMLParser
3) OWLFunctionalSyntaxOWLParser
4) TurtleOntologyParser
5) OWLOBOParser
6) KRSS2OWLParser
7) ManchesterOWLSyntaxOntologyParser


Detailed logs:
--------------------------------------------------------------------------------
Parser: RDFXMLParser
org.xml.sax.SAXParseException; systemId: https://raw.githubusercontent.com/i40-Tools/StandardOntology/master/sto.ttl; lineNumber: 1; columnNumber: 1; Content is not allowed in prolog.

--------------------------------------------------------------------------------
Parser: OWLXMLParser
org.xml.sax.SAXParseException; systemId: https://raw.githubusercontent.com/i40-Tools/StandardOntology/master/sto.ttl; lineNumber: 1; columnNumber: 1; Content is not allowed in prolog.

--------------------------------------------------------------------------------
Parser: OWLFunctionalSyntaxOWLParser
Encountered " "@" "@ "" at line 1, column 1.
Was expecting:
    "Ontology" ...
     (Line 0)

--------------------------------------------------------------------------------
Parser: TurtleOntologyParser
uk.ac.manchester.cs.owl.owlapi.turtle.parser.ParseException: Encountered " ";" "; "" at line 5987, column 50.
Was expecting:
    "." ...
    

--------------------------------------------------------------------------------
Parser: OWLOBOParser
org.coode.owlapi.obo.parser.TokenMgrError: Lexical error at line 51, column 29.  Encountered: "\n" (10), after : ""

--------------------------------------------------------------------------------
Parser: KRSS2OWLParser
de.uulm.ecs.ai.owlapi.krssparser.ParseException: Encountered " <ERROR> "@ "" at line 1, column 1.
Was expecting:
    <EOF> 
    

--------------------------------------------------------------------------------
Parser: ManchesterOWLSyntaxOntologyParser
Encountered '@prefix owl: <http://www.w3.org/2002/07/owl#> .' at line 1 column 1.  Expected either 'Ontology:' or 'Prefix:' (Line 1)


	at uk.ac.manchester.cs.owl.owlapi.ParsableOWLOntologyFactory.loadOWLOntology(ParsableOWLOntologyFactory.java:236)
	at uk.ac.manchester.cs.owl.owlapi.OWLOntologyManagerImpl.loadOntology(OWLOntologyManagerImpl.java:829)
	at uk.ac.manchester.cs.owl.owlapi.OWLOntologyManagerImpl.loadOntology(OWLOntologyManagerImpl.java:749)
	at uk.ac.manchester.cs.owl.owlapi.OWLOntologyManagerImpl.loadImports(OWLOntologyManagerImpl.java:1224)
	at uk.ac.manchester.cs.owl.owlapi.OWLOntologyManagerImpl.makeLoadImportRequest(OWLOntologyManagerImpl.java:1257)
	... 44 more
Error: "org.coode.owlapi.rdfxml.parser.TranslatedUnloadedImportException: org.semanticweb.owlapi.model.UnloadableImportException: Could not load imported ontology: <https://raw.githubusercontent.com/i40-Tools/StandardOntology/master/sto.ttl> Cause: Problem parsing https://raw.githubusercontent.com/i40-Tools/StandardOntology/master/sto.ttl
Could not parse ontology.  Either a suitable parser could not be found, or parsing failed.  See parser logs below for explanation.
The following parsers were tried:
1) RDFXMLParser
2) OWLXMLParser
3) OWLFunctionalSyntaxOWLParser
4) TurtleOntologyParser
5) OWLOBOParser
6) KRSS2OWLParser
7) ManchesterOWLSyntaxOntologyParser


Detailed logs:
--------------------------------------------------------------------------------
Parser: RDFXMLParser
org.xml.sax.SAXParseException; systemId: https://raw.githubusercontent.com/i40-Tools/StandardOntology/master/sto.ttl; lineNumber: 1; columnNumber: 1; Content is not allowed in prolog.

--------------------------------------------------------------------------------
Parser: OWLXMLParser
org.xml.sax.SAXParseException; systemId: https://raw.githubusercontent.com/i40-Tools/StandardOntology/master/sto.ttl; lineNumber: 1; columnNumber: 1; Content is not allowed in prolog.

--------------------------------------------------------------------------------
Parser: OWLFunctionalSyntaxOWLParser
Encountered " "@" "@ "" at line 1, column 1.
Was expecting:
    "Ontology" ...
     (Line 0)

--------------------------------------------------------------------------------
Parser: TurtleOntologyParser
uk.ac.manchester.cs.owl.owlapi.turtle.parser.ParseException: Encountered " ";" "; "" at line 5987, column 50.
Was expecting:
    "." ...
    

--------------------------------------------------------------------------------
Parser: OWLOBOParser
org.coode.owlapi.obo.parser.TokenMgrError: Lexical error at line 51, column 29.  Encountered: "\n" (10), after : ""

--------------------------------------------------------------------------------
Parser: KRSS2OWLParser
de.uulm.ecs.ai.owlapi.krssparser.ParseException: Encountered " <ERROR> "@ "" at line 1, column 1.
Was expecting:
    <EOF> 
    

--------------------------------------------------------------------------------
Parser: ManchesterOWLSyntaxOntologyParser
Encountered '@prefix owl: <http://www.w3.org/2002/07/owl#> .' at line 1 column 1.  Expected either 'Ontology:' or 'Prefix:' (Line 1)


org.semanticweb.owlapi.model.UnloadableImportException: Could not load imported ontology: <https://raw.githubusercontent.com/i40-Tools/StandardOntology/master/sto.ttl> Cause: Problem parsing https://raw.githubusercontent.com/i40-Tools/StandardOntology/master/sto.ttl
Could not parse ontology.  Either a suitable parser could not be found, or parsing failed.  See parser logs below for explanation.
The following parsers were tried:
1) RDFXMLParser
2) OWLXMLParser
3) OWLFunctionalSyntaxOWLParser
4) TurtleOntologyParser
5) OWLOBOParser
6) KRSS2OWLParser
7) ManchesterOWLSyntaxOntologyParser


Detailed logs:
--------------------------------------------------------------------------------
Parser: RDFXMLParser
org.xml.sax.SAXParseException; systemId: https://raw.githubusercontent.com/i40-Tools/StandardOntology/master/sto.ttl; lineNumber: 1; columnNumber: 1; Content is not allowed in prolog.

--------------------------------------------------------------------------------
Parser: OWLXMLParser
org.xml.sax.SAXParseException; systemId: https://raw.githubusercontent.com/i40-Tools/StandardOntology/master/sto.ttl; lineNumber: 1; columnNumber: 1; Content is not allowed in prolog.

--------------------------------------------------------------------------------
Parser: OWLFunctionalSyntaxOWLParser
Encountered " "@" "@ "" at line 1, column 1.
Was expecting:
    "Ontology" ...
     (Line 0)

--------------------------------------------------------------------------------
Parser: TurtleOntologyParser
uk.ac.manchester.cs.owl.owlapi.turtle.parser.ParseException: Encountered " ";" "; "" at line 5987, column 50.
Was expecting:
    "." ...
    

--------------------------------------------------------------------------------
Parser: OWLOBOParser
org.coode.owlapi.obo.parser.TokenMgrError: Lexical error at line 51, column 29.  Encountered: "\n" (10), after : ""

--------------------------------------------------------------------------------
Parser: KRSS2OWLParser
de.uulm.ecs.ai.owlapi.krssparser.ParseException: Encountered " <ERROR> "@ "" at line 1, column 1.
Was expecting:
    <EOF> 
    

--------------------------------------------------------------------------------
Parser: ManchesterOWLSyntaxOntologyParser
Encountered '@prefix owl: <http://www.w3.org/2002/07/owl#> .' at line 1 column 1.  Expected either 'Ontology:' or 'Prefix:' (Line 1)

".
Finish. Execution Time = 4049 msec
Calculate OQuare metrics  --ontology /home/jredondo/datos-jredondo/1-ontologySet/download/data.industryportal.enit.fr/cco-20240422-owl__MergedAllCoreOntology-v1.5-2024-02-14.ttl --outputFileXML /home/jredondo/datos-jredondo/2-metrics/data.industryportal.enit.fr/cco__oquare.xml --outputFileRDF /home/jredondo/datos-jredondo/2-metrics/data.industryportal.enit.fr/cco__oquare.ttl
Inferece options:
class assertions
class hierarchy
data property assertions
data property hierarchy
different individuals
disjoint classes
object property assertions
object property hierarchy
same individuals
Running Hermit reasoner
Classifying
Classifying time in 4592 msec
Building Neo4j graph from ontology model...
Graph builded in 24456 msec
Number of nodes: 1419
Number of relationships: 2433
[1/1010] Searching paths from leaves (maxDepth=24)...Last 1000 leaves path seaches finished in 13269 msec. NumberOfPaths: 1016, AggregatedOfPathLength: 7735Free mem./Max. mem.: 6.547289838393529Oquare metrics calculated in 48985 msec.
Results in xml saved in: "/home/jredondo/datos-jredondo/2-metrics/data.industryportal.enit.fr/cco__oquare.xml".
Node=<https://purl.archive.org/oquo#NumberOfClassesMetricScale>
  Path=<http://purl.org/net/QualityModel#hasRankigFunction>
  Message: minCount[1]: Invalid cardinality: expected min 1: Got count = 0
Results in rdf saved in: "/home/jredondo/datos-jredondo/2-metrics/data.industryportal.enit.fr/cco__oquare.ttl".
Finish. Execution Time = 65423 msec
Calculate OQuare metrics  --ontology /home/jredondo/datos-jredondo/1-ontologySet/download/data.industryportal.enit.fr/saref4inma-20211129-owl__ontology-saref4inma.ttl --outputFileXML /home/jredondo/datos-jredondo/2-metrics/data.industryportal.enit.fr/saref4inma__oquare.xml --outputFileRDF /home/jredondo/datos-jredondo/2-metrics/data.industryportal.enit.fr/saref4inma__oquare.ttl
Inferece options:
class assertions
class hierarchy
data property assertions
data property hierarchy
different individuals
disjoint classes
object property assertions
object property hierarchy
same individuals
Running Hermit reasoner
Classifying
Classifying time in 184 msec
Building Neo4j graph from ontology model...
Graph builded in 2696 msec
Number of nodes: 36
Number of relationships: 56
[1/21] Searching paths from leaves (maxDepth=6)...Oquare metrics calculated in 7890 msec.
Results in xml saved in: "/home/jredondo/datos-jredondo/2-metrics/data.industryportal.enit.fr/saref4inma__oquare.xml".
Node=<https://purl.archive.org/oquo#NumberOfClassesMetricScale>
  Path=<http://purl.org/net/QualityModel#hasRankigFunction>
  Message: minCount[1]: Invalid cardinality: expected min 1: Got count = 0
Results in rdf saved in: "/home/jredondo/datos-jredondo/2-metrics/data.industryportal.enit.fr/saref4inma__oquare.ttl".
Finish. Execution Time = 21521 msec
Calculate OQuare metrics  --ontology /home/jredondo/datos-jredondo/1-ontologySet/download/data.industryportal.enit.fr/msdl-20211129-owl__MSDL-Ontology.owl --outputFileXML /home/jredondo/datos-jredondo/2-metrics/data.industryportal.enit.fr/msdl__oquare.xml --outputFileRDF /home/jredondo/datos-jredondo/2-metrics/data.industryportal.enit.fr/msdl__oquare.ttl
java.lang.NullPointerException: Cannot invoke "org.semanticweb.owlapi.model.OWLOntology.getOntologyID()" because "ontology" is null
	at um.cmd.RunOquare.getOntologyIRI(RunOquare.java:218)
	at um.cmd.RunOquare.getOvdi(RunOquare.java:186)
	at um.cmd.RunOquare.run(RunOquare.java:112)
	at um.cmd.RunOquare.main(RunOquare.java:42)
Error: "Cannot invoke "org.semanticweb.owlapi.model.OWLOntology.getOntologyID()" because "ontology" is null".
Finish. Execution Time = 4360 msec
Calculate OQuare metrics  --ontology /home/jredondo/datos-jredondo/1-ontologySet/download/data.industryportal.enit.fr/ssn-20230223-owl__SSN.owl --outputFileXML /home/jredondo/datos-jredondo/2-metrics/data.industryportal.enit.fr/ssn__oquare.xml --outputFileRDF /home/jredondo/datos-jredondo/2-metrics/data.industryportal.enit.fr/ssn__oquare.ttl
Inferece options:
class assertions
class hierarchy
data property assertions
data property hierarchy
different individuals
disjoint classes
object property assertions
object property hierarchy
same individuals
Running Hermit reasoner
Classifying
Classifying time in 276 msec
Building Neo4j graph from ontology model...
Graph builded in 2396 msec
Number of nodes: 24
Number of relationships: 41
[1/18] Searching paths from leaves (maxDepth=4)...Oquare metrics calculated in 8654 msec.
Results in xml saved in: "/home/jredondo/datos-jredondo/2-metrics/data.industryportal.enit.fr/ssn__oquare.xml".
Node=<https://purl.archive.org/oquo#NumberOfClassesMetricScale>
  Path=<http://purl.org/net/QualityModel#hasRankigFunction>
  Message: minCount[1]: Invalid cardinality: expected min 1: Got count = 0
Results in rdf saved in: "/home/jredondo/datos-jredondo/2-metrics/data.industryportal.enit.fr/ssn__oquare.ttl".
Finish. Execution Time = 21821 msec
Calculate OQuare metrics  --ontology /home/jredondo/datos-jredondo/1-ontologySet/download/data.industryportal.enit.fr/iof-core-20231010-owl__Core.rdf --outputFileXML /home/jredondo/datos-jredondo/2-metrics/data.industryportal.enit.fr/iof-core__oquare.xml --outputFileRDF /home/jredondo/datos-jredondo/2-metrics/data.industryportal.enit.fr/iof-core__oquare.ttl
Inferece options:
class assertions
class hierarchy
data property assertions
data property hierarchy
different individuals
disjoint classes
object property assertions
object property hierarchy
same individuals
Running Hermit reasoner
Classifying
Classifying time in 2087 msec
Building Neo4j graph from ontology model...
Graph builded in 4176 msec
Number of nodes: 111
Number of relationships: 178
[1/68] Searching paths from leaves (maxDepth=10)...Oquare metrics calculated in 18013 msec.
Results in xml saved in: "/home/jredondo/datos-jredondo/2-metrics/data.industryportal.enit.fr/iof-core__oquare.xml".
Node=<https://purl.archive.org/oquo#NumberOfClassesMetricScale>
  Path=<http://purl.org/net/QualityModel#hasRankigFunction>
  Message: minCount[1]: Invalid cardinality: expected min 1: Got count = 0
Results in rdf saved in: "/home/jredondo/datos-jredondo/2-metrics/data.industryportal.enit.fr/iof-core__oquare.ttl".
Finish. Execution Time = 30353 msec
Calculate OQuare metrics  --ontology /home/jredondo/datos-jredondo/1-ontologySet/download/data.industryportal.enit.fr/extruont-20211201-owl__ExtruOnt.owl --outputFileXML /home/jredondo/datos-jredondo/2-metrics/data.industryportal.enit.fr/extruont__oquare.xml --outputFileRDF /home/jredondo/datos-jredondo/2-metrics/data.industryportal.enit.fr/extruont__oquare.ttl
Inferece options:
class assertions
class hierarchy
data property assertions
data property hierarchy
different individuals
disjoint classes
object property assertions
object property hierarchy
same individuals
Running Hermit reasoner
Classifying
Exception in thread "main" java.lang.OutOfMemoryError: Java heap space
	at org.semanticweb.HermiT.tableau.TupleTable$Page.<init>(TupleTable.java:104)
	at org.semanticweb.HermiT.tableau.TupleTable.addTuple(TupleTable.java:59)
	at org.semanticweb.HermiT.tableau.ExtensionTableWithTupleIndexes.addTuple(ExtensionTableWithTupleIndexes.java:58)
	at org.semanticweb.HermiT.tableau.ExtensionManager.addAssertion(ExtensionManager.java:367)
	at org.semanticweb.HermiT.tableau.DLClauseEvaluator$DeriveUnaryFact.execute(DLClauseEvaluator.java:561)
	at org.semanticweb.HermiT.tableau.DLClauseEvaluator.evaluate(DLClauseEvaluator.java:85)
	at org.semanticweb.HermiT.tableau.HyperresolutionManager.applyDLClauses(HyperresolutionManager.java:247)
	at org.semanticweb.HermiT.tableau.Tableau.doIteration(Tableau.java:418)
	at org.semanticweb.HermiT.tableau.Tableau.runCalculus(Tableau.java:382)
	at org.semanticweb.HermiT.tableau.Tableau.isSatisfiable(Tableau.java:310)
	at org.semanticweb.HermiT.tableau.Tableau.isSatisfiable(Tableau.java:263)
	at org.semanticweb.HermiT.Reasoner.isConsistent(Reasoner.java:681)
	at org.semanticweb.HermiT.Reasoner.throwInconsistentOntologyExceptionIfNecessary(Reasoner.java:2186)
	at org.semanticweb.HermiT.Reasoner.checkPreConditions(Reasoner.java:2179)
	at org.semanticweb.HermiT.Reasoner.precomputeInferences(Reasoner.java:556)
	at um.owlapiextension.reasoning.MyHermitReasoner.<init>(MyHermitReasoner.java:28)
	at um.owlapiextension.reasoning.MyReasonerFactory.createDefaultReasoner(MyReasonerFactory.java:16)
	at oquare.OquareBasicMetrics_OwlApi.<init>(OquareBasicMetrics_OwlApi.java:153)
	at oquare.OquareCharacteristicsAndSubcharacteristics.calculateOquareMetrics(OquareCharacteristicsAndSubcharacteristics.java:77)
	at oquare.OquareCharacteristicsAndSubcharacteristics.<init>(OquareCharacteristicsAndSubcharacteristics.java:63)
	at um.oquare.beans.OquareGen.createObject(OquareGen.java:51)
	at um.oquare.versions.tools.CalculateOquareMetrics.getOquareMetrics(CalculateOquareMetrics.java:19)
	at um.cmd.RunOquare.run(RunOquare.java:123)
	at um.cmd.RunOquare.main(RunOquare.java:42)
Calculate OQuare metrics  --ontology /home/jredondo/datos-jredondo/1-ontologySet/download/data.industryportal.enit.fr/iof-av-20231010-owl__AnnotationVocabulary.rdf --outputFileXML /home/jredondo/datos-jredondo/2-metrics/data.industryportal.enit.fr/iof-av__oquare.xml --outputFileRDF /home/jredondo/datos-jredondo/2-metrics/data.industryportal.enit.fr/iof-av__oquare.ttl
Inferece options:
class assertions
class hierarchy
data property assertions
data property hierarchy
different individuals
disjoint classes
object property assertions
object property hierarchy
same individuals
Running Hermit reasoner
Classifying
Classifying time in 13 msec
Building Neo4j graph from ontology model...
Graph builded in 1871 msec
Number of nodes: 3
Number of relationships: 2
[1/1] Searching paths from leaves (maxDepth=2)...Oquare metrics calculated in 5095 msec.
Results in xml saved in: "/home/jredondo/datos-jredondo/2-metrics/data.industryportal.enit.fr/iof-av__oquare.xml".
Node=<https://purl.archive.org/oquo#NumberOfClassesMetricScale>
  Path=<http://purl.org/net/QualityModel#hasRankigFunction>
  Message: minCount[1]: Invalid cardinality: expected min 1: Got count = 0
Results in rdf saved in: "/home/jredondo/datos-jredondo/2-metrics/data.industryportal.enit.fr/iof-av__oquare.ttl".
Finish. Execution Time = 19455 msec
Calculate OQuare metrics  --ontology /home/jredondo/datos-jredondo/1-ontologySet/download/data.industryportal.enit.fr/iof-maintenance-20231010-owl__MaintenanceReferenceOntology.rdf --outputFileXML /home/jredondo/datos-jredondo/2-metrics/data.industryportal.enit.fr/iof-maintenance__oquare.xml --outputFileRDF /home/jredondo/datos-jredondo/2-metrics/data.industryportal.enit.fr/iof-maintenance__oquare.ttl
Inferece options:
class assertions
class hierarchy
data property assertions
data property hierarchy
different individuals
disjoint classes
object property assertions
object property hierarchy
same individuals
Running Hermit reasoner
Classifying
Classifying time in 2020 msec
Building Neo4j graph from ontology model...
Graph builded in 4763 msec
Number of nodes: 130
Number of relationships: 209
[1/80] Searching paths from leaves (maxDepth=6)...Oquare metrics calculated in 21780 msec.
Results in xml saved in: "/home/jredondo/datos-jredondo/2-metrics/data.industryportal.enit.fr/iof-maintenance__oquare.xml".
Node=<https://purl.archive.org/oquo#NumberOfClassesMetricScale>
  Path=<http://purl.org/net/QualityModel#hasRankigFunction>
  Message: minCount[1]: Invalid cardinality: expected min 1: Got count = 0
Results in rdf saved in: "/home/jredondo/datos-jredondo/2-metrics/data.industryportal.enit.fr/iof-maintenance__oquare.ttl".
Finish. Execution Time = 33959 msec
Calculate OQuare metrics  --ontology /home/jredondo/datos-jredondo/1-ontologySet/download/data.industryportal.enit.fr/z-bre4k-20211205-owl__Z-bre4k.rdf --outputFileXML /home/jredondo/datos-jredondo/2-metrics/data.industryportal.enit.fr/z-bre4k__oquare.xml --outputFileRDF /home/jredondo/datos-jredondo/2-metrics/data.industryportal.enit.fr/z-bre4k__oquare.ttl
Inferece options:
class assertions
class hierarchy
data property assertions
data property hierarchy
different individuals
disjoint classes
object property assertions
object property hierarchy
same individuals
Running Hermit reasoner
Classifying
Classifying time in 802 msec
Building Neo4j graph from ontology model...
Graph builded in 3059 msec
Number of nodes: 57
Number of relationships: 86
[1/31] Searching paths from leaves (maxDepth=10)...Oquare metrics calculated in 9862 msec.
Results in xml saved in: "/home/jredondo/datos-jredondo/2-metrics/data.industryportal.enit.fr/z-bre4k__oquare.xml".
Node=<https://purl.archive.org/oquo#NumberOfClassesMetricScale>
  Path=<http://purl.org/net/QualityModel#hasRankigFunction>
  Message: minCount[1]: Invalid cardinality: expected min 1: Got count = 0
Results in rdf saved in: "/home/jredondo/datos-jredondo/2-metrics/data.industryportal.enit.fr/z-bre4k__oquare.ttl".
Finish. Execution Time = 22946 msec
Calculate OQuare metrics  --ontology /home/jredondo/datos-jredondo/1-ontologySet/download/data.industryportal.enit.fr/manuservice-20211129-owl__ManuService.owl --outputFileXML /home/jredondo/datos-jredondo/2-metrics/data.industryportal.enit.fr/manuservice__oquare.xml --outputFileRDF /home/jredondo/datos-jredondo/2-metrics/data.industryportal.enit.fr/manuservice__oquare.ttl
Inferece options:
class assertions
class hierarchy
data property assertions
data property hierarchy
different individuals
disjoint classes
object property assertions
object property hierarchy
same individuals
Running Hermit reasoner
org.semanticweb.HermiT.datatypes.UnsupportedDatatypeException: Literals can only use the datatypes from the OWL 2 datatype map, see 
http://www.w3.org/TR/owl2-syntax/#Datatype_Maps. 
The datatype 'http://www.w3.org/2000/01/rdf-schema#Literal' is not part of the OWL 2 datatype map and 
HermiT cannot parse this literal.
	at org.semanticweb.HermiT.datatypes.DatatypeRegistry.parseLiteral(DatatypeRegistry.java:96)
	at org.semanticweb.HermiT.model.Constant.create(Constant.java:89)
	at org.semanticweb.HermiT.structural.OWLClausification$DataRangeConverter.visit(OWLClausification.java:834)
	at uk.ac.manchester.cs.owl.owlapi.OWLLiteralImplNoCompression.accept(OWLLiteralImplNoCompression.java:279)
	at org.semanticweb.HermiT.structural.OWLClausification$FactClausifier.visit(OWLClausification.java:905)
	at uk.ac.manchester.cs.owl.owlapi.OWLDataPropertyAssertionAxiomImpl.accept(OWLDataPropertyAssertionAxiomImpl.java:97)
	at org.semanticweb.HermiT.structural.OWLClausification.clausify(OWLClausification.java:231)
	at org.semanticweb.HermiT.structural.OWLClausification.preprocessAndClausify(OWLClausification.java:154)
	at org.semanticweb.HermiT.Reasoner.loadOntology(Reasoner.java:221)
	at org.semanticweb.HermiT.Reasoner.<init>(Reasoner.java:212)
	at org.semanticweb.HermiT.Reasoner.<init>(Reasoner.java:175)
	at um.owlapiextension.reasoning.MyHermitReasoner.<init>(MyHermitReasoner.java:23)
	at um.owlapiextension.reasoning.MyReasonerFactory.createDefaultReasoner(MyReasonerFactory.java:16)
	at oquare.OquareBasicMetrics_OwlApi.<init>(OquareBasicMetrics_OwlApi.java:153)
	at oquare.OquareCharacteristicsAndSubcharacteristics.calculateOquareMetrics(OquareCharacteristicsAndSubcharacteristics.java:77)
	at oquare.OquareCharacteristicsAndSubcharacteristics.<init>(OquareCharacteristicsAndSubcharacteristics.java:63)
	at um.oquare.beans.OquareGen.createObject(OquareGen.java:51)
	at um.oquare.versions.tools.CalculateOquareMetrics.getOquareMetrics(CalculateOquareMetrics.java:19)
	at um.cmd.RunOquare.run(RunOquare.java:123)
	at um.cmd.RunOquare.main(RunOquare.java:42)
Error: "Literals can only use the datatypes from the OWL 2 datatype map, see 
http://www.w3.org/TR/owl2-syntax/#Datatype_Maps. 
The datatype 'http://www.w3.org/2000/01/rdf-schema#Literal' is not part of the OWL 2 datatype map and 
HermiT cannot parse this literal.".
Finish. Execution Time = 1661 msec
Calculate OQuare metrics  --ontology /home/jredondo/datos-jredondo/1-ontologySet/download/data.industryportal.enit.fr/iao-20230115-owl__iao.owl --outputFileXML /home/jredondo/datos-jredondo/2-metrics/data.industryportal.enit.fr/iao__oquare.xml --outputFileRDF /home/jredondo/datos-jredondo/2-metrics/data.industryportal.enit.fr/iao__oquare.ttl
Inferece options:
class assertions
class hierarchy
data property assertions
data property hierarchy
different individuals
disjoint classes
object property assertions
object property hierarchy
same individuals
Running Hermit reasoner
Classifying
Classifying time in 1461 msec
Building Neo4j graph from ontology model...
Graph builded in 7815 msec
Number of nodes: 265
Number of relationships: 460
[1/196] Searching paths from leaves (maxDepth=24)...Oquare metrics calculated in 19759 msec.
Results in xml saved in: "/home/jredondo/datos-jredondo/2-metrics/data.industryportal.enit.fr/iao__oquare.xml".
Node=<https://purl.archive.org/oquo#NumberOfClassesMetricScale>
  Path=<http://purl.org/net/QualityModel#hasRankigFunction>
  Message: minCount[1]: Invalid cardinality: expected min 1: Got count = 0
Results in rdf saved in: "/home/jredondo/datos-jredondo/2-metrics/data.industryportal.enit.fr/iao__oquare.ttl".
Finish. Execution Time = 32681 msec
